
WISCalculator v1.0
Author Derek Hower (drh5@cs.wisc.edu)
Type "help" for more information

Loading program...
Executing...
j 6
INUM:        0 PC: 0x0000
lbi r5, 0
INUM:        1 PC: 0x0008 REG: 5 VALUE: 0x0000
lbi r4, 0
INUM:        2 PC: 0x000a REG: 4 VALUE: 0x0000
lbi r4, 2
INUM:        3 PC: 0x000c REG: 4 VALUE: 0x0002
addi r4, r4, 10
INUM:        4 PC: 0x000e REG: 4 VALUE: 0x000c
jalr r4, -10
INUM:        5 PC: 0x0010 REG: 7 VALUE: 0x0012
lbi r5, -1
INUM:        6 PC: 0x0002 REG: 5 VALUE: 0xffff
jr r7, 0INUM:        7 PC: 0x0004
halt
program halted
INUM:        8 PC: 0x0012
Program Finished
