INUM:        0 PC: 0x0000 REG: 7 VALUE: 0x0002
INUM:        1 PC: 0x0012 REG: 1 VALUE: 0x0000
INUM:        2 PC: 0x0014 REG: 1 VALUE: 0x0000
INUM:        3 PC: 0x0016 REG: 2 VALUE: 0x0000
INUM:        4 PC: 0x0018 REG: 2 VALUE: 0x0000
INUM:        5 PC: 0x001a REG: 0 VALUE: 0x0001
INUM:        6 PC: 0x001c REG: 7 VALUE: 0x001e
INUM:        7 PC: 0x0002 REG: 7 VALUE: 0x0004
INUM:        8 PC: 0x001e REG: 3 VALUE: 0xffff
INUM:        9 PC: 0x0020 REG: 3 VALUE: 0xffff
INUM:       10 PC: 0x0022 REG: 4 VALUE: 0x0000
INUM:       11 PC: 0x0024 REG: 4 VALUE: 0x0000
INUM:       12 PC: 0x0026 REG: 5 VALUE: 0x0000
INUM:       13 PC: 0x0028 REG: 7 VALUE: 0x002a
INUM:       14 PC: 0x0004 REG: 7 VALUE: 0x0006
INUM:       15 PC: 0x002a REG: 6 VALUE: 0x0000
INUM:       16 PC: 0x002c REG: 6 VALUE: 0x0000
INUM:       17 PC: 0x002e REG: 0 VALUE: 0xffff
INUM:       18 PC: 0x0030 REG: 0 VALUE: 0xffff
INUM:       19 PC: 0x0032 REG: 1 VALUE: 0x0000
INUM:       20 PC: 0x0034 REG: 7 VALUE: 0x0036
INUM:       21 PC: 0x0006 REG: 7 VALUE: 0x0008
INUM:       22 PC: 0x0036 REG: 1 VALUE: 0xffff
INUM:       23 PC: 0x0038 REG: 1 VALUE: 0xffff
INUM:       24 PC: 0x003a REG: 2 VALUE: 0xffff
INUM:       25 PC: 0x003c REG: 2 VALUE: 0xffff
INUM:       26 PC: 0x003e REG: 3 VALUE: 0x0001
INUM:       27 PC: 0x0040 REG: 7 VALUE: 0x0042
INUM:       28 PC: 0x0008 REG: 7 VALUE: 0x000a
INUM:       29 PC: 0x0042 REG: 6 VALUE: 0x0002
INUM:       30 PC: 0x0044 REG: 6 VALUE: 0x0202
INUM:       31 PC: 0x0046 REG: 4 VALUE: 0xffff
INUM:       32 PC: 0x0048 REG: 4 VALUE: 0xffff
INUM:       33 PC: 0x004a REG: 1 VALUE: 0x0000
INUM:       34 PC: 0x004c REG: 7 VALUE: 0x004e
INUM:       35 PC: 0x000a REG: 7 VALUE: 0x000c
INUM:       36 PC: 0x004e REG: 6 VALUE: 0x0002
INUM:       37 PC: 0x0050 REG: 6 VALUE: 0x0202
INUM:       38 PC: 0x0052 REG: 5 VALUE: 0x0000
INUM:       39 PC: 0x0054 REG: 5 VALUE: 0x0000
INUM:       40 PC: 0x0056 REG: 1 VALUE: 0x0000
INUM:       41 PC: 0x0058 REG: 7 VALUE: 0x005a
INUM:       42 PC: 0x000c REG: 7 VALUE: 0x000e
INUM:       43 PC: 0x005a REG: 6 VALUE: 0x0002
INUM:       44 PC: 0x005c REG: 6 VALUE: 0x0202
INUM:       45 PC: 0x005e REG: 3 VALUE: 0x0004
INUM:       46 PC: 0x0060 REG: 3 VALUE: 0x0404
INUM:       47 PC: 0x0062 REG: 1 VALUE: 0x0000
INUM:       48 PC: 0x0064 REG: 7 VALUE: 0x0066
INUM:       49 PC: 0x000e REG: 7 VALUE: 0x0010
INUM:       50 PC: 0x0066 REG: 6 VALUE: 0x0002
INUM:       51 PC: 0x0068 REG: 6 VALUE: 0x0202
INUM:       52 PC: 0x006a REG: 2 VALUE: 0x0002
INUM:       53 PC: 0x006c REG: 2 VALUE: 0x0202
INUM:       54 PC: 0x006e REG: 1 VALUE: 0x0001
INUM:       55 PC: 0x0070 REG: 7 VALUE: 0x0072
INUM:       56 PC: 0x0010 REG: 7 VALUE: 0x0012
INUM:       57 PC: 0x0072 REG: 6 VALUE: 0x0004
INUM:       58 PC: 0x0074 REG: 6 VALUE: 0x0404
INUM:       59 PC: 0x0076 REG: 1 VALUE: 0x0002
INUM:       60 PC: 0x0078 REG: 1 VALUE: 0x0202
INUM:       61 PC: 0x007a REG: 1 VALUE: 0x0000
INUM:       62 PC: 0x007c REG: 7 VALUE: 0x007e
INUM:       63 PC: 0x0012 REG: 1 VALUE: 0x0000
INUM:       64 PC: 0x0014 REG: 1 VALUE: 0x0000
INUM:       65 PC: 0x0016 REG: 2 VALUE: 0x0000
INUM:       66 PC: 0x0018 REG: 2 VALUE: 0x0000
INUM:       67 PC: 0x001a REG: 0 VALUE: 0x0001
INUM:       68 PC: 0x001c REG: 7 VALUE: 0x001e
INUM:       69 PC: 0x007e
