SIMLOG:: Cycle           4 PC: 00000000 I: 00003010 R: 0   0 00000000 M: 0 0 00000000 00000000
SIMLOG:: Cycle           5 PC: 00000002 I: 0000301a R: 0   0 00000000 M: 0 0 00000000 00000000
SIMLOG:: Cycle           6 PC: 00000004 I: 00003024 R: 0   0 00000000 M: 0 0 00000000 00000000
SIMLOG:: Cycle           7 PC: 00000012 I: 0000c100 R: 0   0 00000000 M: 0 0 00000000 00000000
SIMLOG:: Cycle           8 PC: 00000014 I: 00009100 R: 1   7 00000002 M: 0 0 00000000 00000000
SIMLOG:: Cycle           9 PC: 00000016 I: 0000c200 R: 0   0 00000000 M: 0 0 00000000 00000000
SIMLOG:: Cycle          10 PC: 00000018 I: 00009200 R: 0   0 00000000 M: 0 0 00000000 00000000
SIMLOG:: Cycle          11 PC: 0000001a I: 0000e140 R: 1   1 00000000 M: 0 0 00000000 00000000
SIMLOG:: Cycle          12 PC: 0000001c I: 00003f00 R: 1   1 00000000 M: 0 0 00000000 00000000
SIMLOG:: Cycle          13 PC: 0000001e I: 0000c3ff R: 1   2 00000000 M: 0 0 00000000 00000000
SIMLOG:: Cycle          14 PC: 00000020 I: 000093ff R: 0   2 00000000 M: 0 0 00000001 00000000
SIMLOG:: Cycle          15 PC: 00000002 I: 0000301a R: 1   0 00000001 M: 0 0 00000002 00000000
SIMLOG:: Cycle          16 PC: 00000004 I: 00003024 R: 1   7 0000001e M: 0 0 00000002 00000000
SIMLOG:: Cycle          17 PC: 00000006 I: 0000302e R: 0   0 00000002 M: 0 0 00000002 00000001
SIMLOG:: Cycle          18 PC: 0000001e I: 0000c3ff R: 0   0 00000002 M: 0 0 00000002 00000001
SIMLOG:: Cycle          19 PC: 00000020 I: 000093ff R: 1   7 00000004 M: 0 0 00000000 00000000
SIMLOG:: Cycle          20 PC: 00000022 I: 0000c400 R: 0   0 00000000 M: 0 0 00000002 00000001
SIMLOG:: Cycle          21 PC: 00000024 I: 00009400 R: 0   0 00000002 M: 0 0 0000ffff 00000004
SIMLOG:: Cycle          22 PC: 00000026 I: 0000e394 R: 1   3 0000ffff M: 0 0 0000ffff 00000004
SIMLOG:: Cycle          23 PC: 00000028 I: 00003f00 R: 1   3 0000ffff M: 0 0 00000000 00000001
SIMLOG:: Cycle          24 PC: 0000002a I: 0000c600 R: 1   4 00000000 M: 0 0 00000000 00000001
SIMLOG:: Cycle          25 PC: 0000002c I: 00009600 R: 0   4 00000000 M: 0 0 00000000 00000000
SIMLOG:: Cycle          26 PC: 00000004 I: 00003024 R: 1   5 00000000 M: 0 0 00000004 00000001
SIMLOG:: Cycle          27 PC: 00000006 I: 0000302e R: 1   7 0000002a M: 0 0 00000000 00000000
SIMLOG:: Cycle          28 PC: 00000008 I: 00003038 R: 0   0 00000000 M: 0 0 00000002 00000001
SIMLOG:: Cycle          29 PC: 0000002a I: 0000c600 R: 0   0 00000002 M: 0 0 00000001 00000000
SIMLOG:: Cycle          30 PC: 0000002c I: 00009600 R: 1   7 00000006 M: 0 0 00000000 00000000
SIMLOG:: Cycle          31 PC: 0000002e I: 0000c0ff R: 0   0 00000000 M: 0 0 00000002 00000001
SIMLOG:: Cycle          32 PC: 00000030 I: 000090ff R: 0   0 00000002 M: 0 0 00000000 00000001
SIMLOG:: Cycle          33 PC: 00000032 I: 0000e604 R: 1   6 00000000 M: 0 0 00000000 00000001
SIMLOG:: Cycle          34 PC: 00000034 I: 00003f00 R: 1   6 00000000 M: 0 0 0000ffff 00000006
SIMLOG:: Cycle          35 PC: 00000036 I: 0000c1ff R: 1   0 0000ffff M: 0 0 0000ffff 00000006
SIMLOG:: Cycle          36 PC: 00000038 I: 000091ff R: 0   0 0000ffff M: 0 0 00000000 00000001
SIMLOG:: Cycle          37 PC: 00000006 I: 0000302e R: 1   1 00000000 M: 0 0 00000006 0000ffff
SIMLOG:: Cycle          38 PC: 00000008 I: 00003038 R: 1   7 00000036 M: 0 0 00000000 00000000
SIMLOG:: Cycle          39 PC: 0000000a I: 00003042 R: 0   0 00000000 M: 0 0 0000ffff 0000ffff
SIMLOG:: Cycle          40 PC: 00000036 I: 0000c1ff R: 0   0 0000ffff M: 0 0 0000ffff 00000000
SIMLOG:: Cycle          41 PC: 00000038 I: 000091ff R: 1   7 00000008 M: 0 0 00000000 00000000
SIMLOG:: Cycle          42 PC: 0000003a I: 0000c2ff R: 0   0 00000000 M: 0 0 0000ffff 0000ffff
SIMLOG:: Cycle          43 PC: 0000003c I: 000092ff R: 0   0 0000ffff M: 0 0 0000ffff 00000008
SIMLOG:: Cycle          44 PC: 0000003e I: 0000e14c R: 1   1 0000ffff M: 0 0 0000ffff 00000008
SIMLOG:: Cycle          45 PC: 00000040 I: 00003f00 R: 1   1 0000ffff M: 0 0 0000ffff 00000008
SIMLOG:: Cycle          46 PC: 00000042 I: 0000c602 R: 1   2 0000ffff M: 0 0 0000ffff 00000008
SIMLOG:: Cycle          47 PC: 00000044 I: 00009602 R: 0   2 0000ffff M: 0 0 00000001 00000000
SIMLOG:: Cycle          48 PC: 00000008 I: 00003038 R: 1   3 00000001 M: 0 0 00000008 0000ffff
SIMLOG:: Cycle          49 PC: 0000000a I: 00003042 R: 1   7 00000042 M: 0 0 00000000 00000000
SIMLOG:: Cycle          50 PC: 0000000c I: 0000304c R: 0   0 00000000 M: 0 0 0000ffff 0000ffff
SIMLOG:: Cycle          51 PC: 00000042 I: 0000c602 R: 0   0 0000ffff M: 0 0 0000ffff 0000ffff
SIMLOG:: Cycle          52 PC: 00000044 I: 00009602 R: 1   7 0000000a M: 0 0 00000000 00000000
SIMLOG:: Cycle          53 PC: 00000046 I: 0000c4ff R: 0   0 00000000 M: 0 0 0000ffff 0000ffff
SIMLOG:: Cycle          54 PC: 00000048 I: 000094ff R: 0   0 0000ffff M: 0 0 00000002 0000ffff
SIMLOG:: Cycle          55 PC: 0000004a I: 0000e684 R: 1   6 00000002 M: 0 0 00000202 0000ffff
SIMLOG:: Cycle          56 PC: 0000004c I: 00003f00 R: 1   6 00000202 M: 0 0 0000ffff 0000000a
SIMLOG:: Cycle          57 PC: 0000004e I: 0000c602 R: 1   4 0000ffff M: 0 0 0000ffff 0000000a
SIMLOG:: Cycle          58 PC: 00000050 I: 00009602 R: 0   4 0000ffff M: 0 0 00000000 00000000
SIMLOG:: Cycle          59 PC: 0000000a I: 00003042 R: 1   1 00000000 M: 0 0 0000000a 0000ffff
SIMLOG:: Cycle          60 PC: 0000000c I: 0000304c R: 1   7 0000004e M: 0 0 00000000 00000000
SIMLOG:: Cycle          61 PC: 0000000e I: 00003056 R: 0   0 00000000 M: 0 0 0000ffff 0000ffff
SIMLOG:: Cycle          62 PC: 0000004e I: 0000c602 R: 0   0 0000ffff M: 0 0 0000ffff 0000ffff
SIMLOG:: Cycle          63 PC: 00000050 I: 00009602 R: 1   7 0000000c M: 0 0 00000000 00000000
SIMLOG:: Cycle          64 PC: 00000052 I: 0000c500 R: 0   0 00000000 M: 0 0 0000ffff 0000ffff
SIMLOG:: Cycle          65 PC: 00000054 I: 00009500 R: 0   0 0000ffff M: 0 0 00000002 0000ffff
SIMLOG:: Cycle          66 PC: 00000056 I: 0000e6a4 R: 1   6 00000002 M: 0 0 00000202 0000ffff
SIMLOG:: Cycle          67 PC: 00000058 I: 00003f00 R: 1   6 00000202 M: 0 0 00000000 0000ffff
SIMLOG:: Cycle          68 PC: 0000005a I: 0000c602 R: 1   5 00000000 M: 0 0 00000000 0000ffff
SIMLOG:: Cycle          69 PC: 0000005c I: 00009602 R: 0   5 00000000 M: 0 0 00000000 00000000
SIMLOG:: Cycle          70 PC: 0000000c I: 0000304c R: 1   1 00000000 M: 0 0 0000000c 0000ffff
SIMLOG:: Cycle          71 PC: 0000000e I: 00003056 R: 1   7 0000005a M: 0 0 00000000 00000000
SIMLOG:: Cycle          72 PC: 00000010 I: 00003060 R: 0   0 00000000 M: 0 0 0000ffff 0000ffff
SIMLOG:: Cycle          73 PC: 0000005a I: 0000c602 R: 0   0 0000ffff M: 0 0 0000ffff 0000ffff
SIMLOG:: Cycle          74 PC: 0000005c I: 00009602 R: 1   7 0000000e M: 0 0 00000000 00000000
SIMLOG:: Cycle          75 PC: 0000005e I: 0000c304 R: 0   0 00000000 M: 0 0 0000ffff 0000ffff
SIMLOG:: Cycle          76 PC: 00000060 I: 00009304 R: 0   0 0000ffff M: 0 0 00000002 0000ffff
SIMLOG:: Cycle          77 PC: 00000062 I: 0000e664 R: 1   6 00000002 M: 0 0 00000202 0000ffff
SIMLOG:: Cycle          78 PC: 00000064 I: 00003f00 R: 1   6 00000202 M: 0 0 00000004 0000ffff
SIMLOG:: Cycle          79 PC: 00000066 I: 0000c602 R: 1   3 00000004 M: 0 0 00000404 0000ffff
SIMLOG:: Cycle          80 PC: 00000068 I: 00009602 R: 0   3 00000404 M: 0 0 00000000 00000001
SIMLOG:: Cycle          81 PC: 0000000e I: 00003056 R: 1   1 00000000 M: 0 0 0000000e 0000ffff
SIMLOG:: Cycle          82 PC: 00000010 I: 00003060 R: 1   7 00000066 M: 0 0 00000000 00000000
SIMLOG:: Cycle          83 PC: 00000012 I: 0000c100 R: 0   0 00000000 M: 0 0 0000ffff 0000ffff
SIMLOG:: Cycle          84 PC: 00000066 I: 0000c602 R: 0   0 0000ffff M: 0 0 0000ffff 0000ffff
SIMLOG:: Cycle          85 PC: 00000068 I: 00009602 R: 1   7 00000010 M: 0 0 00000000 00000000
SIMLOG:: Cycle          86 PC: 0000006a I: 0000c202 R: 0   0 00000000 M: 0 0 0000ffff 0000ffff
SIMLOG:: Cycle          87 PC: 0000006c I: 00009202 R: 0   0 0000ffff M: 0 0 00000002 0000ffff
SIMLOG:: Cycle          88 PC: 0000006e I: 0000e644 R: 1   6 00000002 M: 0 0 00000202 0000ffff
SIMLOG:: Cycle          89 PC: 00000070 I: 00003f00 R: 1   6 00000202 M: 0 0 00000002 0000ffff
SIMLOG:: Cycle          90 PC: 00000072 I: 0000c604 R: 1   2 00000002 M: 0 0 00000202 0000ffff
SIMLOG:: Cycle          91 PC: 00000074 I: 00009604 R: 0   2 00000202 M: 0 0 00000001 0000ffff
SIMLOG:: Cycle          92 PC: 00000010 I: 00003060 R: 1   1 00000001 M: 0 0 00000010 0000ffff
SIMLOG:: Cycle          93 PC: 00000012 I: 0000c100 R: 1   7 00000072 M: 0 0 00000000 00000000
SIMLOG:: Cycle          94 PC: 00000014 I: 00009100 R: 0   0 00000000 M: 0 0 0000ffff 0000ffff
SIMLOG:: Cycle          95 PC: 00000072 I: 0000c604 R: 0   0 0000ffff M: 0 0 0000ffff 00000004
SIMLOG:: Cycle          96 PC: 00000074 I: 00009604 R: 1   7 00000012 M: 0 0 00000000 00000000
SIMLOG:: Cycle          97 PC: 00000076 I: 0000c102 R: 0   0 00000000 M: 0 0 0000ffff 0000ffff
SIMLOG:: Cycle          98 PC: 00000078 I: 00009102 R: 0   0 0000ffff M: 0 0 00000004 0000ffff
SIMLOG:: Cycle          99 PC: 0000007a I: 0000e624 R: 1   6 00000004 M: 0 0 00000404 0000ffff
SIMLOG:: Cycle         100 PC: 0000007c I: 00003f00 R: 1   6 00000404 M: 0 0 00000002 0000ffff
SIMLOG:: Cycle         101 PC: 0000007e I: 00000000 R: 1   1 00000002 M: 0 0 00000202 0000ffff
SIMLOG:: Cycle         102 PC: 00000080 I: 00000000 R: 0   1 00000202 M: 0 0 00000000 00000001
SIMLOG:: Cycle         103 PC: 00000080 I: 00000000 R: 1   1 00000000 M: 0 0 00000012 0000ffff
SIMLOG:: Cycle         104 PC: 00000082 I: 00000000 R: 1   7 0000007e M: 0 0 00000000 00000000
SIMLOG:: Cycle         105 PC: 00000082 I: 00000000 R: 0   0 00000000 M: 0 0 0000ffff 0000ffff
SIMLOG:: Cycle         106 PC: 00000082 I: 00000000 R: 0   0 0000ffff M: 0 0 00000000 00000000
SIMLOG:: Cycle         107 PC: 00000082 I: 00000000 R: 0   0 00000000 M: 0 0 00000000 00000000
SIMLOG:: Processor halted

SIMLOG:: sim_cycles         107

SIMLOG:: inst_count          55

SIMLOG:: dcachehit_count           0

SIMLOG:: icachehit_count           0

SIMLOG:: dcachereq_count           0

SIMLOG:: icachereq_count           0

