/u/s/i/sinclair/courses/cs552/spring2022/handouts/testprograms/public/inst_tests/j_0.asm RELAX-PASS
/u/s/i/sinclair/courses/cs552/spring2022/handouts/testprograms/public/inst_tests/j_1.asm RELAX-PASS
/u/s/i/sinclair/courses/cs552/spring2022/handouts/testprograms/public/inst_tests/j_2.asm SUCCESS CPI:14.4 CYCLES:29 ICOUNT:2 IHITRATE: 0 DHITRATE: 0
/u/s/i/sinclair/courses/cs552/spring2022/handouts/testprograms/public/inst_tests/j_3.asm SUCCESS CPI:26.7 CYCLES:27 ICOUNT:1 IHITRATE: 0 DHITRATE: 0
/u/s/i/sinclair/courses/cs552/spring2022/handouts/testprograms/public/inst_tests/j_4.asm FAILED
/u/s/i/sinclair/courses/cs552/spring2022/handouts/testprograms/public/inst_tests/jal_0.asm RELAX-PASS
/u/s/i/sinclair/courses/cs552/spring2022/handouts/testprograms/public/inst_tests/jal_1.asm RELAX-PASS
/u/s/i/sinclair/courses/cs552/spring2022/handouts/testprograms/public/inst_tests/jal_10.asm RELAX-PASS
/u/s/i/sinclair/courses/cs552/spring2022/handouts/testprograms/public/inst_tests/jal_11.asm FAILED
/u/s/i/sinclair/courses/cs552/spring2022/handouts/testprograms/public/inst_tests/jal_12.asm RELAX-PASS
/u/s/i/sinclair/courses/cs552/spring2022/handouts/testprograms/public/inst_tests/jal_15.asm RELAX-PASS
/u/s/i/sinclair/courses/cs552/spring2022/handouts/testprograms/public/inst_tests/jal_16.asm RELAX-PASS
/u/s/i/sinclair/courses/cs552/spring2022/handouts/testprograms/public/inst_tests/jal_17.asm RELAX-PASS
/u/s/i/sinclair/courses/cs552/spring2022/handouts/testprograms/public/inst_tests/jal_19.asm FAILED
/u/s/i/sinclair/courses/cs552/spring2022/handouts/testprograms/public/inst_tests/jal_2.asm RELAX-PASS
/u/s/i/sinclair/courses/cs552/spring2022/handouts/testprograms/public/inst_tests/jal_22.asm RELAX-PASS
/u/s/i/sinclair/courses/cs552/spring2022/handouts/testprograms/public/inst_tests/jal_24.asm RELAX-PASS
/u/s/i/sinclair/courses/cs552/spring2022/handouts/testprograms/public/inst_tests/jal_25.asm RELAX-PASS
/u/s/i/sinclair/courses/cs552/spring2022/handouts/testprograms/public/inst_tests/jal_26.asm FAILED
/u/s/i/sinclair/courses/cs552/spring2022/handouts/testprograms/public/inst_tests/jal_27.asm FAILED
/u/s/i/sinclair/courses/cs552/spring2022/handouts/testprograms/public/inst_tests/jal_28.asm RELAX-PASS
/u/s/i/sinclair/courses/cs552/spring2022/handouts/testprograms/public/inst_tests/jal_29.asm RELAX-PASS
/u/s/i/sinclair/courses/cs552/spring2022/handouts/testprograms/public/inst_tests/jal_3.asm RELAX-PASS
/u/s/i/sinclair/courses/cs552/spring2022/handouts/testprograms/public/inst_tests/jal_30.asm FAILED
/u/s/i/sinclair/courses/cs552/spring2022/handouts/testprograms/public/inst_tests/jal_31.asm RELAX-PASS
/u/s/i/sinclair/courses/cs552/spring2022/handouts/testprograms/public/inst_tests/jal_32.asm RELAX-PASS
/u/s/i/sinclair/courses/cs552/spring2022/handouts/testprograms/public/inst_tests/jal_33.asm RELAX-PASS
/u/s/i/sinclair/courses/cs552/spring2022/handouts/testprograms/public/inst_tests/jal_35.asm FAILED
/u/s/i/sinclair/courses/cs552/spring2022/handouts/testprograms/public/inst_tests/jal_36.asm FAILED
/u/s/i/sinclair/courses/cs552/spring2022/handouts/testprograms/public/inst_tests/jal_4.asm FAILED
/u/s/i/sinclair/courses/cs552/spring2022/handouts/testprograms/public/inst_tests/jal_5.asm FAILED
/u/s/i/sinclair/courses/cs552/spring2022/handouts/testprograms/public/inst_tests/jal_6.asm FAILED
/u/s/i/sinclair/courses/cs552/spring2022/handouts/testprograms/public/inst_tests/jal_8.asm RELAX-PASS
/u/s/i/sinclair/courses/cs552/spring2022/handouts/testprograms/public/inst_tests/jalr_0.asm RELAX-PASS
/u/s/i/sinclair/courses/cs552/spring2022/handouts/testprograms/public/inst_tests/jalr_1.asm FAILED
/u/s/i/sinclair/courses/cs552/spring2022/handouts/testprograms/public/inst_tests/jalr_11.asm FAILED
/u/s/i/sinclair/courses/cs552/spring2022/handouts/testprograms/public/inst_tests/jalr_12.asm FAILED
/u/s/i/sinclair/courses/cs552/spring2022/handouts/testprograms/public/inst_tests/jalr_13.asm FAILED
/u/s/i/sinclair/courses/cs552/spring2022/handouts/testprograms/public/inst_tests/jalr_14.asm FAILED
/u/s/i/sinclair/courses/cs552/spring2022/handouts/testprograms/public/inst_tests/jalr_15.asm RELAX-PASS
/u/s/i/sinclair/courses/cs552/spring2022/handouts/testprograms/public/inst_tests/jalr_16.asm RELAX-PASS
/u/s/i/sinclair/courses/cs552/spring2022/handouts/testprograms/public/inst_tests/jalr_17.asm FAILED
/u/s/i/sinclair/courses/cs552/spring2022/handouts/testprograms/public/inst_tests/jalr_18.asm FAILED
/u/s/i/sinclair/courses/cs552/spring2022/handouts/testprograms/public/inst_tests/jalr_19.asm FAILED
/u/s/i/sinclair/courses/cs552/spring2022/handouts/testprograms/public/inst_tests/jalr_2.asm RELAX-PASS
/u/s/i/sinclair/courses/cs552/spring2022/handouts/testprograms/public/inst_tests/jalr_27.asm FAILED
/u/s/i/sinclair/courses/cs552/spring2022/handouts/testprograms/public/inst_tests/jalr_28.asm FAILED
/u/s/i/sinclair/courses/cs552/spring2022/handouts/testprograms/public/inst_tests/jalr_29.asm RELAX-PASS
/u/s/i/sinclair/courses/cs552/spring2022/handouts/testprograms/public/inst_tests/jalr_3.asm FAILED
/u/s/i/sinclair/courses/cs552/spring2022/handouts/testprograms/public/inst_tests/jalr_30.asm RELAX-PASS
/u/s/i/sinclair/courses/cs552/spring2022/handouts/testprograms/public/inst_tests/jalr_31.asm FAILED
/u/s/i/sinclair/courses/cs552/spring2022/handouts/testprograms/public/inst_tests/jalr_32.asm FAILED
/u/s/i/sinclair/courses/cs552/spring2022/handouts/testprograms/public/inst_tests/jalr_33.asm FAILED
/u/s/i/sinclair/courses/cs552/spring2022/handouts/testprograms/public/inst_tests/jalr_34.asm FAILED
/u/s/i/sinclair/courses/cs552/spring2022/handouts/testprograms/public/inst_tests/jalr_36.asm RELAX-PASS
/u/s/i/sinclair/courses/cs552/spring2022/handouts/testprograms/public/inst_tests/jalr_4.asm FAILED
/u/s/i/sinclair/courses/cs552/spring2022/handouts/testprograms/public/inst_tests/jalr_5.asm FAILED
/u/s/i/sinclair/courses/cs552/spring2022/handouts/testprograms/public/inst_tests/jalr_6.asm FAILED
/u/s/i/sinclair/courses/cs552/spring2022/handouts/testprograms/public/inst_tests/jalr_7.asm FAILED
/u/s/i/sinclair/courses/cs552/spring2022/handouts/testprograms/public/inst_tests/jr_0.asm RELAX-PASS
