
WISCalculator v1.0
Author Derek Hower (drh5@cs.wisc.edu)
Type "help" for more information

Loading program...
Executing...
j 12
INUM:        0 PC: 0x0000
lbi r1, 0
INUM:        1 PC: 0x000e REG: 1 VALUE: 0x0000
exception: Illegal Opcode
INUM:        2 PC: 0x0010
lbi r1, 0
INUM:        3 PC: 0x0002 REG: 1 VALUE: 0x0000
lbi r4, 2
INUM:        4 PC: 0x0004 REG: 4 VALUE: 0x0002
ld r5, r4, 0
INUM:        5 PC: 0x0006 REG: 5 VALUE: 0xc100 ADDR: 0x0002
lbi r7, -67
INUM:        6 PC: 0x0008 REG: 7 VALUE: 0xffbd
rti: PC 8, EPC: 9
INUM:        7 PC: 0x000a
lbi r4, 44
INUM:        8 PC: 0x0012 REG: 4 VALUE: 0x002c
halt
program halted
INUM:        9 PC: 0x0014
Program Finished
