SIMLOG:: Cycle           4 PC: 00000000 I: 00000800 R: 0   0 00000000 M: 0 0 00000000 00000000
SIMLOG:: Cycle           5 PC: 00000000 I: 00000800 R: 0   0 00000000 M: 0 0 00000000 00000000
SIMLOG:: Cycle           6 PC: 00000000 I: 00000800 R: 0   0 00000000 M: 0 0 00000000 00000000
SIMLOG:: Cycle           7 PC: 00000000 I: 00000800 R: 0   0 00000000 M: 0 0 00000000 00000000
SIMLOG:: Cycle           8 PC: 00000000 I: 00000800 R: 0   0 00000000 M: 0 0 00000000 00000000
SIMLOG:: Cycle           9 PC: 00000000 I: 00000800 R: 0   0 00000000 M: 0 0 00000000 00000000
SIMLOG:: Cycle          10 PC: 00000000 I: 00000800 R: 0   0 00000000 M: 0 0 00000000 00000000
SIMLOG:: Cycle          11 PC: 00000000 I: 00000800 R: 0   0 00000000 M: 0 0 00000000 00000000
SIMLOG:: Cycle          12 PC: 00000000 I: 0000200c R: 0   0 00000000 M: 0 0 00000000 00000000
SIMLOG:: Cycle          13 PC: 00000002 I: 00000800 R: 0   0 00000000 M: 0 0 00000000 00000000
SIMLOG:: Cycle          14 PC: 00000002 I: 00000800 R: 0   0 00000000 M: 0 0 00000000 00000000
SIMLOG:: Cycle          15 PC: 00000002 I: 0000c100 R: 0   0 00000000 M: 0 0 00000000 00000000
SIMLOG:: Cycle          16 PC: 0000000e I: 00000800 R: 0   0 00000000 M: 0 0 00000000 00000000
SIMLOG:: Cycle          17 PC: 0000000e I: 00000800 R: 0   0 00000000 M: 0 0 00000000 00000000
SIMLOG:: Cycle          18 PC: 0000000e I: 00000800 R: 0   0 00000000 M: 0 0 00000000 00000000
SIMLOG:: Cycle          19 PC: 0000000e I: 00000800 R: 0   0 00000000 M: 0 0 00000000 00000000
SIMLOG:: Cycle          20 PC: 0000000e I: 00000800 R: 0   0 00000000 M: 0 0 00000000 00000000
SIMLOG:: Cycle          21 PC: 0000000e I: 00000800 R: 0   0 00000000 M: 0 0 00000000 00000000
SIMLOG:: Cycle          22 PC: 0000000e I: 00000800 R: 0   0 00000000 M: 0 0 00000000 00000000
SIMLOG:: Cycle          23 PC: 0000000e I: 00000800 R: 0   0 00000000 M: 0 0 00000000 00000000
SIMLOG:: Cycle          24 PC: 0000000e I: 0000c100 R: 0   0 00000000 M: 0 0 00000000 00000000
SIMLOG:: Cycle          25 PC: 00000010 I: 00000800 R: 0   0 00000000 M: 0 0 00000000 00000000
SIMLOG:: Cycle          26 PC: 00000010 I: 00000800 R: 0   0 00000000 M: 0 0 00000000 00000000
SIMLOG:: Cycle          27 PC: 00000010 I: 00000800 R: 0   0 00000000 M: 0 0 00000000 00000000
SIMLOG:: Cycle          28 PC: 00000010 I: 00000800 R: 1   1 00000000 M: 0 0 00000000 00000000
SIMLOG:: Cycle          29 PC: 00000010 I: 00000800 R: 0   0 00000000 M: 0 0 00000000 00000000
SIMLOG:: Cycle          30 PC: 00000010 I: 00000800 R: 0   0 00000000 M: 0 0 00000000 00000000
SIMLOG:: Cycle          31 PC: 00000010 I: 00000800 R: 0   0 00000000 M: 0 0 00000000 00000000
SIMLOG:: Cycle          32 PC: 00000010 I: 00000800 R: 0   0 00000000 M: 0 0 00000000 00000000
SIMLOG:: Cycle          33 PC: 00000010 I: 00001600 R: 0   0 00000000 M: 0 0 00000000 00000000
SIMLOG:: Cycle          34 PC: 00000012 I: 00000800 R: 0   0 00000000 M: 0 0 00000000 00000000
SIMLOG:: Cycle          35 PC: 00000002 I: 00000800 R: 0   0 00000000 M: 0 0 00000000 00000000
SIMLOG:: Cycle          36 PC: 00000002 I: 0000c100 R: 0   0 00000000 M: 0 0 00000000 00000000
SIMLOG:: Cycle          37 PC: 00000004 I: 00000800 R: 0   6 00000012 M: 0 0 00000000 00000000
SIMLOG:: Cycle          38 PC: 00000004 I: 00000800 R: 0   0 00000000 M: 0 0 00000000 00000000
SIMLOG:: Cycle          39 PC: 00000004 I: 0000c402 R: 0   0 00000000 M: 0 0 00000000 00000000
SIMLOG:: Cycle          40 PC: 00000006 I: 00000800 R: 1   1 00000000 M: 0 0 00000000 00000000
SIMLOG:: Cycle          41 PC: 00000006 I: 00000800 R: 0   0 00000000 M: 0 0 00000000 00000000
SIMLOG:: Cycle          42 PC: 00000006 I: 00008ca0 R: 0   0 00000000 M: 0 0 00000002 00000000
SIMLOG:: Cycle          43 PC: 00000008 I: 00000800 R: 1   4 00000002 M: 0 0 00000000 00000000
SIMLOG:: Cycle          44 PC: 00000008 I: 00000800 R: 0   0 00000000 M: 0 0 00000000 00000000
SIMLOG:: Cycle          45 PC: 00000008 I: 0000c7bd R: 0   0 00000000 M: 0 0 00000002 00000000
SIMLOG:: Cycle          46 PC: 00000008 I: 00000800 R: 0   0 00000000 M: 0 0 00000002 00000000
SIMLOG:: Cycle          47 PC: 00000008 I: 00000800 R: 0   0 00000000 M: 0 0 00000002 00000000
SIMLOG:: Cycle          48 PC: 00000008 I: 0000c7bd R: 0   0 00000000 M: 0 0 00000002 00000000
SIMLOG:: Cycle          49 PC: 00000008 I: 00000800 R: 0   0 00000000 M: 0 0 00000002 00000000
SIMLOG:: Cycle          50 PC: 00000008 I: 00000800 R: 0   0 00000000 M: 0 0 00000002 00000000
SIMLOG:: Cycle          51 PC: 00000008 I: 0000c7bd R: 0   0 00000000 M: 0 0 00000002 00000000
SIMLOG:: Cycle          52 PC: 00000008 I: 00000800 R: 0   0 00000000 M: 0 0 00000002 00000000
SIMLOG:: Cycle          53 PC: 00000008 I: 00000800 R: 0   0 00000000 M: 1 0 00000002 00000000
SIMLOG:: Cycle          54 PC: 00000008 I: 0000c7bd R: 1   5 0000c100 M: 0 0 00000000 00000000
SIMLOG:: Cycle          55 PC: 0000000a I: 00000800 R: 0   0 00000000 M: 0 0 00000000 00000000
SIMLOG:: Cycle          56 PC: 0000000a I: 00000800 R: 0   0 00000000 M: 0 0 00000000 00000000
SIMLOG:: Cycle          57 PC: 0000000a I: 00001800 R: 0   0 00000000 M: 0 0 0000ffbd 0000c100
SIMLOG:: Cycle          58 PC: 0000000c I: 00000800 R: 1   7 0000ffbd M: 0 0 00000000 00000000
SIMLOG:: Cycle          59 PC: 00000012 I: 00000800 R: 0   0 00000000 M: 0 0 00000000 00000000
SIMLOG:: Cycle          60 PC: 00000012 I: 0000c42c R: 0   0 00000000 M: 0 0 00000000 00000000
SIMLOG:: Cycle          61 PC: 00000014 I: 00000800 R: 0   0 00000000 M: 0 0 00000000 00000000
SIMLOG:: Cycle          62 PC: 00000014 I: 00000800 R: 0   0 00000000 M: 0 0 00000000 00000000
SIMLOG:: Cycle          63 PC: 00000014 I: 00000000 R: 0   0 00000000 M: 0 0 0000002c 00000000
SIMLOG:: Cycle          64 PC: 00000016 I: 00000800 R: 1   4 0000002c M: 0 0 00000000 00000000
SIMLOG:: Cycle          65 PC: 00000016 I: 00000800 R: 0   0 00000000 M: 0 0 00000000 00000000
SIMLOG:: Cycle          66 PC: 00000016 I: 00000000 R: 0   0 00000000 M: 0 0 00000000 00000000
SIMLOG:: Cycle          67 PC: 00000018 I: 00000800 R: 0   0 00000000 M: 0 0 00000000 00000000
SIMLOG:: Processor halted

SIMLOG:: sim_cycles          67

SIMLOG:: inst_count           7

SIMLOG:: dcachehit_count           0

SIMLOG:: icachehit_count          12

SIMLOG:: dcachereq_count           0

SIMLOG:: icachereq_count           9

