
WISCalculator v1.0
Author Derek Hower (drh5@cs.wisc.edu)
Type "help" for more information

Loading program...
Executing...
lbi r1, -10
INUM:        0 PC: 0x0000 REG: 1 VALUE: 0xfff6
bgez r1, 6
INUM:        1 PC: 0x0002
lbi r2, 0
INUM:        2 PC: 0x0004 REG: 2 VALUE: 0x0000
addi r2, r2, 2
INUM:        3 PC: 0x0006 REG: 2 VALUE: 0x0002
addi r2, r2, 2
INUM:        4 PC: 0x0008 REG: 2 VALUE: 0x0004
bgez r1, 0
INUM:        5 PC: 0x000a
bgez r1, 0
INUM:        6 PC: 0x000c
bgez r1, 0
INUM:        7 PC: 0x000e
addi r1, r1, 11
INUM:        8 PC: 0x0010 REG: 1 VALUE: 0x0001
bgez r1, 4
INUM:        9 PC: 0x0012
halt
program halted
INUM:       10 PC: 0x0018
Program Finished
