SIMLOG:: Cycle           4 PC: 00000000 I: 00000800 R: 0   0 00000000 M: 0 0 00000000 00000000
SIMLOG:: Cycle           5 PC: 00000000 I: 00000800 R: 0   0 00000000 M: 0 0 00000000 00000000
SIMLOG:: Cycle           6 PC: 00000000 I: 00000800 R: 0   0 00000000 M: 0 0 00000000 00000000
SIMLOG:: Cycle           7 PC: 00000000 I: 00000800 R: 0   0 00000000 M: 0 0 00000000 00000000
SIMLOG:: Cycle           8 PC: 00000000 I: 00000800 R: 0   0 00000000 M: 0 0 00000000 00000000
SIMLOG:: Cycle           9 PC: 00000000 I: 00000800 R: 0   0 00000000 M: 0 0 00000000 00000000
SIMLOG:: Cycle          10 PC: 00000000 I: 00000800 R: 0   0 00000000 M: 0 0 00000000 00000000
SIMLOG:: Cycle          11 PC: 00000000 I: 00000800 R: 0   0 00000000 M: 0 0 00000000 00000000
SIMLOG:: Cycle          12 PC: 00000000 I: 0000c1f6 R: 0   0 00000000 M: 0 0 00000000 00000000
SIMLOG:: Cycle          13 PC: 00000002 I: 00000800 R: 0   0 00000000 M: 0 0 00000000 00000000
SIMLOG:: Cycle          14 PC: 00000002 I: 00000800 R: 0   0 00000000 M: 0 0 00000000 00000000
SIMLOG:: Cycle          15 PC: 00000002 I: 00007906 R: 0   0 00000000 M: 0 0 0000fff6 00000000
SIMLOG:: Cycle          16 PC: 00000004 I: 00000800 R: 1   1 0000fff6 M: 0 0 00000000 00000000
SIMLOG:: Cycle          17 PC: 00000004 I: 00000800 R: 0   0 00000000 M: 0 0 00000000 00000000
SIMLOG:: Cycle          18 PC: 00000004 I: 0000c200 R: 0   0 00000000 M: 0 0 0000fff6 00000000
SIMLOG:: Cycle          19 PC: 00000006 I: 00000800 R: 0   1 0000fff6 M: 0 0 00000000 00000000
SIMLOG:: Cycle          20 PC: 00000006 I: 00000800 R: 0   0 00000000 M: 0 0 00000000 00000000
SIMLOG:: Cycle          21 PC: 00000006 I: 00004242 R: 0   0 00000000 M: 0 0 00000000 00000000
SIMLOG:: Cycle          22 PC: 00000008 I: 00000800 R: 1   2 00000000 M: 0 0 00000000 00000000
SIMLOG:: Cycle          23 PC: 00000008 I: 00000800 R: 0   0 00000000 M: 0 0 00000000 00000000
SIMLOG:: Cycle          24 PC: 00000008 I: 00000800 R: 0   0 00000000 M: 0 0 00000002 00000000
SIMLOG:: Cycle          25 PC: 00000008 I: 00000800 R: 1   2 00000002 M: 0 0 00000000 00000000
SIMLOG:: Cycle          26 PC: 00000008 I: 00000800 R: 0   0 00000000 M: 0 0 00000000 00000000
SIMLOG:: Cycle          27 PC: 00000008 I: 00000800 R: 0   0 00000000 M: 0 0 00000000 00000000
SIMLOG:: Cycle          28 PC: 00000008 I: 00000800 R: 0   0 00000000 M: 0 0 00000000 00000000
SIMLOG:: Cycle          29 PC: 00000008 I: 00000800 R: 0   0 00000000 M: 0 0 00000000 00000000
SIMLOG:: Cycle          30 PC: 00000008 I: 00004242 R: 0   0 00000000 M: 0 0 00000000 00000000
SIMLOG:: Cycle          31 PC: 0000000a I: 00000800 R: 0   0 00000000 M: 0 0 00000000 00000000
SIMLOG:: Cycle          32 PC: 0000000a I: 00000800 R: 0   0 00000000 M: 0 0 00000000 00000000
SIMLOG:: Cycle          33 PC: 0000000a I: 00007900 R: 0   0 00000000 M: 0 0 00000004 00000002
SIMLOG:: Cycle          34 PC: 0000000c I: 00000800 R: 1   2 00000004 M: 0 0 00000000 00000000
SIMLOG:: Cycle          35 PC: 0000000c I: 00000800 R: 0   0 00000000 M: 0 0 00000000 00000000
SIMLOG:: Cycle          36 PC: 0000000c I: 00007900 R: 0   0 00000000 M: 0 0 0000fff6 00000000
SIMLOG:: Cycle          37 PC: 0000000e I: 00000800 R: 0   1 0000fff6 M: 0 0 00000000 00000000
SIMLOG:: Cycle          38 PC: 0000000e I: 00000800 R: 0   0 00000000 M: 0 0 00000000 00000000
SIMLOG:: Cycle          39 PC: 0000000e I: 00007900 R: 0   0 00000000 M: 0 0 0000fff6 00000000
SIMLOG:: Cycle          40 PC: 00000010 I: 00000800 R: 0   1 0000fff6 M: 0 0 00000000 00000000
SIMLOG:: Cycle          41 PC: 00000010 I: 00000800 R: 0   0 00000000 M: 0 0 00000000 00000000
SIMLOG:: Cycle          42 PC: 00000010 I: 00000800 R: 0   0 00000000 M: 0 0 0000fff6 00000000
SIMLOG:: Cycle          43 PC: 00000010 I: 00000800 R: 0   1 0000fff6 M: 0 0 00000000 00000000
SIMLOG:: Cycle          44 PC: 00000010 I: 00000800 R: 0   0 00000000 M: 0 0 00000000 00000000
SIMLOG:: Cycle          45 PC: 00000010 I: 00000800 R: 0   0 00000000 M: 0 0 00000000 00000000
SIMLOG:: Cycle          46 PC: 00000010 I: 00000800 R: 0   0 00000000 M: 0 0 00000000 00000000
SIMLOG:: Cycle          47 PC: 00000010 I: 00000800 R: 0   0 00000000 M: 0 0 00000000 00000000
SIMLOG:: Cycle          48 PC: 00000010 I: 0000412b R: 0   0 00000000 M: 0 0 00000000 00000000
SIMLOG:: Cycle          49 PC: 00000012 I: 00000800 R: 0   0 00000000 M: 0 0 00000000 00000000
SIMLOG:: Cycle          50 PC: 00000012 I: 00000800 R: 0   0 00000000 M: 0 0 00000000 00000000
SIMLOG:: Cycle          51 PC: 00000012 I: 00007904 R: 0   0 00000000 M: 0 0 00000001 0000fff6
SIMLOG:: Cycle          52 PC: 00000014 I: 00000800 R: 1   1 00000001 M: 0 0 00000000 00000000
SIMLOG:: Cycle          53 PC: 00000014 I: 00000800 R: 0   0 00000000 M: 0 0 00000000 00000000
SIMLOG:: Cycle          54 PC: 00000014 I: 0000c600 R: 0   0 00000000 M: 0 0 00000001 00000000
SIMLOG:: Cycle          55 PC: 00000018 I: 00000800 R: 0   1 00000001 M: 0 0 00000000 00000000
SIMLOG:: Cycle          56 PC: 00000018 I: 00000800 R: 0   0 00000000 M: 0 0 00000000 00000000
SIMLOG:: Cycle          57 PC: 00000018 I: 00000800 R: 0   0 00000000 M: 0 0 00000000 00000000
SIMLOG:: Cycle          58 PC: 00000018 I: 00000800 R: 0   0 00000000 M: 0 0 00000000 00000000
SIMLOG:: Cycle          59 PC: 00000018 I: 00000800 R: 0   0 00000000 M: 0 0 00000000 00000000
SIMLOG:: Cycle          60 PC: 00000018 I: 00000800 R: 0   0 00000000 M: 0 0 00000000 00000000
SIMLOG:: Cycle          61 PC: 00000018 I: 00000800 R: 0   0 00000000 M: 0 0 00000000 00000000
SIMLOG:: Cycle          62 PC: 00000018 I: 00000800 R: 0   0 00000000 M: 0 0 00000000 00000000
SIMLOG:: Cycle          63 PC: 00000018 I: 00000000 R: 0   0 00000000 M: 0 0 00000000 00000000
SIMLOG:: Cycle          64 PC: 0000001a I: 00000800 R: 0   0 00000000 M: 0 0 00000000 00000000
SIMLOG:: Cycle          65 PC: 0000001a I: 00000800 R: 0   0 00000000 M: 0 0 00000000 00000000
SIMLOG:: Cycle          66 PC: 0000001a I: 00000000 R: 0   0 00000000 M: 0 0 00000000 00000000
SIMLOG:: Cycle          67 PC: 0000001c I: 00000800 R: 0   0 00000000 M: 0 0 00000000 00000000
SIMLOG:: Processor halted

SIMLOG:: sim_cycles          67

SIMLOG:: inst_count           6

SIMLOG:: dcachehit_count           0

SIMLOG:: icachehit_count           9

SIMLOG:: dcachereq_count           0

SIMLOG:: icachereq_count           0

