/u/s/i/sinclair/courses/cs552/spring2022/handouts/testprograms/public/inst_tests/beqz_0.asm SUCCESS CPI:2.1 CYCLES:21 ICOUNT:10 IHITRATE: 0 DHITRATE: 0
/u/s/i/sinclair/courses/cs552/spring2022/handouts/testprograms/public/inst_tests/bgez_1.asm SUCCESS CPI:2.4 CYCLES:70 ICOUNT:29 IHITRATE: 0 DHITRATE: 0
/u/s/i/sinclair/courses/cs552/spring2022/handouts/testprograms/public/inst_tests/bgez_2.asm SUCCESS CPI:4.3 CYCLES:13 ICOUNT:3 IHITRATE: 0 DHITRATE: 0
/u/s/i/sinclair/courses/cs552/spring2022/handouts/testprograms/public/inst_tests/bgez_3.asm SUCCESS CPI:4.3 CYCLES:13 ICOUNT:3 IHITRATE: 0 DHITRATE: 0
/u/s/i/sinclair/courses/cs552/spring2022/handouts/testprograms/public/inst_tests/bgez_4.asm SUCCESS CPI:2.1 CYCLES:15 ICOUNT:7 IHITRATE: 0 DHITRATE: 0
/u/s/i/sinclair/courses/cs552/spring2022/handouts/testprograms/public/inst_tests/bgez_5.asm SUCCESS CPI:3.0 CYCLES:15 ICOUNT:5 IHITRATE: 0 DHITRATE: 0
/u/s/i/sinclair/courses/cs552/spring2022/handouts/testprograms/public/inst_tests/bgez_6.asm SUCCESS CPI:2.6 CYCLES:13 ICOUNT:5 IHITRATE: 0 DHITRATE: 0
/u/s/i/sinclair/courses/cs552/spring2022/handouts/testprograms/public/inst_tests/bgez_7.asm SUCCESS CPI:6.2 CYCLES:31 ICOUNT:5 IHITRATE: 0 DHITRATE: 0
/u/s/i/sinclair/courses/cs552/spring2022/handouts/testprograms/public/inst_tests/bgez_8.asm SUCCESS CPI:3.5 CYCLES:14 ICOUNT:4 IHITRATE: 0 DHITRATE: 0
/u/s/i/sinclair/courses/cs552/spring2022/handouts/testprograms/public/inst_tests/bgez_9.asm SUCCESS CPI:3.3 CYCLES:20 ICOUNT:6 IHITRATE: 0 DHITRATE: 0
/u/s/i/sinclair/courses/cs552/spring2022/handouts/testprograms/public/inst_tests/bltz_0.asm SUCCESS CPI:4.3 CYCLES:13 ICOUNT:3 IHITRATE: 0 DHITRATE: 0
/u/s/i/sinclair/courses/cs552/spring2022/handouts/testprograms/public/inst_tests/bltz_1.asm SUCCESS CPI:3.0 CYCLES:12 ICOUNT:4 IHITRATE: 0 DHITRATE: 0
/u/s/i/sinclair/courses/cs552/spring2022/handouts/testprograms/public/inst_tests/bltz_2.asm SUCCESS CPI:3.0 CYCLES:12 ICOUNT:4 IHITRATE: 0 DHITRATE: 0
/u/s/i/sinclair/courses/cs552/spring2022/handouts/testprograms/public/inst_tests/bltz_3.asm FAILED
/u/s/i/sinclair/courses/cs552/spring2022/handouts/testprograms/public/inst_tests/bnez_0.asm SUCCESS CPI:5.0 CYCLES:10 ICOUNT:2 IHITRATE: 0 DHITRATE: 0
/u/s/i/sinclair/courses/cs552/spring2022/handouts/testprograms/public/inst_tests/bnez_2.asm SUCCESS CPI:6.0 CYCLES:12 ICOUNT:2 IHITRATE: 0 DHITRATE: 0
/u/s/i/sinclair/courses/cs552/spring2022/handouts/testprograms/public/inst_tests/bnez_3.asm SUCCESS CPI:6.0 CYCLES:12 ICOUNT:2 IHITRATE: 0 DHITRATE: 0
/u/s/i/sinclair/courses/cs552/spring2022/handouts/testprograms/public/inst_tests/bnez_4.asm SUCCESS CPI:6.0 CYCLES:12 ICOUNT:2 IHITRATE: 0 DHITRATE: 0
/u/s/i/sinclair/courses/cs552/spring2022/handouts/testprograms/public/inst_tests/bnez_5.asm SUCCESS CPI:4.7 CYCLES:14 ICOUNT:3 IHITRATE: 0 DHITRATE: 0
/u/s/i/sinclair/courses/cs552/spring2022/handouts/testprograms/public/inst_tests/bnez_6.asm SUCCESS CPI:4.3 CYCLES:13 ICOUNT:3 IHITRATE: 0 DHITRATE: 0
