/u/s/i/sinclair/courses/cs552/spring2022/handouts/testprograms/public/inst_tests/j_0.asm SUCCESS CPI:4.2 CYCLES:17 ICOUNT:4 IHITRATE: 0 DHITRATE: 0
/u/s/i/sinclair/courses/cs552/spring2022/handouts/testprograms/public/inst_tests/j_1.asm SUCCESS CPI:4.2 CYCLES:17 ICOUNT:4 IHITRATE: 0 DHITRATE: 0
/u/s/i/sinclair/courses/cs552/spring2022/handouts/testprograms/public/inst_tests/j_2.asm SUCCESS CPI:6.0 CYCLES:12 ICOUNT:2 IHITRATE: 0 DHITRATE: 0
/u/s/i/sinclair/courses/cs552/spring2022/handouts/testprograms/public/inst_tests/j_3.asm SUCCESS CPI:10.9 CYCLES:11 ICOUNT:1 IHITRATE: 0 DHITRATE: 0
/u/s/i/sinclair/courses/cs552/spring2022/handouts/testprograms/public/inst_tests/j_4.asm FAILED
/u/s/i/sinclair/courses/cs552/spring2022/handouts/testprograms/public/inst_tests/jal_0.asm SUCCESS CPI:6.0 CYCLES:12 ICOUNT:2 IHITRATE: 0 DHITRATE: 0
/u/s/i/sinclair/courses/cs552/spring2022/handouts/testprograms/public/inst_tests/jal_1.asm SUCCESS CPI:5.6 CYCLES:17 ICOUNT:3 IHITRATE: 0 DHITRATE: 0
/u/s/i/sinclair/courses/cs552/spring2022/handouts/testprograms/public/inst_tests/jal_10.asm SUCCESS CPI:5.5 CYCLES:11 ICOUNT:2 IHITRATE: 0 DHITRATE: 0
/u/s/i/sinclair/courses/cs552/spring2022/handouts/testprograms/public/inst_tests/jal_11.asm FAILED
/u/s/i/sinclair/courses/cs552/spring2022/handouts/testprograms/public/inst_tests/jal_12.asm SUCCESS CPI:4.2 CYCLES:17 ICOUNT:4 IHITRATE: 0 DHITRATE: 0
/u/s/i/sinclair/courses/cs552/spring2022/handouts/testprograms/public/inst_tests/jal_15.asm SUCCESS CPI:5.5 CYCLES:11 ICOUNT:2 IHITRATE: 0 DHITRATE: 0
/u/s/i/sinclair/courses/cs552/spring2022/handouts/testprograms/public/inst_tests/jal_16.asm SUCCESS CPI:5.5 CYCLES:11 ICOUNT:2 IHITRATE: 0 DHITRATE: 0
/u/s/i/sinclair/courses/cs552/spring2022/handouts/testprograms/public/inst_tests/jal_17.asm SUCCESS CPI:4.7 CYCLES:14 ICOUNT:3 IHITRATE: 0 DHITRATE: 0
/u/s/i/sinclair/courses/cs552/spring2022/handouts/testprograms/public/inst_tests/jal_19.asm FAILED
/u/s/i/sinclair/courses/cs552/spring2022/handouts/testprograms/public/inst_tests/jal_2.asm SUCCESS CPI:6.0 CYCLES:12 ICOUNT:2 IHITRATE: 0 DHITRATE: 0
/u/s/i/sinclair/courses/cs552/spring2022/handouts/testprograms/public/inst_tests/jal_22.asm SUCCESS CPI:5.5 CYCLES:11 ICOUNT:2 IHITRATE: 0 DHITRATE: 0
/u/s/i/sinclair/courses/cs552/spring2022/handouts/testprograms/public/inst_tests/jal_24.asm SUCCESS CPI:5.5 CYCLES:11 ICOUNT:2 IHITRATE: 0 DHITRATE: 0
/u/s/i/sinclair/courses/cs552/spring2022/handouts/testprograms/public/inst_tests/jal_25.asm SUCCESS CPI:5.5 CYCLES:11 ICOUNT:2 IHITRATE: 0 DHITRATE: 0
/u/s/i/sinclair/courses/cs552/spring2022/handouts/testprograms/public/inst_tests/jal_26.asm FAILED
/u/s/i/sinclair/courses/cs552/spring2022/handouts/testprograms/public/inst_tests/jal_27.asm SUCCESS CPI:3.2 CYCLES:16 ICOUNT:5 IHITRATE: 0 DHITRATE: 0
/u/s/i/sinclair/courses/cs552/spring2022/handouts/testprograms/public/inst_tests/jal_28.asm SUCCESS CPI:5.5 CYCLES:11 ICOUNT:2 IHITRATE: 0 DHITRATE: 0
/u/s/i/sinclair/courses/cs552/spring2022/handouts/testprograms/public/inst_tests/jal_29.asm SUCCESS CPI:5.5 CYCLES:11 ICOUNT:2 IHITRATE: 0 DHITRATE: 0
/u/s/i/sinclair/courses/cs552/spring2022/handouts/testprograms/public/inst_tests/jal_3.asm SUCCESS CPI:4.0 CYCLES:12 ICOUNT:3 IHITRATE: 0 DHITRATE: 0
/u/s/i/sinclair/courses/cs552/spring2022/handouts/testprograms/public/inst_tests/jal_30.asm FAILED
/u/s/i/sinclair/courses/cs552/spring2022/handouts/testprograms/public/inst_tests/jal_31.asm SUCCESS CPI:4.2 CYCLES:17 ICOUNT:4 IHITRATE: 0 DHITRATE: 0
/u/s/i/sinclair/courses/cs552/spring2022/handouts/testprograms/public/inst_tests/jal_32.asm SUCCESS CPI:5.5 CYCLES:11 ICOUNT:2 IHITRATE: 0 DHITRATE: 0
/u/s/i/sinclair/courses/cs552/spring2022/handouts/testprograms/public/inst_tests/jal_33.asm SUCCESS CPI:5.5 CYCLES:11 ICOUNT:2 IHITRATE: 0 DHITRATE: 0
/u/s/i/sinclair/courses/cs552/spring2022/handouts/testprograms/public/inst_tests/jal_35.asm FAILED
/u/s/i/sinclair/courses/cs552/spring2022/handouts/testprograms/public/inst_tests/jal_36.asm FAILED
/u/s/i/sinclair/courses/cs552/spring2022/handouts/testprograms/public/inst_tests/jal_4.asm SUCCESS CPI:3.2 CYCLES:13 ICOUNT:4 IHITRATE: 0 DHITRATE: 0
/u/s/i/sinclair/courses/cs552/spring2022/handouts/testprograms/public/inst_tests/jal_5.asm SUCCESS CPI:4.0 CYCLES:20 ICOUNT:5 IHITRATE: 0 DHITRATE: 0
/u/s/i/sinclair/courses/cs552/spring2022/handouts/testprograms/public/inst_tests/jal_6.asm SUCCESS CPI:3.6 CYCLES:18 ICOUNT:5 IHITRATE: 0 DHITRATE: 0
/u/s/i/sinclair/courses/cs552/spring2022/handouts/testprograms/public/inst_tests/jal_8.asm SUCCESS CPI:4.0 CYCLES:12 ICOUNT:3 IHITRATE: 0 DHITRATE: 0
/u/s/i/sinclair/courses/cs552/spring2022/handouts/testprograms/public/inst_tests/jalr_0.asm SUCCESS CPI:5.6 CYCLES:17 ICOUNT:3 IHITRATE: 0 DHITRATE: 0
/u/s/i/sinclair/courses/cs552/spring2022/handouts/testprograms/public/inst_tests/jalr_1.asm SUCCESS CPI:5.3 CYCLES:16 ICOUNT:3 IHITRATE: 0 DHITRATE: 0
/u/s/i/sinclair/courses/cs552/spring2022/handouts/testprograms/public/inst_tests/jalr_11.asm FAILED
/u/s/i/sinclair/courses/cs552/spring2022/handouts/testprograms/public/inst_tests/jalr_12.asm SUCCESS CPI:4.0 CYCLES:16 ICOUNT:4 IHITRATE: 0 DHITRATE: 0
/u/s/i/sinclair/courses/cs552/spring2022/handouts/testprograms/public/inst_tests/jalr_13.asm FAILED
/u/s/i/sinclair/courses/cs552/spring2022/handouts/testprograms/public/inst_tests/jalr_14.asm FAILED
/u/s/i/sinclair/courses/cs552/spring2022/handouts/testprograms/public/inst_tests/jalr_15.asm SUCCESS CPI:3.7 CYCLES:15 ICOUNT:4 IHITRATE: 0 DHITRATE: 0
/u/s/i/sinclair/courses/cs552/spring2022/handouts/testprograms/public/inst_tests/jalr_16.asm RELAX-PASS
/u/s/i/sinclair/courses/cs552/spring2022/handouts/testprograms/public/inst_tests/jalr_17.asm FAILED
/u/s/i/sinclair/courses/cs552/spring2022/handouts/testprograms/public/inst_tests/jalr_18.asm FAILED
/u/s/i/sinclair/courses/cs552/spring2022/handouts/testprograms/public/inst_tests/jalr_19.asm FAILED
/u/s/i/sinclair/courses/cs552/spring2022/handouts/testprograms/public/inst_tests/jalr_2.asm SUCCESS CPI:5.0 CYCLES:15 ICOUNT:3 IHITRATE: 0 DHITRATE: 0
/u/s/i/sinclair/courses/cs552/spring2022/handouts/testprograms/public/inst_tests/jalr_27.asm FAILED
/u/s/i/sinclair/courses/cs552/spring2022/handouts/testprograms/public/inst_tests/jalr_28.asm FAILED
/u/s/i/sinclair/courses/cs552/spring2022/handouts/testprograms/public/inst_tests/jalr_29.asm SUCCESS CPI:4.0 CYCLES:12 ICOUNT:3 IHITRATE: 0 DHITRATE: 0
/u/s/i/sinclair/courses/cs552/spring2022/handouts/testprograms/public/inst_tests/jalr_3.asm FAILED
/u/s/i/sinclair/courses/cs552/spring2022/handouts/testprograms/public/inst_tests/jalr_30.asm SUCCESS CPI:4.0 CYCLES:12 ICOUNT:3 IHITRATE: 0 DHITRATE: 0
/u/s/i/sinclair/courses/cs552/spring2022/handouts/testprograms/public/inst_tests/jalr_31.asm FAILED
/u/s/i/sinclair/courses/cs552/spring2022/handouts/testprograms/public/inst_tests/jalr_32.asm FAILED
/u/s/i/sinclair/courses/cs552/spring2022/handouts/testprograms/public/inst_tests/jalr_33.asm SUCCESS CPI:4.0 CYCLES:12 ICOUNT:3 IHITRATE: 0 DHITRATE: 0
/u/s/i/sinclair/courses/cs552/spring2022/handouts/testprograms/public/inst_tests/jalr_34.asm SUCCESS CPI:4.0 CYCLES:12 ICOUNT:3 IHITRATE: 0 DHITRATE: 0
/u/s/i/sinclair/courses/cs552/spring2022/handouts/testprograms/public/inst_tests/jalr_36.asm SUCCESS CPI:4.0 CYCLES:12 ICOUNT:3 IHITRATE: 0 DHITRATE: 0
/u/s/i/sinclair/courses/cs552/spring2022/handouts/testprograms/public/inst_tests/jalr_4.asm FAILED
/u/s/i/sinclair/courses/cs552/spring2022/handouts/testprograms/public/inst_tests/jalr_5.asm SUCCESS CPI:3.8 CYCLES:19 ICOUNT:5 IHITRATE: 0 DHITRATE: 0
/u/s/i/sinclair/courses/cs552/spring2022/handouts/testprograms/public/inst_tests/jalr_6.asm FAILED
/u/s/i/sinclair/courses/cs552/spring2022/handouts/testprograms/public/inst_tests/jalr_7.asm FAILED
/u/s/i/sinclair/courses/cs552/spring2022/handouts/testprograms/public/inst_tests/jr_0.asm FAILED
