Store Miss for Address 2132 in way 0
Store Miss for Address 56136 in way 0
Load Miss for Address 60362 in way 0
Load Miss for Address 26556 in way 0
Store Miss for Address 24388 in way 0
Load Miss for Address 1868 in way 0
Store Miss for Address 35964 in way 0
Load Miss for Address 16790 in way 0
Store Miss for Address 5500 in way 0
Store Miss for Address 23206 in way 0
Load Miss for Address 12184 in way 0
Load Miss for Address 23826 in way 0
Store Miss for Address 33910 in way 0
Load Miss for Address 61856 in way 0
Store Miss for Address 14468 in way 0
Store Miss for Address 9830 in way 0
Load Miss for Address 28198 in way 0
Load Miss for Address 44246 in way 0
Store Miss for Address 58398 in way 0
Store Miss for Address 40688 in way 0
Load Miss for Address 34612 in way 0
Load Miss for Address 36716 in way 0
Store Miss for Address 16328 in way 0
Load Miss for Address 31216 in way 0
Store Miss for Address 23086 in way 0
Store Miss for Address 22122 in way 0
Load Miss for Address 7226 in way 0
Store Miss for Address 6244 in way 0
Load Miss for Address 5414 in way 0
Load Miss for Address 2568 in way 0
Store Miss for Address 34122 in way 0
Load Miss for Address 44804 in way 0
Load Miss for Address 40312 in way 1
Load Miss for Address 53640 in way 0
Store Miss for Address 13194 in way 0
Store Miss for Address 7764 in way 0
Load Miss for Address 31942 in way 0
Load Miss for Address 56744 in way 0
Load Miss for Address 39654 in way 0
Store Miss for Address 26726 in way 1
Store Miss for Address 18838 in way 1
Store Miss for Address 7876 in way 0
Load Miss for Address 41212 in way 0
Store Miss for Address 49176 in way 0
Load Miss for Address 12932 in way 0
Load Miss for Address 43756 in way 0
Store Miss for Address 14530 in way 0
Load Miss for Address 29914 in way 0
Load Miss for Address 38702 in way 0
Store Miss for Address 61682 in way 0
Store Miss for Address 41616 in way 0
Store Miss for Address 62776 in way 0
Load Miss for Address 62316 in way 0
Load Miss for Address 34106 in way 1
Load Miss for Address 50432 in way 0
Load Miss for Address 53254 in way 0
Load Miss for Address 22096 in way 1
Store Miss for Address 44390 in way 0
Load Miss for Address 26844 in way 0
Load Miss for Address 20356 in way 0
Store Miss for Address 34224 in way 0
Store Miss for Address 46568 in way 0
Store Miss for Address 28072 in way 1
Store Miss for Address 55764 in way 0
Store Miss for Address 242 in way 1
Load Miss for Address 39442 in way 0
Load Miss for Address 39382 in way 1
Store Miss for Address 43256 in way 1
Load Miss for Address 56764 in way 0
Load Miss for Address 10972 in way 0
Store Miss for Address 16662 in way 0
Load Miss for Address 58026 in way 0
Store Miss for Address 48890 in way 0
Store Miss for Address 47984 in way 0
Store Miss for Address 38570 in way 0
Load Miss for Address 28558 in way 0
Load Miss for Address 10654 in way 0
Load Miss for Address 39422 in way 0
Load Miss for Address 45224 in way 0
Load Miss for Address 24326 in way 1
Load Miss for Address 5864 in way 0
Load Miss for Address 422 in way 1
Store Miss for Address 53780 in way 1
Store Miss for Address 25186 in way 0
Store Miss for Address 32224 in way 0
Store Miss for Address 50976 in way 0
Store Miss for Address 6006 in way 0
Load Miss for Address 60330 in way 0
Load Miss for Address 43472 with a Dirty Eviction in way 0
Store Miss for Address 51960 in way 0
Store Miss for Address 59486 in way 0
Store Miss for Address 11722 in way 0
Store Miss for Address 35436 in way 0
Load Miss for Address 3632 in way 0
Store Miss for Address 24554 in way 0
Store Miss for Address 24562 in way 0
Load Miss for Address 48226 in way 0
Store Miss for Address 11322 in way 1
Store Miss for Address 18250 in way 1
Load Miss for Address 44946 in way 0
Store Miss for Address 19586 in way 0
Load Miss for Address 59986 in way 0
Store Miss for Address 31512 in way 0
Store Miss for Address 32322 in way 0
Store Miss for Address 16090 in way 0
Store Miss for Address 56624 in way 0
Load Miss for Address 23834 in way 0
Store Miss for Address 5800 in way 1
Store Miss for Address 10608 in way 0
Load Miss for Address 22316 in way 1
Load Miss for Address 46616 in way 0
Store Miss for Address 16568 in way 0
Store Miss for Address 27150 in way 1
Load Miss for Address 32734 in way 0
Store Miss for Address 39532 in way 1
Load Miss for Address 5942 in way 1
Store Miss for Address 27242 with a Dirty Eviction in way 0
Store Miss for Address 42586 in way 0
Load Miss for Address 64252 in way 1
Store Miss for Address 51436 in way 0
Load Miss for Address 41130 in way 1
Store Miss for Address 10728 in way 0
Load Miss for Address 23490 in way 0
Store Miss for Address 7984 with Eviction in way 0
Store Miss for Address 36076 in way 0
Store Miss for Address 16886 in way 1
Store Miss for Address 27006 in way 0
Store Miss for Address 11640 with a Dirty Eviction in way 0
Load Miss for Address 4140 in way 0
Store Miss for Address 59800 in way 1
Store Miss for Address 22780 with Eviction in way 0
Store Miss for Address 58248 in way 1
Load Miss for Address 50232 with Eviction in way 0
Load Miss for Address 30552 in way 0
Store Miss for Address 32784 in way 0
Store Miss for Address 38886 in way 0
Store Miss for Address 54966 in way 0
Load Miss for Address 36294 in way 0
Store Miss for Address 5488 in way 0
Store Miss for Address 63830 in way 0
Store Miss for Address 47100 in way 0
Load Miss for Address 10530 in way 0
Load Miss for Address 10308 in way 0
Store Miss for Address 51938 in way 1
Store Miss for Address 60794 with Eviction in way 1
Store Miss for Address 104 in way 0
Load Miss for Address 54698 with Eviction in way 0
Load Miss for Address 37192 in way 0
Load Miss for Address 27482 in way 0
Store Miss for Address 22618 in way 1
Store Miss for Address 18754 in way 0
Store Miss for Address 10096 in way 1
Store Miss for Address 54658 in way 0
Store Miss for Address 27874 in way 0
Store Miss for Address 9154 in way 1
Load Miss for Address 56702 with a Dirty Eviction in way 0
Store Miss for Address 65430 in way 1
Load Miss for Address 4648 in way 1
Load Miss for Address 23982 with a Dirty Eviction in way 1
Store Hit for Address 5938 in way 1
Load Miss for Address 32986 in way 1
Load Miss for Address 16450 in way 1
Store Miss for Address 54744 in way 0
Load Miss for Address 57028 in way 1
Store Miss for Address 32256 in way 0
Store Miss for Address 16394 in way 0
Store Miss for Address 64050 in way 0
Load Miss for Address 40696 in way 1
Load Miss for Address 15086 in way 1
Load Miss for Address 36350 in way 0
Load Miss for Address 31462 with Eviction in way 0
Load Miss for Address 3070 in way 0
Store Miss for Address 31008 in way 1
Store Miss for Address 61920 in way 0
Store Miss for Address 65174 in way 0
Store Miss for Address 54034 in way 0
Load Miss for Address 41274 in way 0
Load Miss for Address 46342 in way 1
Load Miss for Address 14924 in way 0
Load Miss for Address 772 in way 0
Load Miss for Address 22108 in way 1
Load Miss for Address 7704 in way 1
Store Miss for Address 45972 in way 0
Store Miss for Address 2328 in way 0
Load Miss for Address 46954 in way 1
Load Miss for Address 480 in way 1
Load Miss for Address 41284 in way 1
Store Miss for Address 64702 in way 0
Store Miss for Address 56412 in way 0
Store Miss for Address 18206 in way 0
Store Miss for Address 57576 in way 1
Load Miss for Address 64440 in way 0
Load Miss for Address 17000 with a Dirty Eviction in way 1
Store Hit for Address 36292 in way 0
Load Miss for Address 57120 in way 1
Load Miss for Address 45990 in way 0
Store Miss for Address 57448 in way 1
Store Miss for Address 1442 in way 0
Store Miss for Address 59836 in way 0
Store Miss for Address 36734 in way 0
Load Miss for Address 8144 in way 0
Load Miss for Address 24826 with a Dirty Eviction in way 1
Store Miss for Address 49188 in way 0
Store Miss for Address 18194 in way 0
Load Miss for Address 39474 in way 1
Load Miss for Address 2138 with a Dirty Eviction in way 0
Load Miss for Address 55580 in way 1
Load Miss for Address 40276 in way 0
Store Miss for Address 33494 in way 0
Store Miss for Address 9572 in way 1
Store Miss for Address 14868 with Eviction in way 0
Load Miss for Address 49812 in way 1
Store Miss for Address 39980 in way 0
Store Miss for Address 58574 in way 0
Store Miss for Address 6062 in way 0
Store Hit for Address 23200 in way 0
Load Miss for Address 20828 in way 0
Store Miss for Address 3948 with Eviction in way 0
Store Miss for Address 38706 with a Dirty Eviction in way 0
Load Miss for Address 34506 in way 0
Store Miss for Address 2384 in way 1
Load Miss for Address 15994 in way 0
Load Miss for Address 40128 in way 1
Load Miss for Address 19222 in way 1
Store Miss for Address 40118 in way 0
Store Miss for Address 26334 in way 1
Store Miss for Address 37332 with Eviction in way 1
Load Miss for Address 38554 in way 0
Store Miss for Address 29478 in way 0
Store Miss for Address 4424 in way 1
Load Miss for Address 17850 in way 1
Load Miss for Address 46286 in way 1
Store Miss for Address 53700 in way 0
Load Miss for Address 55016 in way 1
Load Miss for Address 33218 in way 1
Store Miss for Address 45156 with a Dirty Eviction in way 0
Store Miss for Address 4568 in way 0
Store Miss for Address 5706 in way 0
Store Miss for Address 15002 in way 0
Store Miss for Address 27712 in way 0
Load Miss for Address 12520 with a Dirty Eviction in way 0
Load Miss for Address 35242 in way 0
Load Miss for Address 47310 in way 0
Load Miss for Address 44776 with Eviction in way 0
Load Miss for Address 47322 with Eviction in way 0
Store Miss for Address 23682 in way 1
Load Miss for Address 2254 in way 1
Load Miss for Address 782 in way 0
Store Hit for Address 57448 in way 1
Store Miss for Address 46538 in way 1
Load Hit for Address 40114 in way 0
Load Miss for Address 25694 in way 1
Load Miss for Address 5668 in way 1
Store Miss for Address 47788 in way 1
Load Miss for Address 49618 with Eviction in way 0
Load Miss for Address 63612 in way 0
Load Miss for Address 21390 with a Dirty Eviction in way 0
Store Miss for Address 62968 in way 1
Load Miss for Address 15008 in way 1
Store Hit for Address 27146 in way 1
Store Miss for Address 13640 in way 1
Load Miss for Address 59000 in way 1
Store Miss for Address 17592 in way 1
Store Miss for Address 43304 in way 0
Store Miss for Address 10204 in way 1
Store Miss for Address 63112 in way 0
Load Miss for Address 62406 with Eviction in way 0
Load Hit for Address 54964 in way 0
Load Miss for Address 53572 with a Dirty Eviction in way 0
Load Miss for Address 59954 with a Dirty Eviction in way 0
Store Miss for Address 48368 in way 0
Load Miss for Address 42370 in way 1
Load Miss for Address 40882 in way 0
Load Miss for Address 52992 with Eviction in way 0
Load Miss for Address 36234 in way 0
Store Miss for Address 26158 in way 0
Load Miss for Address 26256 in way 1
Load Miss for Address 58218 in way 1
Store Miss for Address 40592 with a Dirty Eviction in way 0
Load Miss for Address 40332 in way 1
Store Miss for Address 7950 in way 0
Store Miss for Address 56254 in way 1
Store Miss for Address 36356 in way 1
Load Miss for Address 50734 in way 1
Store Miss for Address 3414 in way 1
Load Hit for Address 59002 in way 1
Load Miss for Address 40440 with Eviction in way 0
Load Miss for Address 65306 in way 1
Store Miss for Address 39264 in way 0
Store Miss for Address 36806 in way 0
Store Miss for Address 54446 in way 0
Store Miss for Address 35500 with Eviction in way 0
Load Miss for Address 54938 in way 1
Store Miss for Address 45426 in way 1
Store Miss for Address 13856 with Eviction in way 0
Load Miss for Address 5112 in way 1
Load Miss for Address 50378 with a Dirty Eviction in way 0
Store Miss for Address 25824 in way 1
Store Miss for Address 64362 with Eviction in way 0
Store Miss for Address 52958 with a Dirty Eviction in way 0
Store Miss for Address 51220 in way 1
Store Miss for Address 25006 in way 1
Load Miss for Address 19830 in way 1
Load Miss for Address 24718 in way 0
Store Miss for Address 35694 with Eviction in way 1
Load Miss for Address 61740 in way 1
Store Miss for Address 4684 in way 1
Load Miss for Address 35612 in way 1
Store Miss for Address 11906 in way 0
Load Miss for Address 10928 in way 0
Store Miss for Address 23064 in way 0
Load Miss for Address 33816 in way 1
Store Hit for Address 11724 in way 0
Load Miss for Address 4334 with a Dirty Eviction in way 1
Load Miss for Address 6594 with a Dirty Eviction in way 0
Load Miss for Address 7134 in way 0
Store Hit for Address 38574 in way 0
Store Miss for Address 30432 in way 0
Load Miss for Address 27660 in way 0
Store Miss for Address 8308 in way 0
Load Miss for Address 20224 with Eviction in way 1
Load Miss for Address 17062 with a Dirty Eviction in way 0
Load Miss for Address 54640 with a Dirty Eviction in way 0
Load Miss for Address 58688 in way 0
Store Miss for Address 55554 in way 0
Load Miss for Address 13690 with a Dirty Eviction in way 1
Load Miss for Address 56202 with a Dirty Eviction in way 1
Load Miss for Address 10428 in way 1
Store Miss for Address 61800 in way 0
Load Miss for Address 37502 in way 0
Store Miss for Address 2006 in way 1
Load Miss for Address 24802 in way 0
Store Miss for Address 53450 with Eviction in way 0
Store Miss for Address 12470 in way 0
Store Miss for Address 60022 in way 0
Store Miss for Address 26368 with Eviction in way 0
Store Miss for Address 55782 with a Dirty Eviction in way 0
Load Miss for Address 30310 in way 1
Load Miss for Address 55134 in way 1
Store Miss for Address 44012 in way 0
Load Miss for Address 1652 in way 0
Load Hit for Address 27006 in way 0
Load Miss for Address 17374 in way 1
Load Miss for Address 18108 in way 0
Load Miss for Address 20082 in way 1
Store Miss for Address 50022 in way 0
Load Miss for Address 488 in way 1
Store Miss for Address 38726 in way 1
Store Miss for Address 55028 in way 1
Load Miss for Address 50830 in way 1
Store Miss for Address 62254 in way 0
Load Miss for Address 3768 in way 1
Store Miss for Address 2076 in way 1
Store Miss for Address 8714 with Eviction in way 0
Load Miss for Address 10770 with a Dirty Eviction in way 1
Load Miss for Address 6484 with a Dirty Eviction in way 0
Load Miss for Address 33526 in way 0
Store Miss for Address 52914 in way 1
Store Miss for Address 7778 with a Dirty Eviction in way 0
Store Miss for Address 60392 in way 1
Load Miss for Address 27650 in way 0
Store Miss for Address 32450 with a Dirty Eviction in way 0
Store Miss for Address 30480 in way 1
Load Miss for Address 59032 with Eviction in way 0
Load Miss for Address 41824 in way 1
Store Miss for Address 42912 in way 0
Store Miss for Address 52550 in way 1
Store Miss for Address 22640 in way 1
Load Miss for Address 23000 in way 1
Store Miss for Address 54650 with Eviction in way 0
Load Miss for Address 10880 in way 1
Load Hit for Address 7130 in way 0
Store Miss for Address 6610 with a Dirty Eviction in way 1
Store Miss for Address 42688 with Eviction in way 1
Load Miss for Address 57802 in way 0
Load Miss for Address 42640 with Eviction in way 1
Store Miss for Address 18184 in way 1
Store Hit for Address 11322 in way 1
Load Miss for Address 19372 in way 1
Store Miss for Address 42050 in way 1
Load Miss for Address 6690 in way 0
Store Miss for Address 44454 in way 1
Load Hit for Address 18836 in way 1
Load Miss for Address 9354 in way 0
Store Miss for Address 5134 in way 1
Load Miss for Address 19482 with a Dirty Eviction in way 0
Store Miss for Address 18394 with Eviction in way 0
Store Miss for Address 26364 with a Dirty Eviction in way 0
Load Miss for Address 28030 with Eviction in way 1
Store Miss for Address 56572 in way 0
Load Miss for Address 24332 with a Dirty Eviction in way 0
Load Miss for Address 41578 with a Dirty Eviction in way 0
Store Miss for Address 29428 in way 1
Store Miss for Address 27412 with a Dirty Eviction in way 0
Load Miss for Address 32336 with a Dirty Eviction in way 0
Load Miss for Address 44026 with Eviction in way 0
Load Miss for Address 44332 in way 0
Store Miss for Address 15610 in way 1
Store Miss for Address 10188 in way 1
Store Miss for Address 64924 in way 0
Load Miss for Address 60930 with a Dirty Eviction in way 0
Store Miss for Address 65418 in way 1
Store Miss for Address 30526 in way 0
Load Miss for Address 25736 in way 1
Store Miss for Address 7784 in way 1
Load Miss for Address 1790 with Eviction in way 1
Load Miss for Address 61054 with Eviction in way 0
Load Miss for Address 51292 with a Dirty Eviction in way 1
Load Miss for Address 40374 in way 1
Store Miss for Address 64080 in way 1
Store Miss for Address 25348 in way 1
Store Miss for Address 54460 with a Dirty Eviction in way 0
Load Miss for Address 18156 with Eviction in way 1
Load Miss for Address 46744 with Eviction in way 1
Store Miss for Address 48790 with a Dirty Eviction in way 0
Store Miss for Address 14200 in way 1
Load Miss for Address 12168 with Eviction in way 0
Load Miss for Address 18612 in way 1
Load Miss for Address 12270 in way 1
Store Miss for Address 51882 with a Dirty Eviction in way 1
Store Miss for Address 10198 with Eviction in way 0
Load Miss for Address 25882 in way 1
Load Miss for Address 26384 with a Dirty Eviction in way 0
Load Miss for Address 20186 with a Dirty Eviction in way 1
Load Miss for Address 41164 with Eviction in way 1
Load Miss for Address 53976 in way 1
Store Miss for Address 61248 with a Dirty Eviction in way 0
Store Miss for Address 41084 in way 1
Store Miss for Address 1492 in way 0
Store Miss for Address 40658 in way 0
Store Miss for Address 17986 in way 1
Load Miss for Address 7182 with Eviction in way 0
Load Miss for Address 45328 in way 1
Store Miss for Address 49906 with Eviction in way 0
Store Miss for Address 14100 with a Dirty Eviction in way 1
Store Miss for Address 11338 in way 0
Store Miss for Address 5632 with a Dirty Eviction in way 1
Load Miss for Address 35922 in way 0
Store Miss for Address 60648 in way 1
Load Miss for Address 43630 with Eviction in way 1
Load Miss for Address 41782 in way 0
Load Miss for Address 10104 with a Dirty Eviction in way 0
Load Miss for Address 22690 in way 0
Store Miss for Address 17576 in way 1
Load Miss for Address 3708 with Eviction in way 1
Load Miss for Address 22182 in way 0
Load Miss for Address 19722 in way 0
Store Miss for Address 21506 in way 1
Load Miss for Address 22502 in way 1
Store Miss for Address 31186 with Eviction in way 0
Load Miss for Address 57728 in way 0
Store Miss for Address 7148 with a Dirty Eviction in way 0
Store Miss for Address 48266 with Eviction in way 0
Store Miss for Address 12214 in way 1
Store Miss for Address 15374 with a Dirty Eviction in way 1
Store Miss for Address 19518 with Eviction in way 0
Store Miss for Address 46984 with a Dirty Eviction in way 1
Load Miss for Address 18504 in way 0
Store Miss for Address 32690 with Eviction in way 0
Store Miss for Address 2118 with Eviction in way 0
Store Miss for Address 6038 with Eviction in way 0
Store Miss for Address 44072 in way 1
Store Miss for Address 29142 with a Dirty Eviction in way 1
Store Miss for Address 24944 with a Dirty Eviction in way 0
Load Miss for Address 14576 with a Dirty Eviction in way 0
Store Miss for Address 61774 with Eviction in way 0
Store Miss for Address 62850 with a Dirty Eviction in way 0
Store Miss for Address 5446 with Eviction in way 0
Store Miss for Address 55636 with a Dirty Eviction in way 1
Load Miss for Address 64300 in way 1
Load Miss for Address 26614 in way 1
Store Miss for Address 46608 in way 0
Store Miss for Address 38514 with Eviction in way 0
Load Miss for Address 53988 with a Dirty Eviction in way 1
Store Miss for Address 7010 with a Dirty Eviction in way 0
Store Miss for Address 20038 with a Dirty Eviction in way 0
Load Miss for Address 16606 with Eviction in way 1
Store Miss for Address 8984 with a Dirty Eviction in way 0
Load Miss for Address 39818 with Eviction in way 0
Store Miss for Address 60504 with a Dirty Eviction in way 0
Load Miss for Address 27698 in way 0
Store Miss for Address 50078 in way 0
Load Miss for Address 57038 in way 1
Store Miss for Address 58860 in way 1
Store Miss for Address 2500 with Eviction in way 1
Store Miss for Address 7828 with Eviction in way 1
Store Miss for Address 1774 with Eviction in way 0
Store Miss for Address 14340 in way 1
Store Miss for Address 42942 in way 1
Store Miss for Address 11472 in way 1
Store Miss for Address 19170 with Eviction in way 0
Load Miss for Address 61852 with Eviction in way 0
Load Miss for Address 57692 in way 1
Store Miss for Address 34488 with Eviction in way 0
Load Miss for Address 5884 with a Dirty Eviction in way 0
Store Miss for Address 62742 in way 1
Store Miss for Address 3160 with Eviction in way 1
Load Miss for Address 34088 in way 1
Load Miss for Address 58246 in way 0
Store Miss for Address 31644 in way 1
Store Miss for Address 46072 with Eviction in way 1
Store Miss for Address 18954 with a Dirty Eviction in way 1
Load Miss for Address 8178 with a Dirty Eviction in way 0
Load Miss for Address 2224 with a Dirty Eviction in way 0
Load Miss for Address 40308 with Eviction in way 1
Load Miss for Address 5290 with a Dirty Eviction in way 0
Store Miss for Address 28396 with Eviction in way 1
Store Miss for Address 25748 in way 0
Load Miss for Address 63216 with a Dirty Eviction in way 0
Store Miss for Address 32880 with a Dirty Eviction in way 0
Store Miss for Address 61436 in way 1
Store Miss for Address 22170 with Eviction in way 0
Load Miss for Address 28338 with a Dirty Eviction in way 0
Load Miss for Address 44752 in way 1
Store Miss for Address 50932 with a Dirty Eviction in way 1
Load Miss for Address 43496 with a Dirty Eviction in way 0
Load Miss for Address 49358 with a Dirty Eviction in way 0
Load Miss for Address 53628 in way 1
Store Miss for Address 1038 with Eviction in way 0
Load Miss for Address 63720 with Eviction in way 0
Load Miss for Address 12936 in way 0
Load Hit for Address 418 in way 1
Load Miss for Address 6134 with Eviction in way 1
Load Hit for Address 18506 in way 0
Load Miss for Address 10734 with Eviction in way 1
Load Miss for Address 15348 in way 0
Store Miss for Address 57566 with Eviction in way 0
Load Miss for Address 49042 with a Dirty Eviction in way 1
Store Miss for Address 46818 in way 1
Load Miss for Address 45996 with Eviction in way 0
Load Miss for Address 13776 in way 1
Store Miss for Address 40268 with a Dirty Eviction in way 0
Store Miss for Address 12532 with a Dirty Eviction in way 1
Store Miss for Address 12734 in way 1
Load Miss for Address 53682 in way 0
Load Miss for Address 5718 with Eviction in way 1
Store Miss for Address 4028 with Eviction in way 0
Load Miss for Address 52588 in way 0
Load Miss for Address 372 with a Dirty Eviction in way 1
Load Miss for Address 13690 with a Dirty Eviction in way 0
Load Miss for Address 51706 in way 1
Store Miss for Address 47346 with Eviction in way 0
Store Miss for Address 22656 in way 1
Load Miss for Address 60806 with Eviction in way 1
Load Miss for Address 57558 in way 0
Store Miss for Address 33584 in way 1
Store Miss for Address 24594 with a Dirty Eviction in way 0
Store Miss for Address 32378 with Eviction in way 0
Load Miss for Address 65472 in way 1
Store Miss for Address 3042 in way 0
Store Miss for Address 39344 in way 1
Store Miss for Address 5898 with a Dirty Eviction in way 1
Load Miss for Address 19472 in way 0
Store Miss for Address 29000 with a Dirty Eviction in way 1
Load Miss for Address 2370 with Eviction in way 1
Store Miss for Address 504 with Eviction in way 0
Store Miss for Address 11134 in way 0
Load Miss for Address 20618 in way 1
Load Miss for Address 58106 with a Dirty Eviction in way 0
Load Miss for Address 33292 with a Dirty Eviction in way 0
Load Hit for Address 7830 in way 1
Store Miss for Address 8896 in way 0
Store Miss for Address 22698 with Eviction in way 0
Store Miss for Address 13710 with Eviction in way 0
Load Miss for Address 38914 with Eviction in way 0
Store Miss for Address 63136 in way 1
Load Miss for Address 6792 in way 1
Load Miss for Address 13974 with a Dirty Eviction in way 0
Store Miss for Address 4182 in way 1
Store Miss for Address 57940 with Eviction in way 0
Load Miss for Address 21060 in way 0
Store Miss for Address 12742 with Eviction in way 0
Store Miss for Address 43232 in way 1
Store Miss for Address 47996 in way 1
Load Miss for Address 19008 in way 1
Store Miss for Address 21126 with Eviction in way 0
Store Miss for Address 4462 in way 1
Load Miss for Address 60662 in way 1
Load Miss for Address 15078 with Eviction in way 1
Store Miss for Address 2248 with Eviction in way 1
Load Miss for Address 62294 in way 0
Store Hit for Address 52916 in way 1
Store Hit for Address 60932 in way 0
Store Miss for Address 59980 with Eviction in way 0
Store Miss for Address 10376 with Eviction in way 0
Store Miss for Address 58870 in way 0
Store Miss for Address 13132 in way 1
Load Miss for Address 32390 in way 1
Store Miss for Address 58332 with Eviction in way 1
Load Miss for Address 8630 with Eviction in way 0
Store Miss for Address 50006 in way 1
Store Miss for Address 51234 in way 1
Store Miss for Address 23122 with a Dirty Eviction in way 1
Load Miss for Address 27882 with a Dirty Eviction in way 0
Store Miss for Address 57226 with Eviction in way 0
Store Miss for Address 27544 with a Dirty Eviction in way 0
Store Miss for Address 1816 with a Dirty Eviction in way 0
Load Miss for Address 46814 with a Dirty Eviction in way 0
Store Miss for Address 52820 with Eviction in way 0
Store Miss for Address 15548 with a Dirty Eviction in way 1
Load Miss for Address 27720 in way 1
Load Miss for Address 50260 in way 1
Load Miss for Address 45404 with Eviction in way 0
Store Miss for Address 56334 with a Dirty Eviction in way 1
Store Miss for Address 5786 with Eviction in way 1
Load Hit for Address 26390 in way 0
Load Miss for Address 55610 in way 1
Store Miss for Address 29242 in way 0
Load Miss for Address 1962 in way 1
Store Miss for Address 55762 with a Dirty Eviction in way 0
Store Miss for Address 50620 with Eviction in way 0
Store Miss for Address 52994 with Eviction in way 1
Store Miss for Address 17572 in way 0
Load Miss for Address 27038 with a Dirty Eviction in way 1
Load Miss for Address 6168 with a Dirty Eviction in way 0
Load Hit for Address 38700 in way 0
Store Miss for Address 8396 with Eviction in way 0
Store Miss for Address 52732 with a Dirty Eviction in way 1
Load Miss for Address 20842 with a Dirty Eviction in way 0
Store Miss for Address 43796 with Eviction in way 1
Store Miss for Address 43868 in way 1
Load Miss for Address 12950 with a Dirty Eviction in way 0
Store Miss for Address 40238 with Eviction in way 0
Load Miss for Address 24774 in way 1
Store Miss for Address 36960 with a Dirty Eviction in way 1
Store Miss for Address 8050 with a Dirty Eviction in way 0
Store Miss for Address 540 in way 1
Load Miss for Address 23510 in way 0
Store Miss for Address 8784 with a Dirty Eviction in way 0
Store Miss for Address 15018 with a Dirty Eviction in way 0
Load Miss for Address 10144 in way 1
Load Miss for Address 3884 with Eviction in way 1
Load Miss for Address 9712 in way 1
Store Miss for Address 53164 with a Dirty Eviction in way 0
Load Hit for Address 10096 in way 1
