
WISCalculator v1.0
Author Derek Hower (drh5@cs.wisc.edu)
Type "help" for more information

Loading program...
Executing...
lbi r0, 35
INUM:        0 PC: 0x0000 REG: 0 VALUE: 0x0023
slbi r0, 98
INUM:        1 PC: 0x0002 REG: 0 VALUE: 0x2362
lbi r1, 1
INUM:        2 PC: 0x0004 REG: 1 VALUE: 0x0001
slbi r1, -104
INUM:        3 PC: 0x0006 REG: 1 VALUE: 0x0198
lbi r2, 123
INUM:        4 PC: 0x0008 REG: 2 VALUE: 0x007b
slbi r2, -125
INUM:        5 PC: 0x000a REG: 2 VALUE: 0x7b83
lbi r3, -89
INUM:        6 PC: 0x000c REG: 3 VALUE: 0xffa7
slbi r3, 87
INUM:        7 PC: 0x000e REG: 3 VALUE: 0xa757
lbi r4, -30
INUM:        8 PC: 0x0010 REG: 4 VALUE: 0xffe2
slbi r4, -74
INUM:        9 PC: 0x0012 REG: 4 VALUE: 0xe2b6
lbi r5, -81
INUM:       10 PC: 0x0014 REG: 5 VALUE: 0xffaf
slbi r5, 28
INUM:       11 PC: 0x0016 REG: 5 VALUE: 0xaf1c
lbi r6, -18
INUM:       12 PC: 0x0018 REG: 6 VALUE: 0xffee
slbi r6, -79
INUM:       13 PC: 0x001a REG: 6 VALUE: 0xeeb1
lbi r7, -40
INUM:       14 PC: 0x001c REG: 7 VALUE: 0xffd8
slbi r7, -54
INUM:       15 PC: 0x001e REG: 7 VALUE: 0xd8ca
j 22
INUM:       16 PC: 0x0020
lbi r6, 0
INUM:       17 PC: 0x0038 REG: 6 VALUE: 0x0000
lbi r7, 0
INUM:       18 PC: 0x003a REG: 7 VALUE: 0x0000
nop
INUM:       19 PC: 0x003c
bltz r1, 28
INUM:       20 PC: 0x003e
add r1, r0, r4
INUM:       21 PC: 0x0040 REG: 1 VALUE: 0x0618
sub r1, r6, r1
INUM:       22 PC: 0x0042 REG: 1 VALUE: 0x0618
sll r5, r6, r7
INUM:       23 PC: 0x0044 REG: 5 VALUE: 0x0000
seq r5, r6, r4
INUM:       24 PC: 0x0046 REG: 5 VALUE: 0x0000
xor r4, r3, r0
INUM:       25 PC: 0x0048 REG: 4 VALUE: 0x8435
sub r0, r2, r3
INUM:       26 PC: 0x004a REG: 0 VALUE: 0x2bd4
andni r5, r5, 1
INUM:       27 PC: 0x004c REG: 5 VALUE: 0x0000
ld r7, r5, 6
INUM:       28 PC: 0x004e REG: 7 VALUE: 0x9198 ADDR: 0x0006
subi r4, r6, 5
INUM:       29 PC: 0x0050 REG: 4 VALUE: 0x0005
nop
INUM:       30 PC: 0x0052
andni r7, r7, 1
INUM:       31 PC: 0x0054 REG: 7 VALUE: 0x9198
st r7, r7, 8
INUM:       32 PC: 0x0056 ADDR: 0x91a0 VALUE: 0x9198
xori r1, r2, 6
INUM:       33 PC: 0x0058 REG: 1 VALUE: 0x7b85
sll r1, r1, r1
INUM:       34 PC: 0x005a REG: 1 VALUE: 0x70a0
slli r1, r1, 6
INUM:       35 PC: 0x005c REG: 1 VALUE: 0x2800
btr r0, r4
INUM:       36 PC: 0x005e REG: 0 VALUE: 0xa000
seq r3, r4, r1
INUM:       37 PC: 0x0060 REG: 3 VALUE: 0x0000
addi r2, r1, 8
INUM:       38 PC: 0x0062 REG: 2 VALUE: 0x2808
andni r4, r4, 1
INUM:       39 PC: 0x0064 REG: 4 VALUE: 0x0004
ld r4, r4, 10
INUM:       40 PC: 0x0066 REG: 4 VALUE: 0x9357 ADDR: 0x000e
roli r4, r5, 1
INUM:       41 PC: 0x0068 REG: 4 VALUE: 0x0000
sll r7, r6, r1
INUM:       42 PC: 0x006a REG: 7 VALUE: 0x0000
rori r0, r6, 6
INUM:       43 PC: 0x006c REG: 0 VALUE: 0x0000
seq r7, r2, r7
INUM:       44 PC: 0x006e REG: 7 VALUE: 0x0000
subi r0, r2, 1
INUM:       45 PC: 0x0070 REG: 0 VALUE: 0xd7f9
addi r6, r5, 1
INUM:       46 PC: 0x0072 REG: 6 VALUE: 0x0001
add r7, r7, r2
INUM:       47 PC: 0x0074 REG: 7 VALUE: 0x2808
slbi r6, 13
INUM:       48 PC: 0x0076 REG: 6 VALUE: 0x010d
srli r3, r5, 10
INUM:       49 PC: 0x0078 REG: 3 VALUE: 0x0000
xor r1, r5, r4
INUM:       50 PC: 0x007a REG: 1 VALUE: 0x0000
roli r5, r1, 7
INUM:       51 PC: 0x007c REG: 5 VALUE: 0x0000
rol r0, r2, r6
INUM:       52 PC: 0x007e REG: 0 VALUE: 0x0501
lbi r7, 0
INUM:       53 PC: 0x0080 REG: 7 VALUE: 0x0000
lbi r1, 0
INUM:       54 PC: 0x0082 REG: 1 VALUE: 0x0000
nop
INUM:       55 PC: 0x0084
bnez r1, 0
INUM:       56 PC: 0x0086
lbi r5, 0
INUM:       57 PC: 0x0088 REG: 5 VALUE: 0x0000
lbi r5, 0
INUM:       58 PC: 0x008a REG: 5 VALUE: 0x0000
nop
INUM:       59 PC: 0x008c
bgez r7, 24
INUM:       60 PC: 0x008e
roli r0, r7, 4
INUM:       61 PC: 0x00a8 REG: 0 VALUE: 0x0000
andn r2, r2, r5
INUM:       62 PC: 0x00aa REG: 2 VALUE: 0x2808
rol r5, r7, r7
INUM:       63 PC: 0x00ac REG: 5 VALUE: 0x0000
seq r4, r3, r1
INUM:       64 PC: 0x00ae REG: 4 VALUE: 0x0001
add r2, r0, r4
INUM:       65 PC: 0x00b0 REG: 2 VALUE: 0x0001
nop
INUM:       66 PC: 0x00b2
andni r5, r5, 1
INUM:       67 PC: 0x00b4 REG: 5 VALUE: 0x0000
ld r6, r5, 14
INUM:       68 PC: 0x00b6 REG: 6 VALUE: 0x9357 ADDR: 0x000e
roli r3, r4, 13
INUM:       69 PC: 0x00b8 REG: 3 VALUE: 0x2000
xori r2, r0, 5
INUM:       70 PC: 0x00ba REG: 2 VALUE: 0x0005
rori r6, r3, 11
INUM:       71 PC: 0x00bc REG: 6 VALUE: 0x0004
slli r0, r0, 9
INUM:       72 PC: 0x00be REG: 0 VALUE: 0x0000
roli r6, r0, 12
INUM:       73 PC: 0x00c0 REG: 6 VALUE: 0x0000
ror r6, r5, r6
INUM:       74 PC: 0x00c2 REG: 6 VALUE: 0x0000
nop
INUM:       75 PC: 0x00c4
btr r1, r1
INUM:       76 PC: 0x00c6 REG: 1 VALUE: 0x0000
slli r5, r6, 8
INUM:       77 PC: 0x00c8 REG: 5 VALUE: 0x0000
j 0
INUM:       78 PC: 0x00ca
lbi r3, 0
INUM:       79 PC: 0x00cc REG: 3 VALUE: 0x0000
lbi r6, 0
INUM:       80 PC: 0x00ce REG: 6 VALUE: 0x0000
nop
INUM:       81 PC: 0x00d0
bltz r1, 20
INUM:       82 PC: 0x00d2
srl r1, r3, r2
INUM:       83 PC: 0x00d4 REG: 1 VALUE: 0x0000
srl r4, r4, r2
INUM:       84 PC: 0x00d6 REG: 4 VALUE: 0x0000
xor r3, r2, r5
INUM:       85 PC: 0x00d8 REG: 3 VALUE: 0x0005
roli r3, r3, 12
INUM:       86 PC: 0x00da REG: 3 VALUE: 0x5000
slli r6, r3, 10
INUM:       87 PC: 0x00dc REG: 6 VALUE: 0x0000
addi r2, r6, 9
INUM:       88 PC: 0x00de REG: 2 VALUE: 0x0009
andni r4, r4, 1
INUM:       89 PC: 0x00e0 REG: 4 VALUE: 0x0000
st r2, r4, 0
INUM:       90 PC: 0x00e2 ADDR: 0x0000 VALUE: 0x0009
sll r7, r7, r4
INUM:       91 PC: 0x00e4 REG: 7 VALUE: 0x0000
sub r2, r5, r4
INUM:       92 PC: 0x00e6 REG: 2 VALUE: 0x0000
add r6, r4, r0
INUM:       93 PC: 0x00e8 REG: 6 VALUE: 0x0000
rol r1, r7, r7
INUM:       94 PC: 0x00ea REG: 1 VALUE: 0x0000
sle r3, r4, r4
INUM:       95 PC: 0x00ec REG: 3 VALUE: 0x0001
srli r5, r4, 8
INUM:       96 PC: 0x00ee REG: 5 VALUE: 0x0000
add r7, r6, r4
INUM:       97 PC: 0x00f0 REG: 7 VALUE: 0x0000
sle r2, r2, r3
INUM:       98 PC: 0x00f2 REG: 2 VALUE: 0x0001
sle r5, r4, r2
INUM:       99 PC: 0x00f4 REG: 5 VALUE: 0x0001
roli r5, r0, 2
INUM:      100 PC: 0x00f6 REG: 5 VALUE: 0x0000
andn r3, r6, r1
INUM:      101 PC: 0x00f8 REG: 3 VALUE: 0x0000
slbi r1, 11
INUM:      102 PC: 0x00fa REG: 1 VALUE: 0x000b
sll r5, r5, r4
INUM:      103 PC: 0x00fc REG: 5 VALUE: 0x0000
lbi r1, 0
INUM:      104 PC: 0x00fe REG: 1 VALUE: 0x0000
lbi r2, 0
INUM:      105 PC: 0x0100 REG: 2 VALUE: 0x0000
bltz r0, 0
INUM:      106 PC: 0x0102
j 20
INUM:      107 PC: 0x0104
j 8
INUM:      108 PC: 0x011a
j 30
INUM:      109 PC: 0x0124
j 12
INUM:      110 PC: 0x0144
j 12
INUM:      111 PC: 0x0152
j 6
INUM:      112 PC: 0x0160
j 2
INUM:      113 PC: 0x0168
lbi r4, 0
INUM:      114 PC: 0x016c REG: 4 VALUE: 0x0000
lbi r7, 0
INUM:      115 PC: 0x016e REG: 7 VALUE: 0x0000
nop
INUM:      116 PC: 0x0170
bgez r2, 8
INUM:      117 PC: 0x0172
sle r1, r7, r3
INUM:      118 PC: 0x017c REG: 1 VALUE: 0x0001
slli r0, r7, 5
INUM:      119 PC: 0x017e REG: 0 VALUE: 0x0000
slt r2, r6, r4
INUM:      120 PC: 0x0180 REG: 2 VALUE: 0x0000
nop
INUM:      121 PC: 0x0182
andni r7, r7, 1
INUM:      122 PC: 0x0184 REG: 7 VALUE: 0x0000
ld r6, r7, 6
INUM:      123 PC: 0x0186 REG: 6 VALUE: 0x9198 ADDR: 0x0006
lbi r4, 0
INUM:      124 PC: 0x0188 REG: 4 VALUE: 0x0000
lbi r7, 0
INUM:      125 PC: 0x018a REG: 7 VALUE: 0x0000
nop
INUM:      126 PC: 0x018c
bltz r7, 28
INUM:      127 PC: 0x018e
rol r1, r4, r5
INUM:      128 PC: 0x0190 REG: 1 VALUE: 0x0000
rol r6, r0, r3
INUM:      129 PC: 0x0192 REG: 6 VALUE: 0x0000
slli r3, r4, 9
INUM:      130 PC: 0x0194 REG: 3 VALUE: 0x0000
srl r4, r3, r3
INUM:      131 PC: 0x0196 REG: 4 VALUE: 0x0000
roli r1, r7, 9
INUM:      132 PC: 0x0198 REG: 1 VALUE: 0x0000
nop
INUM:      133 PC: 0x019a
andni r4, r4, 1
INUM:      134 PC: 0x019c REG: 4 VALUE: 0x0000
stu r3, r4, 10
INUM:      135 PC: 0x019e REG: 4 VALUE: 0x000a ADDR: 0x000a VALUE: 0x0000
rol r2, r4, r2
INUM:      136 PC: 0x01a0 REG: 2 VALUE: 0x000a
btr r3, r3
INUM:      137 PC: 0x01a2 REG: 3 VALUE: 0x0000
seq r3, r1, r1
INUM:      138 PC: 0x01a4 REG: 3 VALUE: 0x0001
sco r4, r1, r2
INUM:      139 PC: 0x01a6 REG: 4 VALUE: 0x0000
sub r4, r3, r5
INUM:      140 PC: 0x01a8 REG: 4 VALUE: 0xffff
nop
INUM:      141 PC: 0x01aa
andni r5, r5, 1
INUM:      142 PC: 0x01ac REG: 5 VALUE: 0x0000
st r7, r5, 10
INUM:      143 PC: 0x01ae ADDR: 0x000a VALUE: 0x0000
andn r1, r3, r3
INUM:      144 PC: 0x01b0 REG: 1 VALUE: 0x0000
ror r1, r0, r6
INUM:      145 PC: 0x01b2 REG: 1 VALUE: 0x0000
sle r1, r6, r2
INUM:      146 PC: 0x01b4 REG: 1 VALUE: 0x0001
nop
INUM:      147 PC: 0x01b6
andni r5, r5, 1
INUM:      148 PC: 0x01b8 REG: 5 VALUE: 0x0000
st r3, r5, 8
INUM:      149 PC: 0x01ba ADDR: 0x0008 VALUE: 0x0001
srl r1, r6, r7
INUM:      150 PC: 0x01bc REG: 1 VALUE: 0x0000
rol r1, r1, r7
INUM:      151 PC: 0x01be REG: 1 VALUE: 0x0000
addi r3, r2, 7
INUM:      152 PC: 0x01c0 REG: 3 VALUE: 0x0011
xori r6, r1, 15
INUM:      153 PC: 0x01c2 REG: 6 VALUE: 0x000f
andni r7, r7, 1
INUM:      154 PC: 0x01c4 REG: 7 VALUE: 0x0000
stu r0, r7, 12
INUM:      155 PC: 0x01c6 REG: 7 VALUE: 0x000c ADDR: 0x000c VALUE: 0x0000
sub r3, r1, r6
INUM:      156 PC: 0x01c8 REG: 3 VALUE: 0x000f
andn r7, r1, r2
INUM:      157 PC: 0x01ca REG: 7 VALUE: 0x0000
subi r2, r0, 7
INUM:      158 PC: 0x01cc REG: 2 VALUE: 0x0007
slli r5, r2, 1
INUM:      159 PC: 0x01ce REG: 5 VALUE: 0x000e
andni r6, r6, 1
INUM:      160 PC: 0x01d0 REG: 6 VALUE: 0x000e
st r5, r6, 8
INUM:      161 PC: 0x01d2 ADDR: 0x0016 VALUE: 0x000e
sll r0, r4, r7
INUM:      162 PC: 0x01d4 REG: 0 VALUE: 0xffff
xor r0, r1, r2
INUM:      163 PC: 0x01d6 REG: 0 VALUE: 0x0007
j 8
INUM:      164 PC: 0x01d8
lbi r7, 0
INUM:      165 PC: 0x01e2 REG: 7 VALUE: 0x0000
lbi r4, 0
INUM:      166 PC: 0x01e4 REG: 4 VALUE: 0x0000
bnez r1, 0
INUM:      167 PC: 0x01e6
j 4
INUM:      168 PC: 0x01e8
j 32
INUM:      169 PC: 0x01ee
j 4
INUM:      170 PC: 0x0210
j 12
INUM:      171 PC: 0x0216
j 0
INUM:      172 PC: 0x0224
j 20
INUM:      173 PC: 0x0226
j 2
INUM:      174 PC: 0x023c
lbi r6, 0
INUM:      175 PC: 0x0240 REG: 6 VALUE: 0x0000
lbi r7, 0
INUM:      176 PC: 0x0242 REG: 7 VALUE: 0x0000
nop
INUM:      177 PC: 0x0244
beqz r0, 28
INUM:      178 PC: 0x0246
srli r0, r4, 4
INUM:      179 PC: 0x0248 REG: 0 VALUE: 0x0000
xor r2, r0, r6
INUM:      180 PC: 0x024a REG: 2 VALUE: 0x0000
rol r3, r4, r0
INUM:      181 PC: 0x024c REG: 3 VALUE: 0x0000
nop
INUM:      182 PC: 0x024e
andni r6, r6, 1
INUM:      183 PC: 0x0250 REG: 6 VALUE: 0x0000
stu r2, r6, 0
INUM:      184 PC: 0x0252 REG: 6 VALUE: 0x0000 ADDR: 0x0000 VALUE: 0x0000
lbi r6, 0
INUM:      185 PC: 0x0254 REG: 6 VALUE: 0x0000
rol r3, r1, r2
INUM:      186 PC: 0x0256 REG: 3 VALUE: 0x0000
srli r0, r0, 0
INUM:      187 PC: 0x0258 REG: 0 VALUE: 0x0000
nop
INUM:      188 PC: 0x025a
andni r2, r2, 1
INUM:      189 PC: 0x025c REG: 2 VALUE: 0x0000
st r7, r2, 0
INUM:      190 PC: 0x025e ADDR: 0x0000 VALUE: 0x0000
lbi r6, 0
INUM:      191 PC: 0x0260 REG: 6 VALUE: 0x0000
xori r2, r6, 5
INUM:      192 PC: 0x0262 REG: 2 VALUE: 0x0005
slbi r4, 0
INUM:      193 PC: 0x0264 REG: 4 VALUE: 0x0000
sub r3, r4, r7
INUM:      194 PC: 0x0266 REG: 3 VALUE: 0x0000
andni r0, r0, 1
INUM:      195 PC: 0x0268 REG: 0 VALUE: 0x0000
ld r1, r0, 0
INUM:      196 PC: 0x026a REG: 1 VALUE: 0x0000 ADDR: 0x0000
andni r0, r0, 1
INUM:      197 PC: 0x026c REG: 0 VALUE: 0x0000
st r0, r0, 10
INUM:      198 PC: 0x026e ADDR: 0x000a VALUE: 0x0000
lbi r4, 15
INUM:      199 PC: 0x0270 REG: 4 VALUE: 0x000f
btr r3, r6
INUM:      200 PC: 0x0272 REG: 3 VALUE: 0x0000
seq r6, r1, r6
INUM:      201 PC: 0x0274 REG: 6 VALUE: 0x0001
subi r4, r6, 3
INUM:      202 PC: 0x0276 REG: 4 VALUE: 0x0002
lbi r6, 13
INUM:      203 PC: 0x0278 REG: 6 VALUE: 0x000d
addi r5, r1, 13
INUM:      204 PC: 0x027a REG: 5 VALUE: 0x000d
sle r2, r4, r1
INUM:      205 PC: 0x027c REG: 2 VALUE: 0x0000
slli r4, r4, 12
INUM:      206 PC: 0x027e REG: 4 VALUE: 0x2000
subi r1, r0, 1
INUM:      207 PC: 0x0280 REG: 1 VALUE: 0x0001
add r4, r4, r7
INUM:      208 PC: 0x0282 REG: 4 VALUE: 0x2000
ror r3, r4, r0
INUM:      209 PC: 0x0284 REG: 3 VALUE: 0x2000
btr r1, r1
INUM:      210 PC: 0x0286 REG: 1 VALUE: 0x8000
rol r2, r2, r1
INUM:      211 PC: 0x0288 REG: 2 VALUE: 0x0000
slt r1, r4, r2
INUM:      212 PC: 0x028a REG: 1 VALUE: 0x0000
lbi r3, 0
INUM:      213 PC: 0x028c REG: 3 VALUE: 0x0000
lbi r7, 0
INUM:      214 PC: 0x028e REG: 7 VALUE: 0x0000
nop
INUM:      215 PC: 0x0290
bnez r4, 28
INUM:      216 PC: 0x0292
sco r0, r0, r4
INUM:      217 PC: 0x02b0 REG: 0 VALUE: 0x0000
rori r2, r5, 13
INUM:      218 PC: 0x02b2 REG: 2 VALUE: 0x0068
add r4, r3, r6
INUM:      219 PC: 0x02b4 REG: 4 VALUE: 0x000d
rol r3, r1, r3
INUM:      220 PC: 0x02b6 REG: 3 VALUE: 0x0000
sco r1, r6, r7
INUM:      221 PC: 0x02b8 REG: 1 VALUE: 0x0000
srl r6, r7, r2
INUM:      222 PC: 0x02ba REG: 6 VALUE: 0x0000
xor r3, r3, r2
INUM:      223 PC: 0x02bc REG: 3 VALUE: 0x0068
nop
INUM:      224 PC: 0x02be
andni r6, r6, 1
INUM:      225 PC: 0x02c0 REG: 6 VALUE: 0x0000
st r0, r6, 14
INUM:      226 PC: 0x02c2 ADDR: 0x000e VALUE: 0x0000
xor r3, r6, r0
INUM:      227 PC: 0x02c4 REG: 3 VALUE: 0x0000
nop
INUM:      228 PC: 0x02c6
andni r0, r0, 1
INUM:      229 PC: 0x02c8 REG: 0 VALUE: 0x0000
st r7, r0, 2
INUM:      230 PC: 0x02ca ADDR: 0x0002 VALUE: 0x0000
ror r0, r2, r6
INUM:      231 PC: 0x02cc REG: 0 VALUE: 0x0068
sub r2, r3, r5
INUM:      232 PC: 0x02ce REG: 2 VALUE: 0x000d
andni r5, r5, 1
INUM:      233 PC: 0x02d0 REG: 5 VALUE: 0x000c
stu r2, r5, 2
INUM:      234 PC: 0x02d2 REG: 5 VALUE: 0x000e ADDR: 0x000e VALUE: 0x000d
sle r6, r0, r7
INUM:      235 PC: 0x02d4 REG: 6 VALUE: 0x0000
slt r1, r5, r6
INUM:      236 PC: 0x02d6 REG: 1 VALUE: 0x0000
andni r7, r0, 14
INUM:      237 PC: 0x02d8 REG: 7 VALUE: 0x0060
j 30
INUM:      238 PC: 0x02da
j 10
INUM:      239 PC: 0x02fa
j 32
INUM:      240 PC: 0x0306
j 2
INUM:      241 PC: 0x0328
j 0
INUM:      242 PC: 0x032c
lbi r3, 0
INUM:      243 PC: 0x032e REG: 3 VALUE: 0x0000
lbi r6, 0
INUM:      244 PC: 0x0330 REG: 6 VALUE: 0x0000
bltz r7, 20
INUM:      245 PC: 0x0332
sll r6, r4, r4
INUM:      246 PC: 0x0334 REG: 6 VALUE: 0xa000
roli r6, r2, 14
INUM:      247 PC: 0x0336 REG: 6 VALUE: 0x4003
xor r6, r6, r3
INUM:      248 PC: 0x0338 REG: 6 VALUE: 0x4003
btr r1, r5
INUM:      249 PC: 0x033a REG: 1 VALUE: 0x7000
slbi r1, 12
INUM:      250 PC: 0x033c REG: 1 VALUE: 0x000c
xor r4, r0, r5
INUM:      251 PC: 0x033e REG: 4 VALUE: 0x0066
addi r3, r4, 6
INUM:      252 PC: 0x0340 REG: 3 VALUE: 0x006c
slt r5, r6, r3
INUM:      253 PC: 0x0342 REG: 5 VALUE: 0x0000
slbi r4, 7
INUM:      254 PC: 0x0344 REG: 4 VALUE: 0x6607
slbi r2, 2
INUM:      255 PC: 0x0346 REG: 2 VALUE: 0x0d02
slbi r7, 7
INUM:      256 PC: 0x0348 REG: 7 VALUE: 0x6007
xori r6, r2, 0
INUM:      257 PC: 0x034a REG: 6 VALUE: 0x0d02
roli r2, r2, 0
INUM:      258 PC: 0x034c REG: 2 VALUE: 0x0d02
add r6, r5, r0
INUM:      259 PC: 0x034e REG: 6 VALUE: 0x0068
andni r4, r4, 1
INUM:      260 PC: 0x0350 REG: 4 VALUE: 0x6606
stu r4, r4, 6
INUM:      261 PC: 0x0352 REG: 4 VALUE: 0x660c ADDR: 0x660c VALUE: 0x6606
subi r4, r4, 3
INUM:      262 PC: 0x0354 REG: 4 VALUE: 0x99f7
seq r6, r3, r2
INUM:      263 PC: 0x0356 REG: 6 VALUE: 0x0000
andni r6, r6, 1
INUM:      264 PC: 0x0358 REG: 6 VALUE: 0x0000
ld r5, r6, 2
INUM:      265 PC: 0x035a REG: 5 VALUE: 0x0000 ADDR: 0x0002
subi r7, r3, 15
INUM:      266 PC: 0x035c REG: 7 VALUE: 0xffa3
sll r6, r3, r2
INUM:      267 PC: 0x035e REG: 6 VALUE: 0x01b0
j 20
INUM:      268 PC: 0x0360
lbi r3, 0
INUM:      269 PC: 0x0376 REG: 3 VALUE: 0x0000
lbi r2, 0
INUM:      270 PC: 0x0378 REG: 2 VALUE: 0x0000
beqz r3, 8
INUM:      271 PC: 0x037a
sle r1, r0, r2
INUM:      272 PC: 0x0384 REG: 1 VALUE: 0x0000
slt r6, r5, r4
INUM:      273 PC: 0x0386 REG: 6 VALUE: 0x0000
lbi r3, 13
INUM:      274 PC: 0x0388 REG: 3 VALUE: 0x000d
nop
INUM:      275 PC: 0x038a
andni r4, r4, 1
INUM:      276 PC: 0x038c REG: 4 VALUE: 0x99f6
stu r2, r4, 4
INUM:      277 PC: 0x038e REG: 4 VALUE: 0x99fa ADDR: 0x99fa VALUE: 0x0000
j 22
INUM:      278 PC: 0x0390
j 16
INUM:      279 PC: 0x03a8
lbi r3, 0
INUM:      280 PC: 0x03ba REG: 3 VALUE: 0x0000
lbi r1, 0
INUM:      281 PC: 0x03bc REG: 1 VALUE: 0x0000
bgez r6, 0
INUM:      282 PC: 0x03be
lbi r3, 0
INUM:      283 PC: 0x03c0 REG: 3 VALUE: 0x0000
lbi r7, 0
INUM:      284 PC: 0x03c2 REG: 7 VALUE: 0x0000
nop
INUM:      285 PC: 0x03c4
beqz r7, 20
INUM:      286 PC: 0x03c6
andni r6, r6, 1
INUM:      287 PC: 0x03dc REG: 6 VALUE: 0x0000
stu r4, r6, 8
INUM:      288 PC: 0x03de REG: 6 VALUE: 0x0008 ADDR: 0x0008 VALUE: 0x99fa
lbi r0, 9
INUM:      289 PC: 0x03e0 REG: 0 VALUE: 0x0009
btr r6, r4
INUM:      290 PC: 0x03e2 REG: 6 VALUE: 0x5f99
sco r1, r3, r5
INUM:      291 PC: 0x03e4 REG: 1 VALUE: 0x0000
nop
INUM:      292 PC: 0x03e6
andni r2, r2, 1
INUM:      293 PC: 0x03e8 REG: 2 VALUE: 0x0000
ld r7, r2, 2
INUM:      294 PC: 0x03ea REG: 7 VALUE: 0x0000 ADDR: 0x0002
sle r1, r4, r5
INUM:      295 PC: 0x03ec REG: 1 VALUE: 0x0001
btr r5, r0
INUM:      296 PC: 0x03ee REG: 5 VALUE: 0x9000
seq r0, r1, r1
INUM:      297 PC: 0x03f0 REG: 0 VALUE: 0x0001
add r4, r2, r1
INUM:      298 PC: 0x03f2 REG: 4 VALUE: 0x0001
xori r6, r1, 11
INUM:      299 PC: 0x03f4 REG: 6 VALUE: 0x000a
nop
INUM:      300 PC: 0x03f6
andni r2, r2, 1
INUM:      301 PC: 0x03f8 REG: 2 VALUE: 0x0000
ld r6, r2, 6
INUM:      302 PC: 0x03fa REG: 6 VALUE: 0x9198 ADDR: 0x0006
sub r1, r3, r3
INUM:      303 PC: 0x03fc REG: 1 VALUE: 0x0000
andn r7, r7, r0
INUM:      304 PC: 0x03fe REG: 7 VALUE: 0x0000
andni r2, r2, 1
INUM:      305 PC: 0x0400 REG: 2 VALUE: 0x0000
ld r1, r2, 12
INUM:      306 PC: 0x0402 REG: 1 VALUE: 0x0000 ADDR: 0x000c
j 6
INUM:      307 PC: 0x0404
lbi r4, 0
INUM:      308 PC: 0x040c REG: 4 VALUE: 0x0000
lbi r7, 0
INUM:      309 PC: 0x040e REG: 7 VALUE: 0x0000
nop
INUM:      310 PC: 0x0410
bnez r1, 12
INUM:      311 PC: 0x0412
andni r0, r6, 9
INUM:      312 PC: 0x0414 REG: 0 VALUE: 0x9190
subi r0, r4, 13
INUM:      313 PC: 0x0416 REG: 0 VALUE: 0x000d
rori r0, r3, 13
INUM:      314 PC: 0x0418 REG: 0 VALUE: 0x0000
sll r5, r0, r0
INUM:      315 PC: 0x041a REG: 5 VALUE: 0x0000
andni r4, r4, 1
INUM:      316 PC: 0x041c REG: 4 VALUE: 0x0000
ld r5, r4, 2
INUM:      317 PC: 0x041e REG: 5 VALUE: 0x0000 ADDR: 0x0002
ror r7, r0, r5
INUM:      318 PC: 0x0420 REG: 7 VALUE: 0x0000
nop
INUM:      319 PC: 0x0422
andni r1, r1, 1
INUM:      320 PC: 0x0424 REG: 1 VALUE: 0x0000
st r6, r1, 10
INUM:      321 PC: 0x0426 ADDR: 0x000a VALUE: 0x9198
rori r5, r1, 0
INUM:      322 PC: 0x0428 REG: 5 VALUE: 0x0000
xori r3, r0, 5
INUM:      323 PC: 0x042a REG: 3 VALUE: 0x0005
seq r2, r0, r4
INUM:      324 PC: 0x042c REG: 2 VALUE: 0x0001
rol r1, r5, r3
INUM:      325 PC: 0x042e REG: 1 VALUE: 0x0000
rori r0, r5, 4
INUM:      326 PC: 0x0430 REG: 0 VALUE: 0x0000
j 28
INUM:      327 PC: 0x0432
j 30
INUM:      328 PC: 0x0450
lbi r5, 0
INUM:      329 PC: 0x0470 REG: 5 VALUE: 0x0000
lbi r5, 0
INUM:      330 PC: 0x0472 REG: 5 VALUE: 0x0000
nop
INUM:      331 PC: 0x0474
bgez r0, 20
INUM:      332 PC: 0x0476
ror r5, r4, r5
INUM:      333 PC: 0x048c REG: 5 VALUE: 0x0000
btr r1, r6
INUM:      334 PC: 0x048e REG: 1 VALUE: 0x1989
rol r2, r2, r4
INUM:      335 PC: 0x0490 REG: 2 VALUE: 0x0001
nop
INUM:      336 PC: 0x0492
andni r4, r4, 1
INUM:      337 PC: 0x0494 REG: 4 VALUE: 0x0000
ld r0, r4, 12
INUM:      338 PC: 0x0496 REG: 0 VALUE: 0x0000 ADDR: 0x000c
andni r5, r5, 1
INUM:      339 PC: 0x0498 REG: 5 VALUE: 0x0000
stu r5, r5, 10
INUM:      340 PC: 0x049a REG: 5 VALUE: 0x000a ADDR: 0x000a VALUE: 0x0000
sco r0, r7, r2
INUM:      341 PC: 0x049c REG: 0 VALUE: 0x0000
rol r7, r2, r3
INUM:      342 PC: 0x049e REG: 7 VALUE: 0x0020
add r3, r2, r3
INUM:      343 PC: 0x04a0 REG: 3 VALUE: 0x0006
seq r7, r1, r4
INUM:      344 PC: 0x04a2 REG: 7 VALUE: 0x0000
srli r0, r5, 12
INUM:      345 PC: 0x04a4 REG: 0 VALUE: 0x0000
sco r3, r7, r6
INUM:      346 PC: 0x04a6 REG: 3 VALUE: 0x0000
andni r7, r7, 1
INUM:      347 PC: 0x04a8 REG: 7 VALUE: 0x0000
st r2, r7, 10
INUM:      348 PC: 0x04aa ADDR: 0x000a VALUE: 0x0001
lbi r3, 0
INUM:      349 PC: 0x04ac REG: 3 VALUE: 0x0000
lbi r3, 0
INUM:      350 PC: 0x04ae REG: 3 VALUE: 0x0000
nop
INUM:      351 PC: 0x04b0
bltz r4, 28
INUM:      352 PC: 0x04b2
seq r1, r3, r4
INUM:      353 PC: 0x04b4 REG: 1 VALUE: 0x0001
slli r7, r6, 14
INUM:      354 PC: 0x04b6 REG: 7 VALUE: 0x0000
sll r6, r7, r3
INUM:      355 PC: 0x04b8 REG: 6 VALUE: 0x0000
ror r5, r0, r3
INUM:      356 PC: 0x04ba REG: 5 VALUE: 0x0000
andni r5, r5, 1
INUM:      357 PC: 0x04bc REG: 5 VALUE: 0x0000
ld r1, r5, 10
INUM:      358 PC: 0x04be REG: 1 VALUE: 0x0001 ADDR: 0x000a
andni r4, r4, 1
INUM:      359 PC: 0x04c0 REG: 4 VALUE: 0x0000
stu r0, r4, 14
INUM:      360 PC: 0x04c2 REG: 4 VALUE: 0x000e ADDR: 0x000e VALUE: 0x0000
addi r0, r2, 3
INUM:      361 PC: 0x04c4 REG: 0 VALUE: 0x0004
nop
INUM:      362 PC: 0x04c6
andni r1, r1, 1
INUM:      363 PC: 0x04c8 REG: 1 VALUE: 0x0000
ld r5, r1, 6
INUM:      364 PC: 0x04ca REG: 5 VALUE: 0x9198 ADDR: 0x0006
ror r6, r7, r4
INUM:      365 PC: 0x04cc REG: 6 VALUE: 0x0000
xor r1, r6, r1
INUM:      366 PC: 0x04ce REG: 1 VALUE: 0x0000
sll r7, r5, r2
INUM:      367 PC: 0x04d0 REG: 7 VALUE: 0x2330
andni r3, r4, 4
INUM:      368 PC: 0x04d2 REG: 3 VALUE: 0x000a
andn r7, r7, r7
INUM:      369 PC: 0x04d4 REG: 7 VALUE: 0x0000
btr r1, r0
INUM:      370 PC: 0x04d6 REG: 1 VALUE: 0x2000
rol r5, r4, r4
INUM:      371 PC: 0x04d8 REG: 5 VALUE: 0x8003
sll r2, r4, r7
INUM:      372 PC: 0x04da REG: 2 VALUE: 0x000e
xor r6, r7, r7
INUM:      373 PC: 0x04dc REG: 6 VALUE: 0x0000
add r7, r3, r6
INUM:      374 PC: 0x04de REG: 7 VALUE: 0x000a
roli r7, r3, 12
INUM:      375 PC: 0x04e0 REG: 7 VALUE: 0xa000
subi r7, r7, 1
INUM:      376 PC: 0x04e2 REG: 7 VALUE: 0x6001
andni r1, r1, 1
INUM:      377 PC: 0x04e4 REG: 1 VALUE: 0x2000
stu r4, r1, 4
INUM:      378 PC: 0x04e6 REG: 1 VALUE: 0x2004 ADDR: 0x2004 VALUE: 0x000e
slt r7, r2, r2
INUM:      379 PC: 0x04e8 REG: 7 VALUE: 0x0000
add r4, r3, r7
INUM:      380 PC: 0x04ea REG: 4 VALUE: 0x000a
slli r7, r2, 0
INUM:      381 PC: 0x04ec REG: 7 VALUE: 0x000e
add r0, r0, r3
INUM:      382 PC: 0x04ee REG: 0 VALUE: 0x000e
andni r2, r2, 1
INUM:      383 PC: 0x04f0 REG: 2 VALUE: 0x000e
ld r7, r2, 6
INUM:      384 PC: 0x04f2 REG: 7 VALUE: 0xc5af ADDR: 0x0014
ror r0, r4, r5
INUM:      385 PC: 0x04f4 REG: 0 VALUE: 0x4001
nop
INUM:      386 PC: 0x04f6
andni r1, r1, 1
INUM:      387 PC: 0x04f8 REG: 1 VALUE: 0x2004
stu r2, r1, 4
INUM:      388 PC: 0x04fa REG: 1 VALUE: 0x2008 ADDR: 0x2008 VALUE: 0x000e
lbi r1, 0
INUM:      389 PC: 0x04fc REG: 1 VALUE: 0x0000
lbi r7, 0
INUM:      390 PC: 0x04fe REG: 7 VALUE: 0x0000
nop
INUM:      391 PC: 0x0500
bnez r6, 4
INUM:      392 PC: 0x0502
rol r4, r5, r1
INUM:      393 PC: 0x0504 REG: 4 VALUE: 0x8003
ror r0, r6, r3
INUM:      394 PC: 0x0506 REG: 0 VALUE: 0x0000
subi r3, r4, 3
INUM:      395 PC: 0x0508 REG: 3 VALUE: 0x8000
sle r5, r5, r7
INUM:      396 PC: 0x050a REG: 5 VALUE: 0x0001
j 2
INUM:      397 PC: 0x050c
lbi r3, 0
INUM:      398 PC: 0x0510 REG: 3 VALUE: 0x0000
lbi r1, 0
INUM:      399 PC: 0x0512 REG: 1 VALUE: 0x0000
nop
INUM:      400 PC: 0x0514
bgez r1, 0
INUM:      401 PC: 0x0516
lbi r5, 0
INUM:      402 PC: 0x0518 REG: 5 VALUE: 0x0000
lbi r5, 0
INUM:      403 PC: 0x051a REG: 5 VALUE: 0x0000
nop
INUM:      404 PC: 0x051c
beqz r1, 28
INUM:      405 PC: 0x051e
rori r2, r4, 2
INUM:      406 PC: 0x053c REG: 2 VALUE: 0xe000
seq r4, r4, r6
INUM:      407 PC: 0x053e REG: 4 VALUE: 0x0000
slbi r2, 13
INUM:      408 PC: 0x0540 REG: 2 VALUE: 0x000d
lbi r4, 14
INUM:      409 PC: 0x0542 REG: 4 VALUE: 0x000e
sll r4, r3, r6
INUM:      410 PC: 0x0544 REG: 4 VALUE: 0x0000
rori r4, r0, 7
INUM:      411 PC: 0x0546 REG: 4 VALUE: 0x0000
lbi r7, 13
INUM:      412 PC: 0x0548 REG: 7 VALUE: 0x000d
slbi r1, 0
INUM:      413 PC: 0x054a REG: 1 VALUE: 0x0000
sub r1, r7, r6
INUM:      414 PC: 0x054c REG: 1 VALUE: 0xfff3
xor r2, r1, r0
INUM:      415 PC: 0x054e REG: 2 VALUE: 0xfff3
rol r7, r3, r1
INUM:      416 PC: 0x0550 REG: 7 VALUE: 0x0000
andn r1, r6, r7
INUM:      417 PC: 0x0552 REG: 1 VALUE: 0x0000
sll r2, r1, r7
INUM:      418 PC: 0x0554 REG: 2 VALUE: 0x0000
addi r2, r1, 6
INUM:      419 PC: 0x0556 REG: 2 VALUE: 0x0006
addi r2, r2, 5
INUM:      420 PC: 0x0558 REG: 2 VALUE: 0x000b
ror r6, r6, r6
INUM:      421 PC: 0x055a REG: 6 VALUE: 0x0000
andni r2, r2, 1
INUM:      422 PC: 0x055c REG: 2 VALUE: 0x000a
st r5, r2, 12
INUM:      423 PC: 0x055e ADDR: 0x0016 VALUE: 0x0000
lbi r2, 0
INUM:      424 PC: 0x0560 REG: 2 VALUE: 0x0000
lbi r4, 0
INUM:      425 PC: 0x0562 REG: 4 VALUE: 0x0000
nop
INUM:      426 PC: 0x0564
bltz r0, 28
INUM:      427 PC: 0x0566
subi r3, r1, 13
INUM:      428 PC: 0x0568 REG: 3 VALUE: 0x000d
ror r5, r7, r5
INUM:      429 PC: 0x056a REG: 5 VALUE: 0x0000
subi r3, r6, 3
INUM:      430 PC: 0x056c REG: 3 VALUE: 0x0003
slli r3, r7, 5
INUM:      431 PC: 0x056e REG: 3 VALUE: 0x0000
sll r3, r1, r0
INUM:      432 PC: 0x0570 REG: 3 VALUE: 0x0000
srl r5, r1, r3
INUM:      433 PC: 0x0572 REG: 5 VALUE: 0x0000
sco r5, r0, r4
INUM:      434 PC: 0x0574 REG: 5 VALUE: 0x0000
add r3, r4, r5
INUM:      435 PC: 0x0576 REG: 3 VALUE: 0x0000
andn r0, r6, r3
INUM:      436 PC: 0x0578 REG: 0 VALUE: 0x0000
slbi r3, 3
INUM:      437 PC: 0x057a REG: 3 VALUE: 0x0003
rori r6, r2, 8
INUM:      438 PC: 0x057c REG: 6 VALUE: 0x0000
sub r3, r7, r3
INUM:      439 PC: 0x057e REG: 3 VALUE: 0x0003
slbi r2, 10
INUM:      440 PC: 0x0580 REG: 2 VALUE: 0x000a
rol r6, r3, r0
INUM:      441 PC: 0x0582 REG: 6 VALUE: 0x0003
sub r4, r4, r2
INUM:      442 PC: 0x0584 REG: 4 VALUE: 0x000a
rol r0, r6, r5
INUM:      443 PC: 0x0586 REG: 0 VALUE: 0x0003
srl r7, r2, r4
INUM:      444 PC: 0x0588 REG: 7 VALUE: 0x0000
andn r5, r4, r7
INUM:      445 PC: 0x058a REG: 5 VALUE: 0x000a
rol r7, r1, r6
INUM:      446 PC: 0x058c REG: 7 VALUE: 0x0000
slt r1, r1, r1
INUM:      447 PC: 0x058e REG: 1 VALUE: 0x0000
lbi r6, 4
INUM:      448 PC: 0x0590 REG: 6 VALUE: 0x0004
nop
INUM:      449 PC: 0x0592
andni r4, r4, 1
INUM:      450 PC: 0x0594 REG: 4 VALUE: 0x000a
stu r0, r4, 0
INUM:      451 PC: 0x0596 REG: 4 VALUE: 0x000a ADDR: 0x000a VALUE: 0x0003
roli r4, r7, 1
INUM:      452 PC: 0x0598 REG: 4 VALUE: 0x0000
srl r3, r0, r1
INUM:      453 PC: 0x059a REG: 3 VALUE: 0x0003
sco r1, r1, r0
INUM:      454 PC: 0x059c REG: 1 VALUE: 0x0000
sll r3, r3, r0
INUM:      455 PC: 0x059e REG: 3 VALUE: 0x0018
slt r5, r5, r0
INUM:      456 PC: 0x05a0 REG: 5 VALUE: 0x0000
slt r6, r1, r4
INUM:      457 PC: 0x05a2 REG: 6 VALUE: 0x0000
lbi r7, 0
INUM:      458 PC: 0x05a4 REG: 7 VALUE: 0x0000
lbi r7, 0
INUM:      459 PC: 0x05a6 REG: 7 VALUE: 0x0000
nop
INUM:      460 PC: 0x05a8
bnez r3, 24
INUM:      461 PC: 0x05aa
xori r2, r5, 6
INUM:      462 PC: 0x05c4 REG: 2 VALUE: 0x0006
subi r7, r7, 12
INUM:      463 PC: 0x05c6 REG: 7 VALUE: 0x000c
andni r4, r4, 1
INUM:      464 PC: 0x05c8 REG: 4 VALUE: 0x0000
st r5, r4, 12
INUM:      465 PC: 0x05ca ADDR: 0x000c VALUE: 0x0000
addi r2, r1, 6
INUM:      466 PC: 0x05cc REG: 2 VALUE: 0x0006
seq r0, r1, r1
INUM:      467 PC: 0x05ce REG: 0 VALUE: 0x0001
rori r0, r3, 15
INUM:      468 PC: 0x05d0 REG: 0 VALUE: 0x0030
xor r6, r5, r4
INUM:      469 PC: 0x05d2 REG: 6 VALUE: 0x0000
srl r1, r0, r1
INUM:      470 PC: 0x05d4 REG: 1 VALUE: 0x0030
srli r7, r4, 10
INUM:      471 PC: 0x05d6 REG: 7 VALUE: 0x0000
andn r4, r5, r5
INUM:      472 PC: 0x05d8 REG: 4 VALUE: 0x0000
slli r1, r3, 9
INUM:      473 PC: 0x05da REG: 1 VALUE: 0x3000
slli r6, r3, 0
INUM:      474 PC: 0x05dc REG: 6 VALUE: 0x0018
sco r0, r1, r5
INUM:      475 PC: 0x05de REG: 0 VALUE: 0x0000
srli r3, r4, 8
INUM:      476 PC: 0x05e0 REG: 3 VALUE: 0x0000
lbi r1, 0
INUM:      477 PC: 0x05e2 REG: 1 VALUE: 0x0000
lbi r7, 0
INUM:      478 PC: 0x05e4 REG: 7 VALUE: 0x0000
bgez r7, 4
INUM:      479 PC: 0x05e6
sco r3, r0, r4
INUM:      480 PC: 0x05ec REG: 3 VALUE: 0x0000
andn r1, r1, r5
INUM:      481 PC: 0x05ee REG: 1 VALUE: 0x0000
slli r1, r5, 11
INUM:      482 PC: 0x05f0 REG: 1 VALUE: 0x0000
j 16
INUM:      483 PC: 0x05f2
lbi r2, 0
INUM:      484 PC: 0x0604 REG: 2 VALUE: 0x0000
lbi r6, 0
INUM:      485 PC: 0x0606 REG: 6 VALUE: 0x0000
nop
INUM:      486 PC: 0x0608
bltz r5, 4
INUM:      487 PC: 0x060a
xor r0, r3, r3
INUM:      488 PC: 0x060c REG: 0 VALUE: 0x0000
ror r4, r4, r4
INUM:      489 PC: 0x060e REG: 4 VALUE: 0x0000
add r5, r2, r7
INUM:      490 PC: 0x0610 REG: 5 VALUE: 0x0000
andn r2, r2, r7
INUM:      491 PC: 0x0612 REG: 2 VALUE: 0x0000
j 26
INUM:      492 PC: 0x0614
j 2
INUM:      493 PC: 0x0630
j 28
INUM:      494 PC: 0x0634
j 26
INUM:      495 PC: 0x0652
j 28
INUM:      496 PC: 0x066e
lbi r3, 0
INUM:      497 PC: 0x068c REG: 3 VALUE: 0x0000
lbi r2, 0
INUM:      498 PC: 0x068e REG: 2 VALUE: 0x0000
nop
INUM:      499 PC: 0x0690
bnez r7, 0
INUM:      500 PC: 0x0692
j 22
INUM:      501 PC: 0x0694
lbi r4, 0
INUM:      502 PC: 0x06ac REG: 4 VALUE: 0x0000
lbi r3, 0
INUM:      503 PC: 0x06ae REG: 3 VALUE: 0x0000
nop
INUM:      504 PC: 0x06b0
bgez r0, 4
INUM:      505 PC: 0x06b2
sco r1, r5, r0
INUM:      506 PC: 0x06b8 REG: 1 VALUE: 0x0000
sll r6, r4, r2
INUM:      507 PC: 0x06ba REG: 6 VALUE: 0x0000
j 8
INUM:      508 PC: 0x06bc
lbi r5, 0
INUM:      509 PC: 0x06c6 REG: 5 VALUE: 0x0000
lbi r3, 0
INUM:      510 PC: 0x06c8 REG: 3 VALUE: 0x0000
beqz r3, 16
INUM:      511 PC: 0x06ca
addi r1, r4, 13
INUM:      512 PC: 0x06dc REG: 1 VALUE: 0x000d
slbi r5, 14
INUM:      513 PC: 0x06de REG: 5 VALUE: 0x000e
seq r5, r6, r1
INUM:      514 PC: 0x06e0 REG: 5 VALUE: 0x0000
xor r4, r0, r5
INUM:      515 PC: 0x06e2 REG: 4 VALUE: 0x0000
andn r7, r5, r1
INUM:      516 PC: 0x06e4 REG: 7 VALUE: 0x0000
sub r6, r7, r3
INUM:      517 PC: 0x06e6 REG: 6 VALUE: 0x0000
sub r4, r2, r3
INUM:      518 PC: 0x06e8 REG: 4 VALUE: 0x0000
ror r7, r3, r7
INUM:      519 PC: 0x06ea REG: 7 VALUE: 0x0000
rol r3, r5, r4
INUM:      520 PC: 0x06ec REG: 3 VALUE: 0x0000
xori r0, r6, 7
INUM:      521 PC: 0x06ee REG: 0 VALUE: 0x0007
rori r6, r5, 7
INUM:      522 PC: 0x06f0 REG: 6 VALUE: 0x0000
j 6
INUM:      523 PC: 0x06f2
j 20
INUM:      524 PC: 0x06fa
lbi r3, 0
INUM:      525 PC: 0x0710 REG: 3 VALUE: 0x0000
lbi r1, 0
INUM:      526 PC: 0x0712 REG: 1 VALUE: 0x0000
nop
INUM:      527 PC: 0x0714
bgez r6, 12
INUM:      528 PC: 0x0716
seq r1, r1, r1
INUM:      529 PC: 0x0724 REG: 1 VALUE: 0x0001
xor r2, r2, r4
INUM:      530 PC: 0x0726 REG: 2 VALUE: 0x0000
sll r1, r6, r3
INUM:      531 PC: 0x0728 REG: 1 VALUE: 0x0000
add r5, r3, r3
INUM:      532 PC: 0x072a REG: 5 VALUE: 0x0000
rori r2, r6, 9
INUM:      533 PC: 0x072c REG: 2 VALUE: 0x0000
add r2, r7, r7
INUM:      534 PC: 0x072e REG: 2 VALUE: 0x0000
j 16
INUM:      535 PC: 0x0730
j 18
INUM:      536 PC: 0x0742
j 10
INUM:      537 PC: 0x0756
j 18
INUM:      538 PC: 0x0762
j 0
INUM:      539 PC: 0x0776
j 16
INUM:      540 PC: 0x0778
lbi r4, 0
INUM:      541 PC: 0x078a REG: 4 VALUE: 0x0000
lbi r7, 0
INUM:      542 PC: 0x078c REG: 7 VALUE: 0x0000
bgez r2, 28
INUM:      543 PC: 0x078e
xori r0, r6, 7
INUM:      544 PC: 0x07ac REG: 0 VALUE: 0x0007
add r7, r7, r6
INUM:      545 PC: 0x07ae REG: 7 VALUE: 0x0000
nop
INUM:      546 PC: 0x07b0
btr r3, r0
INUM:      547 PC: 0x07b2 REG: 3 VALUE: 0xe000
andn r2, r2, r0
INUM:      548 PC: 0x07b4 REG: 2 VALUE: 0x0000
andni r0, r0, 8
INUM:      549 PC: 0x07b6 REG: 0 VALUE: 0x0007
lbi r1, 3
INUM:      550 PC: 0x07b8 REG: 1 VALUE: 0x0003
xori r4, r7, 7
INUM:      551 PC: 0x07ba REG: 4 VALUE: 0x0007
andni r1, r1, 1
INUM:      552 PC: 0x07bc REG: 1 VALUE: 0x0002
stu r5, r1, 12
INUM:      553 PC: 0x07be REG: 1 VALUE: 0x000e ADDR: 0x000e VALUE: 0x0000
srli r2, r5, 2
INUM:      554 PC: 0x07c0 REG: 2 VALUE: 0x0000
seq r3, r2, r2
INUM:      555 PC: 0x07c2 REG: 3 VALUE: 0x0001
xori r0, r1, 10
INUM:      556 PC: 0x07c4 REG: 0 VALUE: 0x0004
sco r4, r0, r5
INUM:      557 PC: 0x07c6 REG: 4 VALUE: 0x0000
lbi r7, 14
INUM:      558 PC: 0x07c8 REG: 7 VALUE: 0x000e
srli r6, r5, 15
INUM:      559 PC: 0x07ca REG: 6 VALUE: 0x0000
ror r1, r4, r5
INUM:      560 PC: 0x07cc REG: 1 VALUE: 0x0000
sub r4, r7, r7
INUM:      561 PC: 0x07ce REG: 4 VALUE: 0x0000
slli r5, r1, 5
INUM:      562 PC: 0x07d0 REG: 5 VALUE: 0x0000
slli r5, r4, 4
INUM:      563 PC: 0x07d2 REG: 5 VALUE: 0x0000
lbi r4, 0
INUM:      564 PC: 0x07d4 REG: 4 VALUE: 0x0000
lbi r3, 0
INUM:      565 PC: 0x07d6 REG: 3 VALUE: 0x0000
nop
INUM:      566 PC: 0x07d8
bgez r0, 4
INUM:      567 PC: 0x07da
rol r7, r0, r6
INUM:      568 PC: 0x07e0 REG: 7 VALUE: 0x0004
xor r0, r3, r2
INUM:      569 PC: 0x07e2 REG: 0 VALUE: 0x0000
lbi r1, 0
INUM:      570 PC: 0x07e4 REG: 1 VALUE: 0x0000
lbi r5, 0
INUM:      571 PC: 0x07e6 REG: 5 VALUE: 0x0000
nop
INUM:      572 PC: 0x07e8
beqz r3, 12
INUM:      573 PC: 0x07ea
andni r6, r6, 1
INUM:      574 PC: 0x07f8 REG: 6 VALUE: 0x0000
st r7, r6, 10
INUM:      575 PC: 0x07fa ADDR: 0x000a VALUE: 0x0004
andni r0, r0, 1
INUM:      576 PC: 0x07fc REG: 0 VALUE: 0x0000
stu r5, r0, 14
INUM:      577 PC: 0x07fe REG: 0 VALUE: 0x000e ADDR: 0x000e VALUE: 0x0000
sle r3, r0, r3
INUM:      578 PC: 0x0800 REG: 3 VALUE: 0x0000
sll r6, r2, r4
INUM:      579 PC: 0x0802 REG: 6 VALUE: 0x0000
srl r4, r6, r2
INUM:      580 PC: 0x0804 REG: 4 VALUE: 0x0000
slli r1, r1, 15
INUM:      581 PC: 0x0806 REG: 1 VALUE: 0x0000
j 14
INUM:      582 PC: 0x0808
j 12
INUM:      583 PC: 0x0818
j 32
INUM:      584 PC: 0x0826
j 22
INUM:      585 PC: 0x0848
lbi r5, 0
INUM:      586 PC: 0x0860 REG: 5 VALUE: 0x0000
lbi r6, 0
INUM:      587 PC: 0x0862 REG: 6 VALUE: 0x0000
nop
INUM:      588 PC: 0x0864
bgez r0, 16
INUM:      589 PC: 0x0866
andni r3, r3, 1
INUM:      590 PC: 0x0878 REG: 3 VALUE: 0x0000
st r3, r3, 8
INUM:      591 PC: 0x087a ADDR: 0x0008 VALUE: 0x0000
andn r3, r1, r7
INUM:      592 PC: 0x087c REG: 3 VALUE: 0x0000
lbi r2, 11
INUM:      593 PC: 0x087e REG: 2 VALUE: 0x000b
srli r3, r3, 0
INUM:      594 PC: 0x0880 REG: 3 VALUE: 0x0000
slli r0, r2, 0
INUM:      595 PC: 0x0882 REG: 0 VALUE: 0x000b
srl r1, r2, r5
INUM:      596 PC: 0x0884 REG: 1 VALUE: 0x000b
sll r1, r6, r2
INUM:      597 PC: 0x0886 REG: 1 VALUE: 0x0000
andn r2, r0, r7
INUM:      598 PC: 0x0888 REG: 2 VALUE: 0x000b
ror r0, r4, r6
INUM:      599 PC: 0x088a REG: 0 VALUE: 0x0000
j 14
INUM:      600 PC: 0x088c
j 6
INUM:      601 PC: 0x089c
lbi r2, 0
INUM:      602 PC: 0x08a4 REG: 2 VALUE: 0x0000
lbi r2, 0
INUM:      603 PC: 0x08a6 REG: 2 VALUE: 0x0000
nop
INUM:      604 PC: 0x08a8
bgez r5, 12
INUM:      605 PC: 0x08aa
andni r6, r6, 1
INUM:      606 PC: 0x08b8 REG: 6 VALUE: 0x0000
ld r0, r6, 10
INUM:      607 PC: 0x08ba REG: 0 VALUE: 0x0004 ADDR: 0x000a
srli r5, r2, 7
INUM:      608 PC: 0x08bc REG: 5 VALUE: 0x0000
addi r5, r2, 13
INUM:      609 PC: 0x08be REG: 5 VALUE: 0x000d
sle r5, r6, r7
INUM:      610 PC: 0x08c0 REG: 5 VALUE: 0x0001
slbi r6, 11
INUM:      611 PC: 0x08c2 REG: 6 VALUE: 0x000b
addi r4, r7, 4
INUM:      612 PC: 0x08c4 REG: 4 VALUE: 0x0008
btr r1, r7
INUM:      613 PC: 0x08c6 REG: 1 VALUE: 0x2000
rol r7, r0, r6
INUM:      614 PC: 0x08c8 REG: 7 VALUE: 0x2000
lbi r5, 0
INUM:      615 PC: 0x08ca REG: 5 VALUE: 0x0000
lbi r1, 0
INUM:      616 PC: 0x08cc REG: 1 VALUE: 0x0000
beqz r4, 20
INUM:      617 PC: 0x08ce
slli r5, r3, 10
INUM:      618 PC: 0x08d0 REG: 5 VALUE: 0x0000
nop
INUM:      619 PC: 0x08d2
andni r2, r2, 1
INUM:      620 PC: 0x08d4 REG: 2 VALUE: 0x0000
ld r3, r2, 14
INUM:      621 PC: 0x08d6 REG: 3 VALUE: 0x0000 ADDR: 0x000e
add r4, r2, r5
INUM:      622 PC: 0x08d8 REG: 4 VALUE: 0x0000
nop
INUM:      623 PC: 0x08da
andni r0, r0, 1
INUM:      624 PC: 0x08dc REG: 0 VALUE: 0x0004
stu r2, r0, 6
INUM:      625 PC: 0x08de REG: 0 VALUE: 0x000a ADDR: 0x000a VALUE: 0x0000
rol r2, r6, r0
INUM:      626 PC: 0x08e0 REG: 2 VALUE: 0x2c00
roli r4, r0, 5
INUM:      627 PC: 0x08e2 REG: 4 VALUE: 0x0140
rori r1, r3, 5
INUM:      628 PC: 0x08e4 REG: 1 VALUE: 0x0000
lbi r0, 2
INUM:      629 PC: 0x08e6 REG: 0 VALUE: 0x0002
slt r1, r2, r3
INUM:      630 PC: 0x08e8 REG: 1 VALUE: 0x0000
subi r2, r2, 11
INUM:      631 PC: 0x08ea REG: 2 VALUE: 0xd40b
rori r3, r1, 7
INUM:      632 PC: 0x08ec REG: 3 VALUE: 0x0000
ror r5, r7, r7
INUM:      633 PC: 0x08ee REG: 5 VALUE: 0x2000
rol r1, r7, r1
INUM:      634 PC: 0x08f0 REG: 1 VALUE: 0x2000
btr r6, r6
INUM:      635 PC: 0x08f2 REG: 6 VALUE: 0xd000
slli r4, r2, 3
INUM:      636 PC: 0x08f4 REG: 4 VALUE: 0xa058
andni r2, r0, 1
INUM:      637 PC: 0x08f6 REG: 2 VALUE: 0x0002
addi r2, r1, 12
INUM:      638 PC: 0x08f8 REG: 2 VALUE: 0x200c
xori r0, r2, 0
INUM:      639 PC: 0x08fa REG: 0 VALUE: 0x200c
xori r0, r5, 4
INUM:      640 PC: 0x08fc REG: 0 VALUE: 0x2004
nop
INUM:      641 PC: 0x08fe
andni r0, r0, 1
INUM:      642 PC: 0x0900 REG: 0 VALUE: 0x2004
st r1, r0, 2
INUM:      643 PC: 0x0902 ADDR: 0x2006 VALUE: 0x2000
lbi r2, 0
INUM:      644 PC: 0x0904 REG: 2 VALUE: 0x0000
lbi r2, 0
INUM:      645 PC: 0x0906 REG: 2 VALUE: 0x0000
nop
INUM:      646 PC: 0x0908
beqz r5, 12
INUM:      647 PC: 0x090a
andni r6, r6, 1
INUM:      648 PC: 0x090c REG: 6 VALUE: 0xd000
st r0, r6, 6
INUM:      649 PC: 0x090e ADDR: 0xd006 VALUE: 0x2004
nop
INUM:      650 PC: 0x0910
btr r7, r7
INUM:      651 PC: 0x0912 REG: 7 VALUE: 0x0004
srl r4, r6, r0
INUM:      652 PC: 0x0914 REG: 4 VALUE: 0x0d00
seq r6, r4, r3
INUM:      653 PC: 0x0916 REG: 6 VALUE: 0x0000
sub r2, r0, r4
INUM:      654 PC: 0x0918 REG: 2 VALUE: 0xecfc
xori r2, r2, 9
INUM:      655 PC: 0x091a REG: 2 VALUE: 0xecf5
addi r4, r4, 3
INUM:      656 PC: 0x091c REG: 4 VALUE: 0x0d03
roli r3, r2, 1
INUM:      657 PC: 0x091e REG: 3 VALUE: 0xd9eb
seq r0, r2, r6
INUM:      658 PC: 0x0920 REG: 0 VALUE: 0x0000
srl r1, r7, r2
INUM:      659 PC: 0x0922 REG: 1 VALUE: 0x0000
ror r1, r4, r7
INUM:      660 PC: 0x0924 REG: 1 VALUE: 0x30d0
addi r4, r2, 13
INUM:      661 PC: 0x0926 REG: 4 VALUE: 0xed02
j 26
INUM:      662 PC: 0x0928
lbi r1, 0
INUM:      663 PC: 0x0944 REG: 1 VALUE: 0x0000
lbi r0, 0
INUM:      664 PC: 0x0946 REG: 0 VALUE: 0x0000
nop
INUM:      665 PC: 0x0948
bgez r0, 0
INUM:      666 PC: 0x094a
lbi r3, 0
INUM:      667 PC: 0x094c REG: 3 VALUE: 0x0000
lbi r3, 0
INUM:      668 PC: 0x094e REG: 3 VALUE: 0x0000
nop
INUM:      669 PC: 0x0950
beqz r5, 32
INUM:      670 PC: 0x0952
subi r2, r7, 5
INUM:      671 PC: 0x0954 REG: 2 VALUE: 0x0001
sub r1, r3, r4
INUM:      672 PC: 0x0956 REG: 1 VALUE: 0xed02
nop
INUM:      673 PC: 0x0958
btr r6, r1
INUM:      674 PC: 0x095a REG: 6 VALUE: 0x40b7
add r5, r7, r1
INUM:      675 PC: 0x095c REG: 5 VALUE: 0xed06
seq r3, r1, r2
INUM:      676 PC: 0x095e REG: 3 VALUE: 0x0000
subi r2, r3, 13
INUM:      677 PC: 0x0960 REG: 2 VALUE: 0x000d
nop
INUM:      678 PC: 0x0962
andni r1, r1, 1
INUM:      679 PC: 0x0964 REG: 1 VALUE: 0xed02
ld r6, r1, 4
INUM:      680 PC: 0x0966 REG: 6 VALUE: 0x0000 ADDR: 0xed06
addi r3, r5, 13
INUM:      681 PC: 0x0968 REG: 3 VALUE: 0xed13
srl r0, r3, r6
INUM:      682 PC: 0x096a REG: 0 VALUE: 0xed13
sco r1, r1, r4
INUM:      683 PC: 0x096c REG: 1 VALUE: 0x0001
slli r0, r5, 7
INUM:      684 PC: 0x096e REG: 0 VALUE: 0x8300
andni r4, r4, 1
INUM:      685 PC: 0x0970 REG: 4 VALUE: 0xed02
stu r1, r4, 2
INUM:      686 PC: 0x0972 REG: 4 VALUE: 0xed04 ADDR: 0xed04 VALUE: 0x0001
addi r1, r0, 11
INUM:      687 PC: 0x0974 REG: 1 VALUE: 0x830b
nop
INUM:      688 PC: 0x0976
andni r7, r7, 1
INUM:      689 PC: 0x0978 REG: 7 VALUE: 0x0004
st r3, r7, 10
INUM:      690 PC: 0x097a ADDR: 0x000e VALUE: 0xed13
xor r6, r0, r5
INUM:      691 PC: 0x097c REG: 6 VALUE: 0x6e06
sle r6, r5, r5
INUM:      692 PC: 0x097e REG: 6 VALUE: 0x0001
add r1, r2, r1
INUM:      693 PC: 0x0980 REG: 1 VALUE: 0x8318
andn r0, r6, r1
INUM:      694 PC: 0x0982 REG: 0 VALUE: 0x0001
srli r1, r5, 1
INUM:      695 PC: 0x0984 REG: 1 VALUE: 0x7683
rori r0, r3, 5
INUM:      696 PC: 0x0986 REG: 0 VALUE: 0x9f68
seq r3, r7, r6
INUM:      697 PC: 0x0988 REG: 3 VALUE: 0x0000
lbi r0, 15
INUM:      698 PC: 0x098a REG: 0 VALUE: 0x000f
andn r0, r5, r2
INUM:      699 PC: 0x098c REG: 0 VALUE: 0xed02
sll r4, r4, r3
INUM:      700 PC: 0x098e REG: 4 VALUE: 0xed04
rol r7, r5, r5
INUM:      701 PC: 0x0990 REG: 7 VALUE: 0x41bb
slli r1, r7, 10
INUM:      702 PC: 0x0992 REG: 1 VALUE: 0xec00
nop
INUM:      703 PC: 0x0994
btr r6, r3
INUM:      704 PC: 0x0996 REG: 6 VALUE: 0x0000
andni r2, r1, 0
INUM:      705 PC: 0x0998 REG: 2 VALUE: 0xec00
srli r4, r5, 0
INUM:      706 PC: 0x099a REG: 4 VALUE: 0xed06
lbi r5, 12
INUM:      707 PC: 0x099c REG: 5 VALUE: 0x000c
sll r0, r3, r4
INUM:      708 PC: 0x099e REG: 0 VALUE: 0x0000
xori r5, r0, 2
INUM:      709 PC: 0x09a0 REG: 5 VALUE: 0x0002
j 10
INUM:      710 PC: 0x09a2
lbi r5, 0
INUM:      711 PC: 0x09ae REG: 5 VALUE: 0x0000
lbi r1, 0
INUM:      712 PC: 0x09b0 REG: 1 VALUE: 0x0000
bnez r3, 0
INUM:      713 PC: 0x09b2
lbi r4, 0
INUM:      714 PC: 0x09b4 REG: 4 VALUE: 0x0000
lbi r3, 0
INUM:      715 PC: 0x09b6 REG: 3 VALUE: 0x0000
nop
INUM:      716 PC: 0x09b8
bgez r5, 16
INUM:      717 PC: 0x09ba
andn r1, r2, r1
INUM:      718 PC: 0x09cc REG: 1 VALUE: 0xec00
addi r2, r6, 11
INUM:      719 PC: 0x09ce REG: 2 VALUE: 0x000b
nop
INUM:      720 PC: 0x09d0
btr r7, r4
INUM:      721 PC: 0x09d2 REG: 7 VALUE: 0x0000
subi r2, r6, 2
INUM:      722 PC: 0x09d4 REG: 2 VALUE: 0x0002
add r7, r5, r0
INUM:      723 PC: 0x09d6 REG: 7 VALUE: 0x0000
sle r1, r1, r7
INUM:      724 PC: 0x09d8 REG: 1 VALUE: 0x0001
andn r1, r1, r3
INUM:      725 PC: 0x09da REG: 1 VALUE: 0x0001
andni r3, r3, 1
INUM:      726 PC: 0x09dc REG: 3 VALUE: 0x0000
st r2, r3, 6
INUM:      727 PC: 0x09de ADDR: 0x0006 VALUE: 0x0002
j 6
INUM:      728 PC: 0x09e0
j 0
INUM:      729 PC: 0x09e8
lbi r2, 0
INUM:      730 PC: 0x09ea REG: 2 VALUE: 0x0000
lbi r2, 0
INUM:      731 PC: 0x09ec REG: 2 VALUE: 0x0000
bgez r1, 24
INUM:      732 PC: 0x09ee
rori r5, r5, 6
INUM:      733 PC: 0x0a08 REG: 5 VALUE: 0x0000
subi r5, r2, 5
INUM:      734 PC: 0x0a0a REG: 5 VALUE: 0x0005
srl r3, r2, r5
INUM:      735 PC: 0x0a0c REG: 3 VALUE: 0x0000
andni r2, r5, 6
INUM:      736 PC: 0x0a0e REG: 2 VALUE: 0x0001
xori r1, r3, 11
INUM:      737 PC: 0x0a10 REG: 1 VALUE: 0x000b
sco r3, r1, r2
INUM:      738 PC: 0x0a12 REG: 3 VALUE: 0x0000
sub r6, r3, r2
INUM:      739 PC: 0x0a14 REG: 6 VALUE: 0x0001
ror r5, r7, r1
INUM:      740 PC: 0x0a16 REG: 5 VALUE: 0x0000
subi r4, r7, 7
INUM:      741 PC: 0x0a18 REG: 4 VALUE: 0x0007
xor r3, r7, r5
INUM:      742 PC: 0x0a1a REG: 3 VALUE: 0x0000
sll r6, r5, r2
INUM:      743 PC: 0x0a1c REG: 6 VALUE: 0x0000
srli r0, r1, 12
INUM:      744 PC: 0x0a1e REG: 0 VALUE: 0x0000
rol r1, r7, r5
INUM:      745 PC: 0x0a20 REG: 1 VALUE: 0x0000
xori r0, r5, 11
INUM:      746 PC: 0x0a22 REG: 0 VALUE: 0x000b
lbi r6, 0
INUM:      747 PC: 0x0a24 REG: 6 VALUE: 0x0000
lbi r1, 0
INUM:      748 PC: 0x0a26 REG: 1 VALUE: 0x0000
nop
INUM:      749 PC: 0x0a28
beqz r5, 8
INUM:      750 PC: 0x0a2a
andni r2, r2, 1
INUM:      751 PC: 0x0a34 REG: 2 VALUE: 0x0000
stu r2, r2, 6
INUM:      752 PC: 0x0a36 REG: 2 VALUE: 0x0006 ADDR: 0x0006 VALUE: 0x0000
slt r2, r1, r5
INUM:      753 PC: 0x0a38 REG: 2 VALUE: 0x0000
sle r0, r3, r3
INUM:      754 PC: 0x0a3a REG: 0 VALUE: 0x0001
sco r4, r7, r6
INUM:      755 PC: 0x0a3c REG: 4 VALUE: 0x0000
j 12
INUM:      756 PC: 0x0a3e
lbi r6, 0
INUM:      757 PC: 0x0a4c REG: 6 VALUE: 0x0000
lbi r5, 0
INUM:      758 PC: 0x0a4e REG: 5 VALUE: 0x0000
nop
INUM:      759 PC: 0x0a50
bnez r6, 28
INUM:      760 PC: 0x0a52
ror r5, r3, r1
INUM:      761 PC: 0x0a54 REG: 5 VALUE: 0x0000
sco r3, r2, r5
INUM:      762 PC: 0x0a56 REG: 3 VALUE: 0x0000
srl r7, r2, r3
INUM:      763 PC: 0x0a58 REG: 7 VALUE: 0x0000
srli r0, r5, 8
INUM:      764 PC: 0x0a5a REG: 0 VALUE: 0x0000
sll r2, r4, r2
INUM:      765 PC: 0x0a5c REG: 2 VALUE: 0x0000
srl r5, r4, r3
INUM:      766 PC: 0x0a5e REG: 5 VALUE: 0x0000
andni r6, r6, 1
INUM:      767 PC: 0x0a60 REG: 6 VALUE: 0x0000
ld r0, r6, 4
INUM:      768 PC: 0x0a62 REG: 0 VALUE: 0xc101 ADDR: 0x0004
andni r2, r6, 12
INUM:      769 PC: 0x0a64 REG: 2 VALUE: 0x0000
nop
INUM:      770 PC: 0x0a66
andni r3, r3, 1
INUM:      771 PC: 0x0a68 REG: 3 VALUE: 0x0000
stu r6, r3, 0
INUM:      772 PC: 0x0a6a REG: 3 VALUE: 0x0000 ADDR: 0x0000 VALUE: 0x0000
srli r7, r3, 13
INUM:      773 PC: 0x0a6c REG: 7 VALUE: 0x0000
slt r3, r0, r6
INUM:      774 PC: 0x0a6e REG: 3 VALUE: 0x0001
sle r5, r6, r2
INUM:      775 PC: 0x0a70 REG: 5 VALUE: 0x0001
slbi r6, 6
INUM:      776 PC: 0x0a72 REG: 6 VALUE: 0x0006
slbi r2, 12
INUM:      777 PC: 0x0a74 REG: 2 VALUE: 0x000c
sll r5, r4, r2
INUM:      778 PC: 0x0a76 REG: 5 VALUE: 0x0000
andni r3, r3, 1
INUM:      779 PC: 0x0a78 REG: 3 VALUE: 0x0000
stu r1, r3, 4
INUM:      780 PC: 0x0a7a REG: 3 VALUE: 0x0004 ADDR: 0x0004 VALUE: 0x0000
add r4, r2, r4
INUM:      781 PC: 0x0a7c REG: 4 VALUE: 0x000c
sll r6, r0, r1
INUM:      782 PC: 0x0a7e REG: 6 VALUE: 0xc101
xor r6, r0, r5
INUM:      783 PC: 0x0a80 REG: 6 VALUE: 0xc101
nop
INUM:      784 PC: 0x0a82
andni r6, r6, 1
INUM:      785 PC: 0x0a84 REG: 6 VALUE: 0xc100
ld r0, r6, 2
INUM:      786 PC: 0x0a86 REG: 0 VALUE: 0x0000 ADDR: 0xc102
ror r0, r4, r3
INUM:      787 PC: 0x0a88 REG: 0 VALUE: 0xc000
sle r2, r5, r4
INUM:      788 PC: 0x0a8a REG: 2 VALUE: 0x0001
ror r2, r0, r4
INUM:      789 PC: 0x0a8c REG: 2 VALUE: 0x000c
sle r1, r1, r6
INUM:      790 PC: 0x0a8e REG: 1 VALUE: 0x0000
andni r6, r3, 6
INUM:      791 PC: 0x0a90 REG: 6 VALUE: 0x0000
addi r2, r5, 9
INUM:      792 PC: 0x0a92 REG: 2 VALUE: 0x0009
sle r0, r6, r2
INUM:      793 PC: 0x0a94 REG: 0 VALUE: 0x0001
rol r7, r2, r6
INUM:      794 PC: 0x0a96 REG: 7 VALUE: 0x0009
lbi r0, 0
INUM:      795 PC: 0x0a98 REG: 0 VALUE: 0x0000
lbi r3, 0
INUM:      796 PC: 0x0a9a REG: 3 VALUE: 0x0000
nop
INUM:      797 PC: 0x0a9c
bltz r4, 12
INUM:      798 PC: 0x0a9e
sub r5, r2, r1
INUM:      799 PC: 0x0aa0 REG: 5 VALUE: 0xfff7
xori r4, r1, 8
INUM:      800 PC: 0x0aa2 REG: 4 VALUE: 0x0008
roli r7, r5, 7
INUM:      801 PC: 0x0aa4 REG: 7 VALUE: 0xfbff
andn r0, r1, r0
INUM:      802 PC: 0x0aa6 REG: 0 VALUE: 0x0000
seq r5, r4, r3
INUM:      803 PC: 0x0aa8 REG: 5 VALUE: 0x0000
roli r0, r4, 9
INUM:      804 PC: 0x0aaa REG: 0 VALUE: 0x1000
sub r7, r1, r4
INUM:      805 PC: 0x0aac REG: 7 VALUE: 0x0008
sub r3, r3, r5
INUM:      806 PC: 0x0aae REG: 3 VALUE: 0x0000
srl r0, r7, r7
INUM:      807 PC: 0x0ab0 REG: 0 VALUE: 0x0000
slli r6, r3, 11
INUM:      808 PC: 0x0ab2 REG: 6 VALUE: 0x0000
rol r7, r2, r7
INUM:      809 PC: 0x0ab4 REG: 7 VALUE: 0x0900
andni r5, r2, 6
INUM:      810 PC: 0x0ab6 REG: 5 VALUE: 0x0009
j 8
INUM:      811 PC: 0x0ab8
halt
program halted
INUM:      812 PC: 0x0ac2
Program Finished
