          // seed 8
0000 c023 lbi r0, 35 // icount 0
0002 9062 slbi r0, 98 // icount 1
0004 c101 lbi r1, 1 // icount 2
0006 9198 slbi r1, 152 // icount 3
0008 c27b lbi r2, 123 // icount 4
000a 9283 slbi r2, 131 // icount 5
000c c3a7 lbi r3, 167 // icount 6
000e 9357 slbi r3, 87 // icount 7
0010 c4e2 lbi r4, 226 // icount 8
0012 94b6 slbi r4, 182 // icount 9
0014 c5af lbi r5, 175 // icount 10
0016 951c slbi r5, 28 // icount 11
0018 c6ee lbi r6, 238 // icount 12
001a 96b1 slbi r6, 177 // icount 13
001c c7d8 lbi r7, 216 // icount 14
001e 97ca slbi r7, 202 // icount 15
0020 2016 j 22 // icount 16
0022 0800 nop // icount 17
0024 0800 nop // icount 18
0026 0800 nop // icount 19
0028 0800 nop // icount 20
002a 0800 nop // icount 21
002c 0800 nop // icount 22
002e 0800 nop // icount 23
0030 0800 nop // icount 24
0032 0800 nop // icount 25
0034 0800 nop // icount 26
0036 0800 nop // icount 27
0038 c600 lbi r6, 0 // icount 28
003a c700 lbi r7, 0 // icount 29
003c 0800 nop // to align branch icount 30
003e 711c bltz r1, 28 // icount 31
0040 d884 add r1, r0, r4 // icount 32
0042 de25 sub r1, r6, r1 // icount 33
0044 d6f5 sll r5, r6, r7 // icount 34
0046 e694 seq r5, r6, r4 // icount 35
0048 db12 xor r4, r3, r0 // icount 36
004a da61 sub r0, r2, r3 // icount 37
004c 5da1 andni r5, r5, 1 // icount 38
004e 8de6 ld r7, r5, 6 // icount 39
0050 4e85 subi r4, r6, 5 // icount 40
0052 0800 nop // to align meminst icount 41
0054 5fe1 andni r7, r7, 1 // icount 42
0056 87e8 st r7, r7, 8 // icount 43
0058 5226 xori r1, r2, 6 // icount 44
005a d125 sll r1, r1, r1 // icount 45
005c a926 slli r1, r1, 6 // icount 46
005e cc00 btr r0, r4 // icount 47
0060 e42c seq r3, r4, r1 // icount 48
0062 4148 addi r2, r1, 8 // icount 49
0064 5c81 andni r4, r4, 1 // icount 50
0066 8c8a ld r4, r4, 10 // icount 51
0068 a581 roli r4, r5, 1 // icount 52
006a d63d sll r7, r6, r1 // icount 53
006c b606 rori r0, r6, 6 // icount 54
006e e2fc seq r7, r2, r7 // icount 55
0070 4a01 subi r0, r2, 1 // icount 56
0072 45c1 addi r6, r5, 1 // icount 57
0074 df5c add r7, r7, r2 // icount 58
0076 960d slbi r6, 13 // icount 59
0078 bd6a srli r3, r5, 10 // icount 60
007a dd86 xor r1, r5, r4 // icount 61
007c a1a7 roli r5, r1, 7 // icount 62
007e d2c0 rol r0, r2, r6 // icount 63
0080 c700 lbi r7, 0 // icount 64
0082 c100 lbi r1, 0 // icount 65
0084 0800 nop // to align branch icount 66
0086 6900 bnez r1, 0 // icount 67
0088 c500 lbi r5, 0 // icount 68
008a c500 lbi r5, 0 // icount 69
008c 0800 nop // to align branch icount 70
008e 7f18 bgez r7, 24 // icount 71
0090 9009 slbi r0, 9 // icount 72
0092 dbcb andn r2, r3, r6 // icount 73
0094 d63b srl r6, r6, r1 // icount 74
0096 52c1 xori r6, r2, 1 // icount 75
0098 dd99 sub r6, r5, r4 // icount 76
009a defe xor r7, r6, r7 // icount 77
009c b5e1 rori r7, r5, 1 // icount 78
009e 0800 nop // to align meminst icount 79
00a0 5da1 andni r5, r5, 1 // icount 80
00a2 85a2 st r5, r5, 2 // icount 81
00a4 bfad srli r5, r7, 13 // icount 82
00a6 e264 seq r1, r2, r3 // icount 83
00a8 a704 roli r0, r7, 4 // icount 84
00aa daab andn r2, r2, r5 // icount 85
00ac d7f4 rol r5, r7, r7 // icount 86
00ae e330 seq r4, r3, r1 // icount 87
00b0 d888 add r2, r0, r4 // icount 88
00b2 0800 nop // to align meminst icount 89
00b4 5da1 andni r5, r5, 1 // icount 90
00b6 8dce ld r6, r5, 14 // icount 91
00b8 a46d roli r3, r4, 13 // icount 92
00ba 5045 xori r2, r0, 5 // icount 93
00bc b3cb rori r6, r3, 11 // icount 94
00be a809 slli r0, r0, 9 // icount 95
00c0 a0cc roli r6, r0, 12 // icount 96
00c2 d5da ror r6, r5, r6 // icount 97
00c4 0800 nop // to align branch icount 98
00c6 c904 btr r1, r1 // icount 99
00c8 aea8 slli r5, r6, 8 // icount 100
00ca 2000 j 0 // icount 101
00cc c300 lbi r3, 0 // icount 102
00ce c600 lbi r6, 0 // icount 103
00d0 0800 nop // to align branch icount 104
00d2 7114 bltz r1, 20 // icount 105
00d4 d347 srl r1, r3, r2 // icount 106
00d6 d453 srl r4, r4, r2 // icount 107
00d8 daae xor r3, r2, r5 // icount 108
00da a36c roli r3, r3, 12 // icount 109
00dc abca slli r6, r3, 10 // icount 110
00de 4649 addi r2, r6, 9 // icount 111
00e0 5c81 andni r4, r4, 1 // icount 112
00e2 8440 st r2, r4, 0 // icount 113
00e4 d79d sll r7, r7, r4 // icount 114
00e6 dd89 sub r2, r5, r4 // icount 115
00e8 dc18 add r6, r4, r0 // icount 116
00ea d7e4 rol r1, r7, r7 // icount 117
00ec f48c sle r3, r4, r4 // icount 118
00ee bca8 srli r5, r4, 8 // icount 119
00f0 de9c add r7, r6, r4 // icount 120
00f2 f268 sle r2, r2, r3 // icount 121
00f4 f454 sle r5, r4, r2 // icount 122
00f6 a0a2 roli r5, r0, 2 // icount 123
00f8 de2f andn r3, r6, r1 // icount 124
00fa 910b slbi r1, 11 // icount 125
00fc d595 sll r5, r5, r4 // icount 126
00fe c100 lbi r1, 0 // icount 127
0100 c200 lbi r2, 0 // icount 128
0102 7000 bltz r0, 0 // icount 129
0104 2014 j 20 // icount 130
0106 0800 nop // icount 131
0108 0800 nop // icount 132
010a 0800 nop // icount 133
010c 0800 nop // icount 134
010e 0800 nop // icount 135
0110 0800 nop // icount 136
0112 0800 nop // icount 137
0114 0800 nop // icount 138
0116 0800 nop // icount 139
0118 0800 nop // icount 140
011a 2008 j 8 // icount 141
011c 0800 nop // icount 142
011e 0800 nop // icount 143
0120 0800 nop // icount 144
0122 0800 nop // icount 145
0124 201e j 30 // icount 146
0126 0800 nop // icount 147
0128 0800 nop // icount 148
012a 0800 nop // icount 149
012c 0800 nop // icount 150
012e 0800 nop // icount 151
0130 0800 nop // icount 152
0132 0800 nop // icount 153
0134 0800 nop // icount 154
0136 0800 nop // icount 155
0138 0800 nop // icount 156
013a 0800 nop // icount 157
013c 0800 nop // icount 158
013e 0800 nop // icount 159
0140 0800 nop // icount 160
0142 0800 nop // icount 161
0144 200c j 12 // icount 162
0146 0800 nop // icount 163
0148 0800 nop // icount 164
014a 0800 nop // icount 165
014c 0800 nop // icount 166
014e 0800 nop // icount 167
0150 0800 nop // icount 168
0152 200c j 12 // icount 169
0154 0800 nop // icount 170
0156 0800 nop // icount 171
0158 0800 nop // icount 172
015a 0800 nop // icount 173
015c 0800 nop // icount 174
015e 0800 nop // icount 175
0160 2006 j 6 // icount 176
0162 0800 nop // icount 177
0164 0800 nop // icount 178
0166 0800 nop // icount 179
0168 2002 j 2 // icount 180
016a 0800 nop // icount 181
016c c400 lbi r4, 0 // icount 182
016e c700 lbi r7, 0 // icount 183
0170 0800 nop // to align branch icount 184
0172 7a08 bgez r2, 8 // icount 185
0174 e224 seq r1, r2, r1 // icount 186
0176 b34a rori r2, r3, 10 // icount 187
0178 5062 xori r3, r0, 2 // icount 188
017a e8c0 slt r0, r0, r6 // icount 189
017c f764 sle r1, r7, r3 // icount 190
017e af05 slli r0, r7, 5 // icount 191
0180 ee88 slt r2, r6, r4 // icount 192
0182 0800 nop // to align meminst icount 193
0184 5fe1 andni r7, r7, 1 // icount 194
0186 8fc6 ld r6, r7, 6 // icount 195
0188 c400 lbi r4, 0 // icount 196
018a c700 lbi r7, 0 // icount 197
018c 0800 nop // to align branch icount 198
018e 771c bltz r7, 28 // icount 199
0190 d4a4 rol r1, r4, r5 // icount 200
0192 d078 rol r6, r0, r3 // icount 201
0194 ac69 slli r3, r4, 9 // icount 202
0196 d373 srl r4, r3, r3 // icount 203
0198 a729 roli r1, r7, 9 // icount 204
019a 0800 nop // to align meminst icount 205
019c 5c81 andni r4, r4, 1 // icount 206
019e 9c6a stu r3, r4, 10 // icount 207
01a0 d448 rol r2, r4, r2 // icount 208
01a2 cb0c btr r3, r3 // icount 209
01a4 e12c seq r3, r1, r1 // icount 210
01a6 f950 sco r4, r1, r2 // icount 211
01a8 dbb1 sub r4, r3, r5 // icount 212
01aa 0800 nop // to align meminst icount 213
01ac 5da1 andni r5, r5, 1 // icount 214
01ae 85ea st r7, r5, 10 // icount 215
01b0 db67 andn r1, r3, r3 // icount 216
01b2 d0c6 ror r1, r0, r6 // icount 217
01b4 f644 sle r1, r6, r2 // icount 218
01b6 0800 nop // to align meminst icount 219
01b8 5da1 andni r5, r5, 1 // icount 220
01ba 8568 st r3, r5, 8 // icount 221
01bc d6e7 srl r1, r6, r7 // icount 222
01be d1e4 rol r1, r1, r7 // icount 223
01c0 4267 addi r3, r2, 7 // icount 224
01c2 51cf xori r6, r1, 15 // icount 225
01c4 5fe1 andni r7, r7, 1 // icount 226
01c6 9f0c stu r0, r7, 12 // icount 227
01c8 d9cd sub r3, r1, r6 // icount 228
01ca d95f andn r7, r1, r2 // icount 229
01cc 4847 subi r2, r0, 7 // icount 230
01ce aaa1 slli r5, r2, 1 // icount 231
01d0 5ec1 andni r6, r6, 1 // icount 232
01d2 86a8 st r5, r6, 8 // icount 233
01d4 d4e1 sll r0, r4, r7 // icount 234
01d6 d942 xor r0, r1, r2 // icount 235
01d8 2008 j 8 // icount 236
01da 0800 nop // icount 237
01dc 0800 nop // icount 238
01de 0800 nop // icount 239
01e0 0800 nop // icount 240
01e2 c700 lbi r7, 0 // icount 241
01e4 c400 lbi r4, 0 // icount 242
01e6 6900 bnez r1, 0 // icount 243
01e8 2004 j 4 // icount 244
01ea 0800 nop // icount 245
01ec 0800 nop // icount 246
01ee 2020 j 32 // icount 247
01f0 0800 nop // icount 248
01f2 0800 nop // icount 249
01f4 0800 nop // icount 250
01f6 0800 nop // icount 251
01f8 0800 nop // icount 252
01fa 0800 nop // icount 253
01fc 0800 nop // icount 254
01fe 0800 nop // icount 255
0200 0800 nop // icount 256
0202 0800 nop // icount 257
0204 0800 nop // icount 258
0206 0800 nop // icount 259
0208 0800 nop // icount 260
020a 0800 nop // icount 261
020c 0800 nop // icount 262
020e 0800 nop // icount 263
0210 2004 j 4 // icount 264
0212 0800 nop // icount 265
0214 0800 nop // icount 266
0216 200c j 12 // icount 267
0218 0800 nop // icount 268
021a 0800 nop // icount 269
021c 0800 nop // icount 270
021e 0800 nop // icount 271
0220 0800 nop // icount 272
0222 0800 nop // icount 273
0224 2000 j 0 // icount 274
0226 2014 j 20 // icount 275
0228 0800 nop // icount 276
022a 0800 nop // icount 277
022c 0800 nop // icount 278
022e 0800 nop // icount 279
0230 0800 nop // icount 280
0232 0800 nop // icount 281
0234 0800 nop // icount 282
0236 0800 nop // icount 283
0238 0800 nop // icount 284
023a 0800 nop // icount 285
023c 2002 j 2 // icount 286
023e 0800 nop // icount 287
0240 c600 lbi r6, 0 // icount 288
0242 c700 lbi r7, 0 // icount 289
0244 0800 nop // to align branch icount 290
0246 601c beqz r0, 28 // icount 291
0248 bc04 srli r0, r4, 4 // icount 292
024a d8ca xor r2, r0, r6 // icount 293
024c d40c rol r3, r4, r0 // icount 294
024e 0800 nop // to align meminst icount 295
0250 5ec1 andni r6, r6, 1 // icount 296
0252 9e40 stu r2, r6, 0 // icount 297
0254 c600 lbi r6, 0 // icount 298
0256 d14c rol r3, r1, r2 // icount 299
0258 b800 srli r0, r0, 0 // icount 300
025a 0800 nop // to align meminst icount 301
025c 5a41 andni r2, r2, 1 // icount 302
025e 82e0 st r7, r2, 0 // icount 303
0260 c600 lbi r6, 0 // icount 304
0262 5645 xori r2, r6, 5 // icount 305
0264 9400 slbi r4, 0 // icount 306
0266 dced sub r3, r4, r7 // icount 307
0268 5801 andni r0, r0, 1 // icount 308
026a 8820 ld r1, r0, 0 // icount 309
026c 5801 andni r0, r0, 1 // icount 310
026e 800a st r0, r0, 10 // icount 311
0270 c40f lbi r4, 15 // icount 312
0272 ce0c btr r3, r6 // icount 313
0274 e1d8 seq r6, r1, r6 // icount 314
0276 4e83 subi r4, r6, 3 // icount 315
0278 c60d lbi r6, 13 // icount 316
027a 41ad addi r5, r1, 13 // icount 317
027c f428 sle r2, r4, r1 // icount 318
027e ac8c slli r4, r4, 12 // icount 319
0280 4821 subi r1, r0, 1 // icount 320
0282 dcf0 add r4, r4, r7 // icount 321
0284 d40e ror r3, r4, r0 // icount 322
0286 c904 btr r1, r1 // icount 323
0288 d228 rol r2, r2, r1 // icount 324
028a ec44 slt r1, r4, r2 // icount 325
028c c300 lbi r3, 0 // icount 326
028e c700 lbi r7, 0 // icount 327
0290 0800 nop // to align branch icount 328
0292 6c1c bnez r4, 28 // icount 329
0294 f6a8 sle r2, r6, r5 // icount 330
0296 c705 lbi r7, 5 // icount 331
0298 d092 ror r4, r0, r4 // icount 332
029a d4db srl r6, r4, r6 // icount 333
029c 5ec1 andni r6, r6, 1 // icount 334
029e 860a st r0, r6, 10 // icount 335
02a0 5ec1 andni r6, r6, 1 // icount 336
02a2 9e4a stu r2, r6, 10 // icount 337
02a4 d104 rol r1, r1, r0 // icount 338
02a6 42e5 addi r7, r2, 5 // icount 339
02a8 ff9c sco r7, r7, r4 // icount 340
02aa bcc1 srli r6, r4, 1 // icount 341
02ac c206 lbi r2, 6 // icount 342
02ae 950a slbi r5, 10 // icount 343
02b0 f880 sco r0, r0, r4 // icount 344
02b2 b54d rori r2, r5, 13 // icount 345
02b4 dbd0 add r4, r3, r6 // icount 346
02b6 d16c rol r3, r1, r3 // icount 347
02b8 fee4 sco r1, r6, r7 // icount 348
02ba d75b srl r6, r7, r2 // icount 349
02bc db4e xor r3, r3, r2 // icount 350
02be 0800 nop // to align meminst icount 351
02c0 5ec1 andni r6, r6, 1 // icount 352
02c2 860e st r0, r6, 14 // icount 353
02c4 de0e xor r3, r6, r0 // icount 354
02c6 0800 nop // to align meminst icount 355
02c8 5801 andni r0, r0, 1 // icount 356
02ca 80e2 st r7, r0, 2 // icount 357
02cc d2c2 ror r0, r2, r6 // icount 358
02ce dba9 sub r2, r3, r5 // icount 359
02d0 5da1 andni r5, r5, 1 // icount 360
02d2 9d42 stu r2, r5, 2 // icount 361
02d4 f0f8 sle r6, r0, r7 // icount 362
02d6 edc4 slt r1, r5, r6 // icount 363
02d8 58ee andni r7, r0, 14 // icount 364
02da 201e j 30 // icount 365
02dc 0800 nop // icount 366
02de 0800 nop // icount 367
02e0 0800 nop // icount 368
02e2 0800 nop // icount 369
02e4 0800 nop // icount 370
02e6 0800 nop // icount 371
02e8 0800 nop // icount 372
02ea 0800 nop // icount 373
02ec 0800 nop // icount 374
02ee 0800 nop // icount 375
02f0 0800 nop // icount 376
02f2 0800 nop // icount 377
02f4 0800 nop // icount 378
02f6 0800 nop // icount 379
02f8 0800 nop // icount 380
02fa 200a j 10 // icount 381
02fc 0800 nop // icount 382
02fe 0800 nop // icount 383
0300 0800 nop // icount 384
0302 0800 nop // icount 385
0304 0800 nop // icount 386
0306 2020 j 32 // icount 387
0308 0800 nop // icount 388
030a 0800 nop // icount 389
030c 0800 nop // icount 390
030e 0800 nop // icount 391
0310 0800 nop // icount 392
0312 0800 nop // icount 393
0314 0800 nop // icount 394
0316 0800 nop // icount 395
0318 0800 nop // icount 396
031a 0800 nop // icount 397
031c 0800 nop // icount 398
031e 0800 nop // icount 399
0320 0800 nop // icount 400
0322 0800 nop // icount 401
0324 0800 nop // icount 402
0326 0800 nop // icount 403
0328 2002 j 2 // icount 404
032a 0800 nop // icount 405
032c 2000 j 0 // icount 406
032e c300 lbi r3, 0 // icount 407
0330 c600 lbi r6, 0 // icount 408
0332 7714 bltz r7, 20 // icount 409
0334 d499 sll r6, r4, r4 // icount 410
0336 a2ce roli r6, r2, 14 // icount 411
0338 de7a xor r6, r6, r3 // icount 412
033a cd04 btr r1, r5 // icount 413
033c 910c slbi r1, 12 // icount 414
033e d8b2 xor r4, r0, r5 // icount 415
0340 4466 addi r3, r4, 6 // icount 416
0342 ee74 slt r5, r6, r3 // icount 417
0344 9407 slbi r4, 7 // icount 418
0346 9202 slbi r2, 2 // icount 419
0348 9707 slbi r7, 7 // icount 420
034a 52c0 xori r6, r2, 0 // icount 421
034c a240 roli r2, r2, 0 // icount 422
034e dd18 add r6, r5, r0 // icount 423
0350 5c81 andni r4, r4, 1 // icount 424
0352 9c86 stu r4, r4, 6 // icount 425
0354 4c83 subi r4, r4, 3 // icount 426
0356 e358 seq r6, r3, r2 // icount 427
0358 5ec1 andni r6, r6, 1 // icount 428
035a 8ea2 ld r5, r6, 2 // icount 429
035c 4bef subi r7, r3, 15 // icount 430
035e d359 sll r6, r3, r2 // icount 431
0360 2014 j 20 // icount 432
0362 0800 nop // icount 433
0364 0800 nop // icount 434
0366 0800 nop // icount 435
0368 0800 nop // icount 436
036a 0800 nop // icount 437
036c 0800 nop // icount 438
036e 0800 nop // icount 439
0370 0800 nop // icount 440
0372 0800 nop // icount 441
0374 0800 nop // icount 442
0376 c300 lbi r3, 0 // icount 443
0378 c200 lbi r2, 0 // icount 444
037a 6308 beqz r3, 8 // icount 445
037c e8f8 slt r6, r0, r7 // icount 446
037e e664 seq r1, r6, r3 // icount 447
0380 b905 srli r0, r1, 5 // icount 448
0382 d0ea ror r2, r0, r7 // icount 449
0384 f044 sle r1, r0, r2 // icount 450
0386 ed98 slt r6, r5, r4 // icount 451
0388 c30d lbi r3, 13 // icount 452
038a 0800 nop // to align meminst icount 453
038c 5c81 andni r4, r4, 1 // icount 454
038e 9c44 stu r2, r4, 4 // icount 455
0390 2016 j 22 // icount 456
0392 0800 nop // icount 457
0394 0800 nop // icount 458
0396 0800 nop // icount 459
0398 0800 nop // icount 460
039a 0800 nop // icount 461
039c 0800 nop // icount 462
039e 0800 nop // icount 463
03a0 0800 nop // icount 464
03a2 0800 nop // icount 465
03a4 0800 nop // icount 466
03a6 0800 nop // icount 467
03a8 2010 j 16 // icount 468
03aa 0800 nop // icount 469
03ac 0800 nop // icount 470
03ae 0800 nop // icount 471
03b0 0800 nop // icount 472
03b2 0800 nop // icount 473
03b4 0800 nop // icount 474
03b6 0800 nop // icount 475
03b8 0800 nop // icount 476
03ba c300 lbi r3, 0 // icount 477
03bc c100 lbi r1, 0 // icount 478
03be 7e00 bgez r6, 0 // icount 479
03c0 c300 lbi r3, 0 // icount 480
03c2 c700 lbi r7, 0 // icount 481
03c4 0800 nop // to align branch icount 482
03c6 6714 beqz r7, 20 // icount 483
03c8 5208 xori r0, r2, 8 // icount 484
03ca 0800 nop // to align meminst icount 485
03cc 5801 andni r0, r0, 1 // icount 486
03ce 8806 ld r0, r0, 6 // icount 487
03d0 0800 nop // to align branch icount 488
03d2 cf04 btr r1, r7 // icount 489
03d4 d831 sub r4, r0, r1 // icount 490
03d6 cd18 btr r6, r5 // icount 491
03d8 b4e2 rori r7, r4, 2 // icount 492
03da 0800 nop // to align meminst icount 493
03dc 5ec1 andni r6, r6, 1 // icount 494
03de 9e88 stu r4, r6, 8 // icount 495
03e0 c009 lbi r0, 9 // icount 496
03e2 cc18 btr r6, r4 // icount 497
03e4 fba4 sco r1, r3, r5 // icount 498
03e6 0800 nop // to align meminst icount 499
03e8 5a41 andni r2, r2, 1 // icount 500
03ea 8ae2 ld r7, r2, 2 // icount 501
03ec f4a4 sle r1, r4, r5 // icount 502
03ee c814 btr r5, r0 // icount 503
03f0 e120 seq r0, r1, r1 // icount 504
03f2 da30 add r4, r2, r1 // icount 505
03f4 51cb xori r6, r1, 11 // icount 506
03f6 0800 nop // to align meminst icount 507
03f8 5a41 andni r2, r2, 1 // icount 508
03fa 8ac6 ld r6, r2, 6 // icount 509
03fc db65 sub r1, r3, r3 // icount 510
03fe df1f andn r7, r7, r0 // icount 511
0400 5a41 andni r2, r2, 1 // icount 512
0402 8a2c ld r1, r2, 12 // icount 513
0404 2006 j 6 // icount 514
0406 0800 nop // icount 515
0408 0800 nop // icount 516
040a 0800 nop // icount 517
040c c400 lbi r4, 0 // icount 518
040e c700 lbi r7, 0 // icount 519
0410 0800 nop // to align branch icount 520
0412 690c bnez r1, 12 // icount 521
0414 5e09 andni r0, r6, 9 // icount 522
0416 4c0d subi r0, r4, 13 // icount 523
0418 b30d rori r0, r3, 13 // icount 524
041a d015 sll r5, r0, r0 // icount 525
041c 5c81 andni r4, r4, 1 // icount 526
041e 8ca2 ld r5, r4, 2 // icount 527
0420 d0be ror r7, r0, r5 // icount 528
0422 0800 nop // to align meminst icount 529
0424 5921 andni r1, r1, 1 // icount 530
0426 81ca st r6, r1, 10 // icount 531
0428 b1a0 rori r5, r1, 0 // icount 532
042a 5065 xori r3, r0, 5 // icount 533
042c e088 seq r2, r0, r4 // icount 534
042e d564 rol r1, r5, r3 // icount 535
0430 b504 rori r0, r5, 4 // icount 536
0432 201c j 28 // icount 537
0434 0800 nop // icount 538
0436 0800 nop // icount 539
0438 0800 nop // icount 540
043a 0800 nop // icount 541
043c 0800 nop // icount 542
043e 0800 nop // icount 543
0440 0800 nop // icount 544
0442 0800 nop // icount 545
0444 0800 nop // icount 546
0446 0800 nop // icount 547
0448 0800 nop // icount 548
044a 0800 nop // icount 549
044c 0800 nop // icount 550
044e 0800 nop // icount 551
0450 201e j 30 // icount 552
0452 0800 nop // icount 553
0454 0800 nop // icount 554
0456 0800 nop // icount 555
0458 0800 nop // icount 556
045a 0800 nop // icount 557
045c 0800 nop // icount 558
045e 0800 nop // icount 559
0460 0800 nop // icount 560
0462 0800 nop // icount 561
0464 0800 nop // icount 562
0466 0800 nop // icount 563
0468 0800 nop // icount 564
046a 0800 nop // icount 565
046c 0800 nop // icount 566
046e 0800 nop // icount 567
0470 c500 lbi r5, 0 // icount 568
0472 c500 lbi r5, 0 // icount 569
0474 0800 nop // to align branch icount 570
0476 7814 bgez r0, 20 // icount 571
0478 d877 andn r5, r0, r3 // icount 572
047a de15 sub r5, r6, r0 // icount 573
047c 520b xori r0, r2, 11 // icount 574
047e c107 lbi r1, 7 // icount 575
0480 f288 sle r2, r2, r4 // icount 576
0482 0800 nop // to align meminst icount 577
0484 5801 andni r0, r0, 1 // icount 578
0486 800a st r0, r0, 10 // icount 579
0488 de06 xor r1, r6, r0 // icount 580
048a 4481 addi r4, r4, 1 // icount 581
048c d4b6 ror r5, r4, r5 // icount 582
048e ce04 btr r1, r6 // icount 583
0490 d288 rol r2, r2, r4 // icount 584
0492 0800 nop // to align meminst icount 585
0494 5c81 andni r4, r4, 1 // icount 586
0496 8c0c ld r0, r4, 12 // icount 587
0498 5da1 andni r5, r5, 1 // icount 588
049a 9daa stu r5, r5, 10 // icount 589
049c ff40 sco r0, r7, r2 // icount 590
049e d27c rol r7, r2, r3 // icount 591
04a0 da6c add r3, r2, r3 // icount 592
04a2 e19c seq r7, r1, r4 // icount 593
04a4 bd0c srli r0, r5, 12 // icount 594
04a6 ffcc sco r3, r7, r6 // icount 595
04a8 5fe1 andni r7, r7, 1 // icount 596
04aa 874a st r2, r7, 10 // icount 597
04ac c300 lbi r3, 0 // icount 598
04ae c300 lbi r3, 0 // icount 599
04b0 0800 nop // to align branch icount 600
04b2 741c bltz r4, 28 // icount 601
04b4 e384 seq r1, r3, r4 // icount 602
04b6 aeee slli r7, r6, 14 // icount 603
04b8 d779 sll r6, r7, r3 // icount 604
04ba d076 ror r5, r0, r3 // icount 605
04bc 5da1 andni r5, r5, 1 // icount 606
04be 8d2a ld r1, r5, 10 // icount 607
04c0 5c81 andni r4, r4, 1 // icount 608
04c2 9c0e stu r0, r4, 14 // icount 609
04c4 4203 addi r0, r2, 3 // icount 610
04c6 0800 nop // to align meminst icount 611
04c8 5921 andni r1, r1, 1 // icount 612
04ca 89a6 ld r5, r1, 6 // icount 613
04cc d79a ror r6, r7, r4 // icount 614
04ce de26 xor r1, r6, r1 // icount 615
04d0 d55d sll r7, r5, r2 // icount 616
04d2 5c64 andni r3, r4, 4 // icount 617
04d4 dfff andn r7, r7, r7 // icount 618
04d6 c804 btr r1, r0 // icount 619
04d8 d494 rol r5, r4, r4 // icount 620
04da d4e9 sll r2, r4, r7 // icount 621
04dc dffa xor r6, r7, r7 // icount 622
04de dbdc add r7, r3, r6 // icount 623
04e0 a3ec roli r7, r3, 12 // icount 624
04e2 4fe1 subi r7, r7, 1 // icount 625
04e4 5921 andni r1, r1, 1 // icount 626
04e6 9984 stu r4, r1, 4 // icount 627
04e8 ea5c slt r7, r2, r2 // icount 628
04ea dbf0 add r4, r3, r7 // icount 629
04ec aae0 slli r7, r2, 0 // icount 630
04ee d860 add r0, r0, r3 // icount 631
04f0 5a41 andni r2, r2, 1 // icount 632
04f2 8ae6 ld r7, r2, 6 // icount 633
04f4 d4a2 ror r0, r4, r5 // icount 634
04f6 0800 nop // to align meminst icount 635
04f8 5921 andni r1, r1, 1 // icount 636
04fa 9944 stu r2, r1, 4 // icount 637
04fc c100 lbi r1, 0 // icount 638
04fe c700 lbi r7, 0 // icount 639
0500 0800 nop // to align branch icount 640
0502 6e04 bnez r6, 4 // icount 641
0504 d530 rol r4, r5, r1 // icount 642
0506 d662 ror r0, r6, r3 // icount 643
0508 4c63 subi r3, r4, 3 // icount 644
050a f5f4 sle r5, r5, r7 // icount 645
050c 2002 j 2 // icount 646
050e 0800 nop // icount 647
0510 c300 lbi r3, 0 // icount 648
0512 c100 lbi r1, 0 // icount 649
0514 0800 nop // to align branch icount 650
0516 7900 bgez r1, 0 // icount 651
0518 c500 lbi r5, 0 // icount 652
051a c500 lbi r5, 0 // icount 653
051c 0800 nop // to align branch icount 654
051e 611c beqz r1, 28 // icount 655
0520 d12e ror r3, r1, r1 // icount 656
0522 0800 nop // to align meminst icount 657
0524 5ec1 andni r6, r6, 1 // icount 658
0526 8e28 ld r1, r6, 8 // icount 659
0528 bce4 srli r7, r4, 4 // icount 660
052a 4308 addi r0, r3, 8 // icount 661
052c dade xor r7, r2, r6 // icount 662
052e 4bcd subi r6, r3, 13 // icount 663
0530 a04f roli r2, r0, 15 // icount 664
0532 d907 andn r1, r1, r0 // icount 665
0534 5b61 andni r3, r3, 1 // icount 666
0536 9ba2 stu r5, r3, 2 // icount 667
0538 d953 andn r4, r1, r2 // icount 668
053a dc69 sub r2, r4, r3 // icount 669
053c b442 rori r2, r4, 2 // icount 670
053e e4d0 seq r4, r4, r6 // icount 671
0540 920d slbi r2, 13 // icount 672
0542 c40e lbi r4, 14 // icount 673
0544 d3d1 sll r4, r3, r6 // icount 674
0546 b087 rori r4, r0, 7 // icount 675
0548 c70d lbi r7, 13 // icount 676
054a 9100 slbi r1, 0 // icount 677
054c dfc5 sub r1, r7, r6 // icount 678
054e d90a xor r2, r1, r0 // icount 679
0550 d33c rol r7, r3, r1 // icount 680
0552 dee7 andn r1, r6, r7 // icount 681
0554 d1e9 sll r2, r1, r7 // icount 682
0556 4146 addi r2, r1, 6 // icount 683
0558 4245 addi r2, r2, 5 // icount 684
055a d6da ror r6, r6, r6 // icount 685
055c 5a41 andni r2, r2, 1 // icount 686
055e 82ac st r5, r2, 12 // icount 687
0560 c200 lbi r2, 0 // icount 688
0562 c400 lbi r4, 0 // icount 689
0564 0800 nop // to align branch icount 690
0566 701c bltz r0, 28 // icount 691
0568 496d subi r3, r1, 13 // icount 692
056a d7b6 ror r5, r7, r5 // icount 693
056c 4e63 subi r3, r6, 3 // icount 694
056e af65 slli r3, r7, 5 // icount 695
0570 d10d sll r3, r1, r0 // icount 696
0572 d177 srl r5, r1, r3 // icount 697
0574 f894 sco r5, r0, r4 // icount 698
0576 dcac add r3, r4, r5 // icount 699
0578 de63 andn r0, r6, r3 // icount 700
057a 9303 slbi r3, 3 // icount 701
057c b2c8 rori r6, r2, 8 // icount 702
057e df6d sub r3, r7, r3 // icount 703
0580 920a slbi r2, 10 // icount 704
0582 d318 rol r6, r3, r0 // icount 705
0584 dc51 sub r4, r4, r2 // icount 706
0586 d6a0 rol r0, r6, r5 // icount 707
0588 d29f srl r7, r2, r4 // icount 708
058a dcf7 andn r5, r4, r7 // icount 709
058c d1dc rol r7, r1, r6 // icount 710
058e e924 slt r1, r1, r1 // icount 711
0590 c604 lbi r6, 4 // icount 712
0592 0800 nop // to align meminst icount 713
0594 5c81 andni r4, r4, 1 // icount 714
0596 9c00 stu r0, r4, 0 // icount 715
0598 a781 roli r4, r7, 1 // icount 716
059a d02f srl r3, r0, r1 // icount 717
059c f904 sco r1, r1, r0 // icount 718
059e d30d sll r3, r3, r0 // icount 719
05a0 ed14 slt r5, r5, r0 // icount 720
05a2 e998 slt r6, r1, r4 // icount 721
05a4 c700 lbi r7, 0 // icount 722
05a6 c700 lbi r7, 0 // icount 723
05a8 0800 nop // to align branch icount 724
05aa 6b18 bnez r3, 24 // icount 725
05ac d7cd sll r3, r7, r6 // icount 726
05ae 0800 nop // to align meminst icount 727
05b0 5fe1 andni r7, r7, 1 // icount 728
05b2 9f2e stu r1, r7, 14 // icount 729
05b4 5ae1 andni r7, r2, 1 // icount 730
05b6 b14f rori r2, r1, 15 // icount 731
05b8 ad63 slli r3, r5, 3 // icount 732
05ba 536a xori r3, r3, 10 // icount 733
05bc db20 add r0, r3, r1 // icount 734
05be 440a addi r0, r4, 10 // icount 735
05c0 d40d sll r3, r4, r0 // icount 736
05c2 9006 slbi r0, 6 // icount 737
05c4 5546 xori r2, r5, 6 // icount 738
05c6 4fec subi r7, r7, 12 // icount 739
05c8 5c81 andni r4, r4, 1 // icount 740
05ca 84ac st r5, r4, 12 // icount 741
05cc 4146 addi r2, r1, 6 // icount 742
05ce e120 seq r0, r1, r1 // icount 743
05d0 b30f rori r0, r3, 15 // icount 744
05d2 dd9a xor r6, r5, r4 // icount 745
05d4 d027 srl r1, r0, r1 // icount 746
05d6 bcea srli r7, r4, 10 // icount 747
05d8 ddb3 andn r4, r5, r5 // icount 748
05da ab29 slli r1, r3, 9 // icount 749
05dc abc0 slli r6, r3, 0 // icount 750
05de f9a0 sco r0, r1, r5 // icount 751
05e0 bc68 srli r3, r4, 8 // icount 752
05e2 c100 lbi r1, 0 // icount 753
05e4 c700 lbi r7, 0 // icount 754
05e6 7f04 bgez r7, 4 // icount 755
05e8 0800 nop // to align branch icount 756
05ea ce04 btr r1, r6 // icount 757
05ec f88c sco r3, r0, r4 // icount 758
05ee d9a7 andn r1, r1, r5 // icount 759
05f0 ad2b slli r1, r5, 11 // icount 760
05f2 2010 j 16 // icount 761
05f4 0800 nop // icount 762
05f6 0800 nop // icount 763
05f8 0800 nop // icount 764
05fa 0800 nop // icount 765
05fc 0800 nop // icount 766
05fe 0800 nop // icount 767
0600 0800 nop // icount 768
0602 0800 nop // icount 769
0604 c200 lbi r2, 0 // icount 770
0606 c600 lbi r6, 0 // icount 771
0608 0800 nop // to align branch icount 772
060a 7504 bltz r5, 4 // icount 773
060c db62 xor r0, r3, r3 // icount 774
060e d492 ror r4, r4, r4 // icount 775
0610 daf4 add r5, r2, r7 // icount 776
0612 daeb andn r2, r2, r7 // icount 777
0614 201a j 26 // icount 778
0616 0800 nop // icount 779
0618 0800 nop // icount 780
061a 0800 nop // icount 781
061c 0800 nop // icount 782
061e 0800 nop // icount 783
0620 0800 nop // icount 784
0622 0800 nop // icount 785
0624 0800 nop // icount 786
0626 0800 nop // icount 787
0628 0800 nop // icount 788
062a 0800 nop // icount 789
062c 0800 nop // icount 790
062e 0800 nop // icount 791
0630 2002 j 2 // icount 792
0632 0800 nop // icount 793
0634 201c j 28 // icount 794
0636 0800 nop // icount 795
0638 0800 nop // icount 796
063a 0800 nop // icount 797
063c 0800 nop // icount 798
063e 0800 nop // icount 799
0640 0800 nop // icount 800
0642 0800 nop // icount 801
0644 0800 nop // icount 802
0646 0800 nop // icount 803
0648 0800 nop // icount 804
064a 0800 nop // icount 805
064c 0800 nop // icount 806
064e 0800 nop // icount 807
0650 0800 nop // icount 808
0652 201a j 26 // icount 809
0654 0800 nop // icount 810
0656 0800 nop // icount 811
0658 0800 nop // icount 812
065a 0800 nop // icount 813
065c 0800 nop // icount 814
065e 0800 nop // icount 815
0660 0800 nop // icount 816
0662 0800 nop // icount 817
0664 0800 nop // icount 818
0666 0800 nop // icount 819
0668 0800 nop // icount 820
066a 0800 nop // icount 821
066c 0800 nop // icount 822
066e 201c j 28 // icount 823
0670 0800 nop // icount 824
0672 0800 nop // icount 825
0674 0800 nop // icount 826
0676 0800 nop // icount 827
0678 0800 nop // icount 828
067a 0800 nop // icount 829
067c 0800 nop // icount 830
067e 0800 nop // icount 831
0680 0800 nop // icount 832
0682 0800 nop // icount 833
0684 0800 nop // icount 834
0686 0800 nop // icount 835
0688 0800 nop // icount 836
068a 0800 nop // icount 837
068c c300 lbi r3, 0 // icount 838
068e c200 lbi r2, 0 // icount 839
0690 0800 nop // to align branch icount 840
0692 6f00 bnez r7, 0 // icount 841
0694 2016 j 22 // icount 842
0696 0800 nop // icount 843
0698 0800 nop // icount 844
069a 0800 nop // icount 845
069c 0800 nop // icount 846
069e 0800 nop // icount 847
06a0 0800 nop // icount 848
06a2 0800 nop // icount 849
06a4 0800 nop // icount 850
06a6 0800 nop // icount 851
06a8 0800 nop // icount 852
06aa 0800 nop // icount 853
06ac c400 lbi r4, 0 // icount 854
06ae c300 lbi r3, 0 // icount 855
06b0 0800 nop // to align branch icount 856
06b2 7804 bgez r0, 4 // icount 857
06b4 de0e xor r3, r6, r0 // icount 858
06b6 d197 srl r5, r1, r4 // icount 859
06b8 fd04 sco r1, r5, r0 // icount 860
06ba d459 sll r6, r4, r2 // icount 861
06bc 2008 j 8 // icount 862
06be 0800 nop // icount 863
06c0 0800 nop // icount 864
06c2 0800 nop // icount 865
06c4 0800 nop // icount 866
06c6 c500 lbi r5, 0 // icount 867
06c8 c300 lbi r3, 0 // icount 868
06ca 6310 beqz r3, 16 // icount 869
06cc be2f srli r1, r6, 15 // icount 870
06ce 0800 nop // to align meminst icount 871
06d0 5921 andni r1, r1, 1 // icount 872
06d2 8188 st r4, r1, 8 // icount 873
06d4 5c81 andni r4, r4, 1 // icount 874
06d6 8ca2 ld r5, r4, 2 // icount 875
06d8 d163 srl r0, r1, r3 // icount 876
06da ac83 slli r4, r4, 3 // icount 877
06dc 442d addi r1, r4, 13 // icount 878
06de 950e slbi r5, 14 // icount 879
06e0 e634 seq r5, r6, r1 // icount 880
06e2 d8b2 xor r4, r0, r5 // icount 881
06e4 dd3f andn r7, r5, r1 // icount 882
06e6 df79 sub r6, r7, r3 // icount 883
06e8 da71 sub r4, r2, r3 // icount 884
06ea d3fe ror r7, r3, r7 // icount 885
06ec d58c rol r3, r5, r4 // icount 886
06ee 5607 xori r0, r6, 7 // icount 887
06f0 b5c7 rori r6, r5, 7 // icount 888
06f2 2006 j 6 // icount 889
06f4 0800 nop // icount 890
06f6 0800 nop // icount 891
06f8 0800 nop // icount 892
06fa 2014 j 20 // icount 893
06fc 0800 nop // icount 894
06fe 0800 nop // icount 895
0700 0800 nop // icount 896
0702 0800 nop // icount 897
0704 0800 nop // icount 898
0706 0800 nop // icount 899
0708 0800 nop // icount 900
070a 0800 nop // icount 901
070c 0800 nop // icount 902
070e 0800 nop // icount 903
0710 c300 lbi r3, 0 // icount 904
0712 c100 lbi r1, 0 // icount 905
0714 0800 nop // to align branch icount 906
0716 7e0c bgez r6, 12 // icount 907
0718 fc2c sco r3, r4, r1 // icount 908
071a dcad sub r3, r4, r5 // icount 909
071c 9302 slbi r3, 2 // icount 910
071e f8dc sco r7, r0, r6 // icount 911
0720 9309 slbi r3, 9 // icount 912
0722 df34 add r5, r7, r1 // icount 913
0724 e124 seq r1, r1, r1 // icount 914
0726 da8a xor r2, r2, r4 // icount 915
0728 d665 sll r1, r6, r3 // icount 916
072a db74 add r5, r3, r3 // icount 917
072c b649 rori r2, r6, 9 // icount 918
072e dfe8 add r2, r7, r7 // icount 919
0730 2010 j 16 // icount 920
0732 0800 nop // icount 921
0734 0800 nop // icount 922
0736 0800 nop // icount 923
0738 0800 nop // icount 924
073a 0800 nop // icount 925
073c 0800 nop // icount 926
073e 0800 nop // icount 927
0740 0800 nop // icount 928
0742 2012 j 18 // icount 929
0744 0800 nop // icount 930
0746 0800 nop // icount 931
0748 0800 nop // icount 932
074a 0800 nop // icount 933
074c 0800 nop // icount 934
074e 0800 nop // icount 935
0750 0800 nop // icount 936
0752 0800 nop // icount 937
0754 0800 nop // icount 938
0756 200a j 10 // icount 939
0758 0800 nop // icount 940
075a 0800 nop // icount 941
075c 0800 nop // icount 942
075e 0800 nop // icount 943
0760 0800 nop // icount 944
0762 2012 j 18 // icount 945
0764 0800 nop // icount 946
0766 0800 nop // icount 947
0768 0800 nop // icount 948
076a 0800 nop // icount 949
076c 0800 nop // icount 950
076e 0800 nop // icount 951
0770 0800 nop // icount 952
0772 0800 nop // icount 953
0774 0800 nop // icount 954
0776 2000 j 0 // icount 955
0778 2010 j 16 // icount 956
077a 0800 nop // icount 957
077c 0800 nop // icount 958
077e 0800 nop // icount 959
0780 0800 nop // icount 960
0782 0800 nop // icount 961
0784 0800 nop // icount 962
0786 0800 nop // icount 963
0788 0800 nop // icount 964
078a c400 lbi r4, 0 // icount 965
078c c700 lbi r7, 0 // icount 966
078e 7a1c bgez r2, 28 // icount 967
0790 5921 andni r1, r1, 1 // icount 968
0792 89aa ld r5, r1, 10 // icount 969
0794 e3a8 seq r2, r3, r5 // icount 970
0796 e890 slt r4, r0, r4 // icount 971
0798 5f61 andni r3, r7, 1 // icount 972
079a c601 lbi r6, 1 // icount 973
079c 5b61 andni r3, r3, 1 // icount 974
079e 8382 st r4, r3, 2 // icount 975
07a0 f938 sco r6, r1, r1 // icount 976
07a2 4885 subi r4, r0, 5 // icount 977
07a4 d765 sll r1, r7, r3 // icount 978
07a6 0800 nop // to align meminst icount 979
07a8 5b61 andni r3, r3, 1 // icount 980
07aa 9bca stu r6, r3, 10 // icount 981
07ac 5607 xori r0, r6, 7 // icount 982
07ae dfdc add r7, r7, r6 // icount 983
07b0 0800 nop // to align branch icount 984
07b2 c80c btr r3, r0 // icount 985
07b4 da0b andn r2, r2, r0 // icount 986
07b6 5808 andni r0, r0, 8 // icount 987
07b8 c103 lbi r1, 3 // icount 988
07ba 5787 xori r4, r7, 7 // icount 989
07bc 5921 andni r1, r1, 1 // icount 990
07be 99ac stu r5, r1, 12 // icount 991
07c0 bd42 srli r2, r5, 2 // icount 992
07c2 e24c seq r3, r2, r2 // icount 993
07c4 510a xori r0, r1, 10 // icount 994
07c6 f8b0 sco r4, r0, r5 // icount 995
07c8 c70e lbi r7, 14 // icount 996
07ca bdcf srli r6, r5, 15 // icount 997
07cc d4a6 ror r1, r4, r5 // icount 998
07ce dff1 sub r4, r7, r7 // icount 999
07d0 a9a5 slli r5, r1, 5 // icount 1000
07d2 aca4 slli r5, r4, 4 // icount 1001
07d4 c400 lbi r4, 0 // icount 1002
07d6 c300 lbi r3, 0 // icount 1003
07d8 0800 nop // to align branch icount 1004
07da 7804 bgez r0, 4 // icount 1005
07dc deb4 add r5, r6, r5 // icount 1006
07de a40b roli r0, r4, 11 // icount 1007
07e0 d0dc rol r7, r0, r6 // icount 1008
07e2 db42 xor r0, r3, r2 // icount 1009
07e4 c100 lbi r1, 0 // icount 1010
07e6 c500 lbi r5, 0 // icount 1011
07e8 0800 nop // to align branch icount 1012
07ea 630c beqz r3, 12 // icount 1013
07ec dbe0 add r0, r3, r7 // icount 1014
07ee d71d sll r7, r7, r0 // icount 1015
07f0 fe88 sco r2, r6, r4 // icount 1016
07f2 e924 slt r1, r1, r1 // icount 1017
07f4 c00c lbi r0, 12 // icount 1018
07f6 4688 addi r4, r6, 8 // icount 1019
07f8 5ec1 andni r6, r6, 1 // icount 1020
07fa 86ea st r7, r6, 10 // icount 1021
07fc 5801 andni r0, r0, 1 // icount 1022
07fe 98ae stu r5, r0, 14 // icount 1023
0800 f06c sle r3, r0, r3 // icount 1024
0802 d299 sll r6, r2, r4 // icount 1025
0804 d653 srl r4, r6, r2 // icount 1026
0806 a92f slli r1, r1, 15 // icount 1027
0808 200e j 14 // icount 1028
080a 0800 nop // icount 1029
080c 0800 nop // icount 1030
080e 0800 nop // icount 1031
0810 0800 nop // icount 1032
0812 0800 nop // icount 1033
0814 0800 nop // icount 1034
0816 0800 nop // icount 1035
0818 200c j 12 // icount 1036
081a 0800 nop // icount 1037
081c 0800 nop // icount 1038
081e 0800 nop // icount 1039
0820 0800 nop // icount 1040
0822 0800 nop // icount 1041
0824 0800 nop // icount 1042
0826 2020 j 32 // icount 1043
0828 0800 nop // icount 1044
082a 0800 nop // icount 1045
082c 0800 nop // icount 1046
082e 0800 nop // icount 1047
0830 0800 nop // icount 1048
0832 0800 nop // icount 1049
0834 0800 nop // icount 1050
0836 0800 nop // icount 1051
0838 0800 nop // icount 1052
083a 0800 nop // icount 1053
083c 0800 nop // icount 1054
083e 0800 nop // icount 1055
0840 0800 nop // icount 1056
0842 0800 nop // icount 1057
0844 0800 nop // icount 1058
0846 0800 nop // icount 1059
0848 2016 j 22 // icount 1060
084a 0800 nop // icount 1061
084c 0800 nop // icount 1062
084e 0800 nop // icount 1063
0850 0800 nop // icount 1064
0852 0800 nop // icount 1065
0854 0800 nop // icount 1066
0856 0800 nop // icount 1067
0858 0800 nop // icount 1068
085a 0800 nop // icount 1069
085c 0800 nop // icount 1070
085e 0800 nop // icount 1071
0860 c500 lbi r5, 0 // icount 1072
0862 c600 lbi r6, 0 // icount 1073
0864 0800 nop // to align branch icount 1074
0866 7810 bgez r0, 16 // icount 1075
0868 5ec1 andni r6, r6, 1 // icount 1076
086a 8e0c ld r0, r6, 12 // icount 1077
086c d94a xor r2, r1, r2 // icount 1078
086e 4740 addi r2, r7, 0 // icount 1079
0870 df2c add r3, r7, r1 // icount 1080
0872 c502 lbi r5, 2 // icount 1081
0874 da86 xor r1, r2, r4 // icount 1082
0876 bf46 srli r2, r7, 6 // icount 1083
0878 5b61 andni r3, r3, 1 // icount 1084
087a 8368 st r3, r3, 8 // icount 1085
087c d9ef andn r3, r1, r7 // icount 1086
087e c20b lbi r2, 11 // icount 1087
0880 bb60 srli r3, r3, 0 // icount 1088
0882 aa00 slli r0, r2, 0 // icount 1089
0884 d2a7 srl r1, r2, r5 // icount 1090
0886 d645 sll r1, r6, r2 // icount 1091
0888 d8eb andn r2, r0, r7 // icount 1092
088a d4c2 ror r0, r4, r6 // icount 1093
088c 200e j 14 // icount 1094
088e 0800 nop // icount 1095
0890 0800 nop // icount 1096
0892 0800 nop // icount 1097
0894 0800 nop // icount 1098
0896 0800 nop // icount 1099
0898 0800 nop // icount 1100
089a 0800 nop // icount 1101
089c 2006 j 6 // icount 1102
089e 0800 nop // icount 1103
08a0 0800 nop // icount 1104
08a2 0800 nop // icount 1105
08a4 c200 lbi r2, 0 // icount 1106
08a6 c200 lbi r2, 0 // icount 1107
08a8 0800 nop // to align branch icount 1108
08aa 7d0c bgez r5, 12 // icount 1109
08ac b1ed rori r7, r1, 13 // icount 1110
08ae 0800 nop // to align meminst icount 1111
08b0 5801 andni r0, r0, 1 // icount 1112
08b2 8886 ld r4, r0, 6 // icount 1113
08b4 d03a ror r6, r0, r1 // icount 1114
08b6 e170 seq r4, r1, r3 // icount 1115
08b8 5ec1 andni r6, r6, 1 // icount 1116
08ba 8e0a ld r0, r6, 10 // icount 1117
08bc baa7 srli r5, r2, 7 // icount 1118
08be 42ad addi r5, r2, 13 // icount 1119
08c0 f6f4 sle r5, r6, r7 // icount 1120
08c2 960b slbi r6, 11 // icount 1121
08c4 4784 addi r4, r7, 4 // icount 1122
08c6 cf04 btr r1, r7 // icount 1123
08c8 d0dc rol r7, r0, r6 // icount 1124
08ca c500 lbi r5, 0 // icount 1125
08cc c100 lbi r1, 0 // icount 1126
08ce 6414 beqz r4, 20 // icount 1127
08d0 abaa slli r5, r3, 10 // icount 1128
08d2 0800 nop // to align meminst icount 1129
08d4 5a41 andni r2, r2, 1 // icount 1130
08d6 8a6e ld r3, r2, 14 // icount 1131
08d8 dab0 add r4, r2, r5 // icount 1132
08da 0800 nop // to align meminst icount 1133
08dc 5801 andni r0, r0, 1 // icount 1134
08de 9846 stu r2, r0, 6 // icount 1135
08e0 d608 rol r2, r6, r0 // icount 1136
08e2 a085 roli r4, r0, 5 // icount 1137
08e4 b325 rori r1, r3, 5 // icount 1138
08e6 c002 lbi r0, 2 // icount 1139
08e8 ea64 slt r1, r2, r3 // icount 1140
08ea 4a4b subi r2, r2, 11 // icount 1141
08ec b167 rori r3, r1, 7 // icount 1142
08ee d7f6 ror r5, r7, r7 // icount 1143
08f0 d724 rol r1, r7, r1 // icount 1144
08f2 ce18 btr r6, r6 // icount 1145
08f4 aa83 slli r4, r2, 3 // icount 1146
08f6 5841 andni r2, r0, 1 // icount 1147
08f8 414c addi r2, r1, 12 // icount 1148
08fa 5200 xori r0, r2, 0 // icount 1149
08fc 5504 xori r0, r5, 4 // icount 1150
08fe 0800 nop // to align meminst icount 1151
0900 5801 andni r0, r0, 1 // icount 1152
0902 8022 st r1, r0, 2 // icount 1153
0904 c200 lbi r2, 0 // icount 1154
0906 c200 lbi r2, 0 // icount 1155
0908 0800 nop // to align branch icount 1156
090a 650c beqz r5, 12 // icount 1157
090c 5ec1 andni r6, r6, 1 // icount 1158
090e 8606 st r0, r6, 6 // icount 1159
0910 0800 nop // to align branch icount 1160
0912 cf1c btr r7, r7 // icount 1161
0914 d613 srl r4, r6, r0 // icount 1162
0916 e478 seq r6, r4, r3 // icount 1163
0918 d889 sub r2, r0, r4 // icount 1164
091a 5249 xori r2, r2, 9 // icount 1165
091c 4483 addi r4, r4, 3 // icount 1166
091e a261 roli r3, r2, 1 // icount 1167
0920 e2c0 seq r0, r2, r6 // icount 1168
0922 d747 srl r1, r7, r2 // icount 1169
0924 d4e6 ror r1, r4, r7 // icount 1170
0926 428d addi r4, r2, 13 // icount 1171
0928 201a j 26 // icount 1172
092a 0800 nop // icount 1173
092c 0800 nop // icount 1174
092e 0800 nop // icount 1175
0930 0800 nop // icount 1176
0932 0800 nop // icount 1177
0934 0800 nop // icount 1178
0936 0800 nop // icount 1179
0938 0800 nop // icount 1180
093a 0800 nop // icount 1181
093c 0800 nop // icount 1182
093e 0800 nop // icount 1183
0940 0800 nop // icount 1184
0942 0800 nop // icount 1185
0944 c100 lbi r1, 0 // icount 1186
0946 c000 lbi r0, 0 // icount 1187
0948 0800 nop // to align branch icount 1188
094a 7800 bgez r0, 0 // icount 1189
094c c300 lbi r3, 0 // icount 1190
094e c300 lbi r3, 0 // icount 1191
0950 0800 nop // to align branch icount 1192
0952 6520 beqz r5, 32 // icount 1193
0954 4f45 subi r2, r7, 5 // icount 1194
0956 db85 sub r1, r3, r4 // icount 1195
0958 0800 nop // to align branch icount 1196
095a c918 btr r6, r1 // icount 1197
095c df34 add r5, r7, r1 // icount 1198
095e e14c seq r3, r1, r2 // icount 1199
0960 4b4d subi r2, r3, 13 // icount 1200
0962 0800 nop // to align meminst icount 1201
0964 5921 andni r1, r1, 1 // icount 1202
0966 89c4 ld r6, r1, 4 // icount 1203
0968 456d addi r3, r5, 13 // icount 1204
096a d3c3 srl r0, r3, r6 // icount 1205
096c f984 sco r1, r1, r4 // icount 1206
096e ad07 slli r0, r5, 7 // icount 1207
0970 5c81 andni r4, r4, 1 // icount 1208
0972 9c22 stu r1, r4, 2 // icount 1209
0974 402b addi r1, r0, 11 // icount 1210
0976 0800 nop // to align meminst icount 1211
0978 5fe1 andni r7, r7, 1 // icount 1212
097a 876a st r3, r7, 10 // icount 1213
097c d8ba xor r6, r0, r5 // icount 1214
097e f5b8 sle r6, r5, r5 // icount 1215
0980 da24 add r1, r2, r1 // icount 1216
0982 de23 andn r0, r6, r1 // icount 1217
0984 bd21 srli r1, r5, 1 // icount 1218
0986 b305 rori r0, r3, 5 // icount 1219
0988 e7cc seq r3, r7, r6 // icount 1220
098a c00f lbi r0, 15 // icount 1221
098c dd43 andn r0, r5, r2 // icount 1222
098e d471 sll r4, r4, r3 // icount 1223
0990 d5bc rol r7, r5, r5 // icount 1224
0992 af2a slli r1, r7, 10 // icount 1225
0994 0800 nop // to align branch icount 1226
0996 cb18 btr r6, r3 // icount 1227
0998 5940 andni r2, r1, 0 // icount 1228
099a bd80 srli r4, r5, 0 // icount 1229
099c c50c lbi r5, 12 // icount 1230
099e d381 sll r0, r3, r4 // icount 1231
09a0 50a2 xori r5, r0, 2 // icount 1232
09a2 200a j 10 // icount 1233
09a4 0800 nop // icount 1234
09a6 0800 nop // icount 1235
09a8 0800 nop // icount 1236
09aa 0800 nop // icount 1237
09ac 0800 nop // icount 1238
09ae c500 lbi r5, 0 // icount 1239
09b0 c100 lbi r1, 0 // icount 1240
09b2 6b00 bnez r3, 0 // icount 1241
09b4 c400 lbi r4, 0 // icount 1242
09b6 c300 lbi r3, 0 // icount 1243
09b8 0800 nop // to align branch icount 1244
09ba 7d10 bgez r5, 16 // icount 1245
09bc b625 rori r1, r6, 5 // icount 1246
09be d3c1 sll r0, r3, r6 // icount 1247
09c0 930b slbi r3, 11 // icount 1248
09c2 a20c roli r0, r2, 12 // icount 1249
09c4 d594 rol r5, r5, r4 // icount 1250
09c6 bca1 srli r5, r4, 1 // icount 1251
09c8 d3b3 srl r4, r3, r5 // icount 1252
09ca dc8e xor r3, r4, r4 // icount 1253
09cc da27 andn r1, r2, r1 // icount 1254
09ce 464b addi r2, r6, 11 // icount 1255
09d0 0800 nop // to align branch icount 1256
09d2 cc1c btr r7, r4 // icount 1257
09d4 4e42 subi r2, r6, 2 // icount 1258
09d6 dd1c add r7, r5, r0 // icount 1259
09d8 f1e4 sle r1, r1, r7 // icount 1260
09da d967 andn r1, r1, r3 // icount 1261
09dc 5b61 andni r3, r3, 1 // icount 1262
09de 8346 st r2, r3, 6 // icount 1263
09e0 2006 j 6 // icount 1264
09e2 0800 nop // icount 1265
09e4 0800 nop // icount 1266
09e6 0800 nop // icount 1267
09e8 2000 j 0 // icount 1268
09ea c200 lbi r2, 0 // icount 1269
09ec c200 lbi r2, 0 // icount 1270
09ee 7918 bgez r1, 24 // icount 1271
09f0 eb58 slt r6, r3, r2 // icount 1272
09f2 a78f roli r4, r7, 15 // icount 1273
09f4 b1ac rori r5, r1, 12 // icount 1274
09f6 0800 nop // to align meminst icount 1275
09f8 5fe1 andni r7, r7, 1 // icount 1276
09fa 8fcc ld r6, r7, 12 // icount 1277
09fc 940e slbi r4, 14 // icount 1278
09fe d93e xor r7, r1, r1 // icount 1279
0a00 d2ba ror r6, r2, r5 // icount 1280
0a02 d645 sll r1, r6, r2 // icount 1281
0a04 9209 slbi r2, 9 // icount 1282
0a06 920f slbi r2, 15 // icount 1283
0a08 b5a6 rori r5, r5, 6 // icount 1284
0a0a 4aa5 subi r5, r2, 5 // icount 1285
0a0c d2af srl r3, r2, r5 // icount 1286
0a0e 5d46 andni r2, r5, 6 // icount 1287
0a10 532b xori r1, r3, 11 // icount 1288
0a12 f94c sco r3, r1, r2 // icount 1289
0a14 db59 sub r6, r3, r2 // icount 1290
0a16 d736 ror r5, r7, r1 // icount 1291
0a18 4f87 subi r4, r7, 7 // icount 1292
0a1a dfae xor r3, r7, r5 // icount 1293
0a1c d559 sll r6, r5, r2 // icount 1294
0a1e b90c srli r0, r1, 12 // icount 1295
0a20 d7a4 rol r1, r7, r5 // icount 1296
0a22 550b xori r0, r5, 11 // icount 1297
0a24 c600 lbi r6, 0 // icount 1298
0a26 c100 lbi r1, 0 // icount 1299
0a28 0800 nop // to align branch icount 1300
0a2a 6508 beqz r5, 8 // icount 1301
0a2c d039 sll r6, r0, r1 // icount 1302
0a2e e158 seq r6, r1, r2 // icount 1303
0a30 db26 xor r1, r3, r1 // icount 1304
0a32 db12 xor r4, r3, r0 // icount 1305
0a34 5a41 andni r2, r2, 1 // icount 1306
0a36 9a46 stu r2, r2, 6 // icount 1307
0a38 e9a8 slt r2, r1, r5 // icount 1308
0a3a f360 sle r0, r3, r3 // icount 1309
0a3c ffd0 sco r4, r7, r6 // icount 1310
0a3e 200c j 12 // icount 1311
0a40 0800 nop // icount 1312
0a42 0800 nop // icount 1313
0a44 0800 nop // icount 1314
0a46 0800 nop // icount 1315
0a48 0800 nop // icount 1316
0a4a 0800 nop // icount 1317
0a4c c600 lbi r6, 0 // icount 1318
0a4e c500 lbi r5, 0 // icount 1319
0a50 0800 nop // to align branch icount 1320
0a52 6e1c bnez r6, 28 // icount 1321
0a54 d336 ror r5, r3, r1 // icount 1322
0a56 faac sco r3, r2, r5 // icount 1323
0a58 d27f srl r7, r2, r3 // icount 1324
0a5a bd08 srli r0, r5, 8 // icount 1325
0a5c d449 sll r2, r4, r2 // icount 1326
0a5e d477 srl r5, r4, r3 // icount 1327
0a60 5ec1 andni r6, r6, 1 // icount 1328
0a62 8e04 ld r0, r6, 4 // icount 1329
0a64 5e4c andni r2, r6, 12 // icount 1330
0a66 0800 nop // to align meminst icount 1331
0a68 5b61 andni r3, r3, 1 // icount 1332
0a6a 9bc0 stu r6, r3, 0 // icount 1333
0a6c bbed srli r7, r3, 13 // icount 1334
0a6e e8cc slt r3, r0, r6 // icount 1335
0a70 f654 sle r5, r6, r2 // icount 1336
0a72 9606 slbi r6, 6 // icount 1337
0a74 920c slbi r2, 12 // icount 1338
0a76 d455 sll r5, r4, r2 // icount 1339
0a78 5b61 andni r3, r3, 1 // icount 1340
0a7a 9b24 stu r1, r3, 4 // icount 1341
0a7c da90 add r4, r2, r4 // icount 1342
0a7e d039 sll r6, r0, r1 // icount 1343
0a80 d8ba xor r6, r0, r5 // icount 1344
0a82 0800 nop // to align meminst icount 1345
0a84 5ec1 andni r6, r6, 1 // icount 1346
0a86 8e02 ld r0, r6, 2 // icount 1347
0a88 d462 ror r0, r4, r3 // icount 1348
0a8a f588 sle r2, r5, r4 // icount 1349
0a8c d08a ror r2, r0, r4 // icount 1350
0a8e f1c4 sle r1, r1, r6 // icount 1351
0a90 5bc6 andni r6, r3, 6 // icount 1352
0a92 4549 addi r2, r5, 9 // icount 1353
0a94 f640 sle r0, r6, r2 // icount 1354
0a96 d2dc rol r7, r2, r6 // icount 1355
0a98 c000 lbi r0, 0 // icount 1356
0a9a c300 lbi r3, 0 // icount 1357
0a9c 0800 nop // to align branch icount 1358
0a9e 740c bltz r4, 12 // icount 1359
0aa0 da35 sub r5, r2, r1 // icount 1360
0aa2 5188 xori r4, r1, 8 // icount 1361
0aa4 a5e7 roli r7, r5, 7 // icount 1362
0aa6 d903 andn r0, r1, r0 // icount 1363
0aa8 e474 seq r5, r4, r3 // icount 1364
0aaa a409 roli r0, r4, 9 // icount 1365
0aac d99d sub r7, r1, r4 // icount 1366
0aae dbad sub r3, r3, r5 // icount 1367
0ab0 d7e3 srl r0, r7, r7 // icount 1368
0ab2 abcb slli r6, r3, 11 // icount 1369
0ab4 d2fc rol r7, r2, r7 // icount 1370
0ab6 5aa6 andni r5, r2, 6 // icount 1371
0ab8 2008 j 8 // icount 1372
0aba 0800 nop // icount 1373
0abc 0800 nop // icount 1374
0abe 0800 nop // icount 1375
0ac0 0800 nop // icount 1376
0ac2 0000 halt // icount 1377
