SIMLOG:: Cycle           4 PC: 00000000 I: 00000800 R: 0   0 00000000 M: 0 0 00000000 00000000
SIMLOG:: Cycle           5 PC: 00000000 I: 00000800 R: 0   0 00000000 M: 0 0 00000000 00000000
SIMLOG:: Cycle           6 PC: 00000000 I: 00000800 R: 0   0 00000000 M: 0 0 00000000 00000000
SIMLOG:: Cycle           7 PC: 00000000 I: 00000800 R: 0   0 00000000 M: 0 0 00000000 00000000
SIMLOG:: Cycle           8 PC: 00000000 I: 00000800 R: 0   0 00000000 M: 0 0 00000000 00000000
SIMLOG:: Cycle           9 PC: 00000000 I: 00000800 R: 0   0 00000000 M: 0 0 00000000 00000000
SIMLOG:: Cycle          10 PC: 00000000 I: 00000800 R: 0   0 00000000 M: 0 0 00000000 00000000
SIMLOG:: Cycle          11 PC: 00000000 I: 00000800 R: 0   0 00000000 M: 0 0 00000000 00000000
SIMLOG:: Cycle          12 PC: 00000000 I: 0000c07f R: 0   0 00000000 M: 0 0 00000000 00000000
SIMLOG:: Cycle          13 PC: 00000002 I: 00000800 R: 0   0 00000000 M: 0 0 00000000 00000000
SIMLOG:: Cycle          14 PC: 00000002 I: 0000c07f R: 0   0 00000000 M: 0 0 00000000 00000000
SIMLOG:: Cycle          15 PC: 00000004 I: 00000800 R: 0   0 00000000 M: 0 0 0000007f 00000000
SIMLOG:: Cycle          16 PC: 00000004 I: 0000c07f R: 1   0 0000007f M: 0 0 00000000 00000000
SIMLOG:: Cycle          17 PC: 00000006 I: 00000800 R: 0   0 00000000 M: 0 0 0000007f 00000000
SIMLOG:: Cycle          18 PC: 00000006 I: 0000c07f R: 1   0 0000007f M: 0 0 0000803f 0000007f
SIMLOG:: Cycle          19 PC: 00000008 I: 00000800 R: 0   0 0000803f M: 0 0 0000007f 00000000
SIMLOG:: Cycle          20 PC: 00000008 I: 00000800 R: 1   0 0000007f M: 0 0 0000803f 0000007f
SIMLOG:: Cycle          21 PC: 00000008 I: 00000800 R: 0   0 0000803f M: 0 0 0000007f 00000000
SIMLOG:: Cycle          22 PC: 00000008 I: 00000800 R: 1   0 0000007f M: 0 0 0000803f 0000007f
SIMLOG:: Cycle          23 PC: 00000008 I: 00000800 R: 0   0 0000803f M: 0 0 0000803f 0000007f
SIMLOG:: Cycle          24 PC: 00000008 I: 00000800 R: 0   0 0000803f M: 0 0 0000803f 0000007f
SIMLOG:: Cycle          25 PC: 00000008 I: 00000800 R: 0   0 0000803f M: 0 0 0000803f 0000007f
SIMLOG:: Cycle          26 PC: 00000008 I: 0000c0ff R: 0   0 0000803f M: 0 0 0000803f 0000007f
SIMLOG:: Cycle          27 PC: 0000000a I: 00000800 R: 0   0 0000803f M: 0 0 0000803f 0000007f
SIMLOG:: Cycle          28 PC: 0000000a I: 0000c0ff R: 0   0 0000803f M: 0 0 0000803f 0000007f
SIMLOG:: Cycle          29 PC: 0000000c I: 00000800 R: 0   0 0000803f M: 0 0 0000ffff 00000000
SIMLOG:: Cycle          30 PC: 0000000c I: 0000c0ff R: 1   0 0000ffff M: 0 0 0000803f 0000007f
SIMLOG:: Cycle          31 PC: 0000000e I: 00000800 R: 0   0 0000803f M: 0 0 0000ffff 00000000
SIMLOG:: Cycle          32 PC: 0000000e I: 0000c0ff R: 1   0 0000ffff M: 0 0 0000ffff 0000ffff
SIMLOG:: Cycle          33 PC: 00000010 I: 00000800 R: 0   0 0000ffff M: 0 0 0000ffff 00000000
SIMLOG:: Cycle          34 PC: 00000010 I: 00000800 R: 1   0 0000ffff M: 0 0 0000ffff 0000ffff
SIMLOG:: Cycle          35 PC: 00000010 I: 00000800 R: 0   0 0000ffff M: 0 0 0000ffff 00000000
SIMLOG:: Cycle          36 PC: 00000010 I: 00000800 R: 1   0 0000ffff M: 0 0 0000ffff 0000ffff
SIMLOG:: Cycle          37 PC: 00000010 I: 00000800 R: 0   0 0000ffff M: 0 0 0000ffff 0000ffff
SIMLOG:: Cycle          38 PC: 00000010 I: 00000800 R: 0   0 0000ffff M: 0 0 0000ffff 0000ffff
SIMLOG:: Cycle          39 PC: 00000010 I: 00000800 R: 0   0 0000ffff M: 0 0 0000ffff 0000ffff
SIMLOG:: Cycle          40 PC: 00000010 I: 00000000 R: 0   0 0000ffff M: 0 0 0000ffff 0000ffff
SIMLOG:: Cycle          41 PC: 00000012 I: 00000800 R: 0   0 0000ffff M: 0 0 0000ffff 0000ffff
SIMLOG:: Cycle          42 PC: 00000012 I: 00000000 R: 0   0 0000ffff M: 0 0 0000ffff 0000ffff
SIMLOG:: Cycle          43 PC: 00000014 I: 00000800 R: 0   0 0000ffff M: 0 0 0000ffff 0000ffff
SIMLOG:: Cycle          44 PC: 00000014 I: 00000000 R: 0   0 00000000 M: 0 0 0000ffff 0000ffff
SIMLOG:: Processor halted

SIMLOG:: sim_cycles          44

SIMLOG:: inst_count           9

SIMLOG:: dcachehit_count           0

SIMLOG:: icachehit_count           8

SIMLOG:: dcachereq_count           0

SIMLOG:: icachereq_count           0

